<?xml version="1.0" encoding="UTF-8"?>
<testsuite xmlns:xsi="http://www.w3.org/2001/XMLSchema-instance" xsi:noNamespaceSchemaLocation="https://maven.apache.org/surefire/maven-surefire-plugin/xsd/surefire-test-report.xsd" name="TestSuite" time="19.561" tests="28" errors="0" skipped="0" failures="1">
  <properties>
    <property name="sun.desktop" value="windows"/>
    <property name="awt.toolkit" value="sun.awt.windows.WToolkit"/>
    <property name="file.encoding.pkg" value="sun.io"/>
    <property name="java.specification.version" value="1.8"/>
    <property name="sun.cpu.isalist" value="amd64"/>
    <property name="sun.jnu.encoding" value="GBK"/>
    <property name="java.class.path" value="C:\Users\ASUS\IdeaProjects\daineTest\autotest\target\test-classes;C:\Users\ASUS\IdeaProjects\daineTest\autotest\target\classes;C:\Users\ASUS\.m2\repository\org\apache\httpcomponents\httpclient\4.1.2\httpclient-4.1.2.jar;C:\Users\ASUS\.m2\repository\org\apache\httpcomponents\httpcore\4.1.2\httpcore-4.1.2.jar;C:\Users\ASUS\.m2\repository\commons-codec\commons-codec\1.4\commons-codec-1.4.jar;C:\Users\ASUS\.m2\repository\com\alibaba\fastjson\1.2.46\fastjson-1.2.46.jar;C:\Users\ASUS\.m2\repository\org\testng\testng\6.10\testng-6.10.jar;C:\Users\ASUS\.m2\repository\com\beust\jcommander\1.48\jcommander-1.48.jar;C:\Users\ASUS\.m2\repository\org\json\json\20170516\json-20170516.jar;C:\Users\ASUS\.m2\repository\org\mybatis\mybatis\3.4.4\mybatis-3.4.4.jar;C:\Users\ASUS\.m2\repository\org\apache\logging\log4j\log4j-slf4j-impl\2.11.0\log4j-slf4j-impl-2.11.0.jar;C:\Users\ASUS\.m2\repository\org\slf4j\slf4j-api\1.8.0-alpha2\slf4j-api-1.8.0-alpha2.jar;C:\Users\ASUS\.m2\repository\org\apache\logging\log4j\log4j-api\2.11.0\log4j-api-2.11.0.jar;C:\Users\ASUS\.m2\repository\org\apache\logging\log4j\log4j-core\2.11.0\log4j-core-2.11.0.jar;C:\Users\ASUS\.m2\repository\org\springframework\spring-context\5.2.1.RELEASE\spring-context-5.2.1.RELEASE.jar;C:\Users\ASUS\.m2\repository\org\springframework\spring-aop\5.2.1.RELEASE\spring-aop-5.2.1.RELEASE.jar;C:\Users\ASUS\.m2\repository\org\springframework\spring-beans\5.2.1.RELEASE\spring-beans-5.2.1.RELEASE.jar;C:\Users\ASUS\.m2\repository\org\springframework\spring-core\5.2.1.RELEASE\spring-core-5.2.1.RELEASE.jar;C:\Users\ASUS\.m2\repository\org\springframework\spring-jcl\5.2.1.RELEASE\spring-jcl-5.2.1.RELEASE.jar;C:\Users\ASUS\.m2\repository\org\springframework\spring-expression\5.2.1.RELEASE\spring-expression-5.2.1.RELEASE.jar;C:\Users\ASUS\.m2\repository\mysql\mysql-connector-java\5.1.6\mysql-connector-java-5.1.6.jar;C:\Users\ASUS\.m2\repository\org\projectlombok\lombok\1.16.14\lombok-1.16.14.jar;C:\Users\ASUS\.m2\repository\net\sourceforge\jexcelapi\jxl\2.6.12\jxl-2.6.12.jar;C:\Users\ASUS\.m2\repository\log4j\log4j\1.2.14\log4j-1.2.14.jar;C:\Users\ASUS\.m2\repository\com\squareup\retrofit2\retrofit\2.2.0\retrofit-2.2.0.jar;C:\Users\ASUS\.m2\repository\com\squareup\retrofit2\converter-gson\2.3.0\converter-gson-2.3.0.jar;C:\Users\ASUS\.m2\repository\com\google\code\gson\gson\2.7\gson-2.7.jar;C:\Users\ASUS\.m2\repository\com\squareup\okhttp3\okhttp\3.9.1\okhttp-3.9.1.jar;C:\Users\ASUS\.m2\repository\com\squareup\okio\okio\1.13.0\okio-1.13.0.jar;C:\Users\ASUS\.m2\repository\org\apache\jmeter\ApacheJMeter_core\3.2\ApacheJMeter_core-3.2.jar;C:\Users\ASUS\.m2\repository\org\apache\jmeter\jorphan\3.2\jorphan-3.2.jar;C:\Users\ASUS\.m2\repository\org\ow2\asm\asm\5.2\asm-5.2.jar;C:\Users\ASUS\.m2\repository\net\minidev\accessors-smart\1.2\accessors-smart-1.2.jar;C:\Users\ASUS\.m2\repository\bsf\bsf\2.4.0\bsf-2.4.0.jar;C:\Users\ASUS\.m2\repository\org\beanshell\bsh\2.0b5\bsh-2.0b5.jar;C:\Users\ASUS\.m2\repository\org\bouncycastle\bcmail-jdk15on\1.49\bcmail-jdk15on-1.49.jar;C:\Users\ASUS\.m2\repository\org\bouncycastle\bcprov-jdk15on\1.49\bcprov-jdk15on-1.49.jar;C:\Users\ASUS\.m2\repository\org\bouncycastle\bcpkix-jdk15on\1.49\bcpkix-jdk15on-1.49.jar;C:\Users\ASUS\.m2\repository\com\github\ben-manes\caffeine\caffeine\2.4.0\caffeine-2.4.0.jar;C:\Users\ASUS\.m2\repository\commons-collections\commons-collections\3.2.2\commons-collections-3.2.2.jar;C:\Users\ASUS\.m2\repository\org\apache\commons\commons-dbcp2\2.1.1\commons-dbcp2-2.1.1.jar;C:\Users\ASUS\.m2\repository\commons-io\commons-io\2.5\commons-io-2.5.jar;C:\Users\ASUS\.m2\repository\org\apache\commons\commons-jexl\2.1.1\commons-jexl-2.1.1.jar;C:\Users\ASUS\.m2\repository\org\apache\commons\commons-jexl3\3.0\commons-jexl3-3.0.jar;C:\Users\ASUS\.m2\repository\org\apache\commons\commons-lang3\3.5\commons-lang3-3.5.jar;C:\Users\ASUS\.m2\repository\org\apache\commons\commons-math3\3.6.1\commons-math3-3.6.1.jar;C:\Users\ASUS\.m2\repository\commons-net\commons-net\3.6\commons-net-3.6.jar;C:\Users\ASUS\.m2\repository\org\apache\commons\commons-pool2\2.4.2\commons-pool2-2.4.2.jar;C:\Users\ASUS\.m2\repository\dnsjava\dnsjava\2.1.8\dnsjava-2.1.8.jar;C:\Users\ASUS\.m2\repository\org\codehaus\groovy\groovy-all\2.4.10\groovy-all-2.4.10.jar;C:\Users\ASUS\.m2\repository\org\apache\httpcomponents\httpasyncclient\4.1.3\httpasyncclient-4.1.3.jar;C:\Users\ASUS\.m2\repository\org\apache\httpcomponents\httpmime\4.5.3\httpmime-4.5.3.jar;C:\Users\ASUS\.m2\repository\org\apache\httpcomponents\httpcore-nio\4.4.6\httpcore-nio-4.4.6.jar;C:\Users\ASUS\.m2\repository\oro\oro\2.0.8\oro-2.0.8.jar;C:\Users\ASUS\.m2\repository\jcharts\jcharts\0.7.5\jcharts-0.7.5.jar;C:\Users\ASUS\.m2\repository\org\mozilla\rhino\1.7.7.1\rhino-1.7.7.1.jar;C:\Users\ASUS\.m2\repository\junit\junit\4.12\junit-4.12.jar;C:\Users\ASUS\.m2\repository\net\sf\jtidy\jtidy\r938\jtidy-r938.jar;C:\Users\ASUS\.m2\repository\org\apache\tika\tika-core\1.14\tika-core-1.14.jar;C:\Users\ASUS\.m2\repository\org\apache\tika\tika-parsers\1.14\tika-parsers-1.14.jar;C:\Users\ASUS\.m2\repository\org\gagravarr\vorbis-java-tika\0.8\vorbis-java-tika-0.8.jar;C:\Users\ASUS\.m2\repository\com\healthmarketscience\jackcess\jackcess\2.1.4\jackcess-2.1.4.jar;C:\Users\ASUS\.m2\repository\commons-lang\commons-lang\2.6\commons-lang-2.6.jar;C:\Users\ASUS\.m2\repository\com\healthmarketscience\jackcess\jackcess-encrypt\2.1.1\jackcess-encrypt-2.1.1.jar;C:\Users\ASUS\.m2\repository\org\tallison\jmatio\1.2\jmatio-1.2.jar;C:\Users\ASUS\.m2\repository\org\apache\james\apache-mime4j-core\0.7.2\apache-mime4j-core-0.7.2.jar;C:\Users\ASUS\.m2\repository\org\apache\james\apache-mime4j-dom\0.7.2\apache-mime4j-dom-0.7.2.jar;C:\Users\ASUS\.m2\repository\org\apache\commons\commons-compress\1.12\commons-compress-1.12.jar;C:\Users\ASUS\.m2\repository\org\tukaani\xz\1.5\xz-1.5.jar;C:\Users\ASUS\.m2\repository\org\apache\pdfbox\pdfbox\2.0.3\pdfbox-2.0.3.jar;C:\Users\ASUS\.m2\repository\org\apache\pdfbox\fontbox\2.0.3\fontbox-2.0.3.jar;C:\Users\ASUS\.m2\repository\org\apache\pdfbox\pdfbox-tools\2.0.3\pdfbox-tools-2.0.3.jar;C:\Users\ASUS\.m2\repository\org\apache\pdfbox\pdfbox-debugger\2.0.3\pdfbox-debugger-2.0.3.jar;C:\Users\ASUS\.m2\repository\org\apache\pdfbox\jempbox\1.8.12\jempbox-1.8.12.jar;C:\Users\ASUS\.m2\repository\org\apache\poi\poi\3.15\poi-3.15.jar;C:\Users\ASUS\.m2\repository\org\apache\commons\commons-collections4\4.1\commons-collections4-4.1.jar;C:\Users\ASUS\.m2\repository\org\apache\poi\poi-scratchpad\3.15\poi-scratchpad-3.15.jar;C:\Users\ASUS\.m2\repository\org\apache\poi\poi-ooxml\3.15\poi-ooxml-3.15.jar;C:\Users\ASUS\.m2\repository\org\apache\poi\poi-ooxml-schemas\3.15\poi-ooxml-schemas-3.15.jar;C:\Users\ASUS\.m2\repository\org\apache\xmlbeans\xmlbeans\2.6.0\xmlbeans-2.6.0.jar;C:\Users\ASUS\.m2\repository\com\github\virtuald\curvesapi\1.04\curvesapi-1.04.jar;C:\Users\ASUS\.m2\repository\org\ccil\cowan\tagsoup\tagsoup\1.2.1\tagsoup-1.2.1.jar;C:\Users\ASUS\.m2\repository\com\googlecode\mp4parser\isoparser\1.1.18\isoparser-1.1.18.jar;C:\Users\ASUS\.m2\repository\com\drewnoakes\metadata-extractor\2.9.1\metadata-extractor-2.9.1.jar;C:\Users\ASUS\.m2\repository\com\adobe\xmp\xmpcore\5.1.2\xmpcore-5.1.2.jar;C:\Users\ASUS\.m2\repository\de\l3s\boilerpipe\boilerpipe\1.1.0\boilerpipe-1.1.0.jar;C:\Users\ASUS\.m2\repository\com\rometools\rome\1.5.1\rome-1.5.1.jar;C:\Users\ASUS\.m2\repository\com\rometools\rome-utils\1.5.1\rome-utils-1.5.1.jar;C:\Users\ASUS\.m2\repository\org\gagravarr\vorbis-java-core\0.8\vorbis-java-core-0.8.jar;C:\Users\ASUS\.m2\repository\com\googlecode\juniversalchardet\juniversalchardet\1.0.3\juniversalchardet-1.0.3.jar;C:\Users\ASUS\.m2\repository\org\codelibs\jhighlight\1.0.2\jhighlight-1.0.2.jar;C:\Users\ASUS\.m2\repository\com\pff\java-libpst\0.8.1\java-libpst-0.8.1.jar;C:\Users\ASUS\.m2\repository\com\github\junrar\junrar\0.7\junrar-0.7.jar;C:\Users\ASUS\.m2\repository\commons-logging\commons-logging-api\1.1\commons-logging-api-1.1.jar;C:\Users\ASUS\.m2\repository\org\apache\commons\commons-vfs2\2.0\commons-vfs2-2.0.jar;C:\Users\ASUS\.m2\repository\org\apache\maven\scm\maven-scm-api\1.4\maven-scm-api-1.4.jar;C:\Users\ASUS\.m2\repository\org\codehaus\plexus\plexus-utils\1.5.6\plexus-utils-1.5.6.jar;C:\Users\ASUS\.m2\repository\org\apache\maven\scm\maven-scm-provider-svnexe\1.4\maven-scm-provider-svnexe-1.4.jar;C:\Users\ASUS\.m2\repository\org\apache\maven\scm\maven-scm-provider-svn-commons\1.4\maven-scm-provider-svn-commons-1.4.jar;C:\Users\ASUS\.m2\repository\regexp\regexp\1.3\regexp-1.3.jar;C:\Users\ASUS\.m2\repository\org\apache\cxf\cxf-rt-rs-client\3.0.3\cxf-rt-rs-client-3.0.3.jar;C:\Users\ASUS\.m2\repository\org\apache\cxf\cxf-rt-transports-http\3.0.3\cxf-rt-transports-http-3.0.3.jar;C:\Users\ASUS\.m2\repository\org\apache\cxf\cxf-core\3.0.3\cxf-core-3.0.3.jar;C:\Users\ASUS\.m2\repository\org\codehaus\woodstox\woodstox-core-asl\4.4.1\woodstox-core-asl-4.4.1.jar;C:\Users\ASUS\.m2\repository\org\codehaus\woodstox\stax2-api\3.1.4\stax2-api-3.1.4.jar;C:\Users\ASUS\.m2\repository\org\apache\ws\xmlschema\xmlschema-core\2.1.0\xmlschema-core-2.1.0.jar;C:\Users\ASUS\.m2\repository\org\apache\cxf\cxf-rt-frontend-jaxrs\3.0.3\cxf-rt-frontend-jaxrs-3.0.3.jar;C:\Users\ASUS\.m2\repository\javax\ws\rs\javax.ws.rs-api\2.0.1\javax.ws.rs-api-2.0.1.jar;C:\Users\ASUS\.m2\repository\javax\annotation\javax.annotation-api\1.2\javax.annotation-api-1.2.jar;C:\Users\ASUS\.m2\repository\org\apache\commons\commons-exec\1.3\commons-exec-1.3.jar;C:\Users\ASUS\.m2\repository\org\apache\opennlp\opennlp-tools\1.5.3\opennlp-tools-1.5.3.jar;C:\Users\ASUS\.m2\repository\org\apache\opennlp\opennlp-maxent\3.0.3\opennlp-maxent-3.0.3.jar;C:\Users\ASUS\.m2\repository\net\sf\jwordnet\jwnl\1.3.3\jwnl-1.3.3.jar;C:\Users\ASUS\.m2\repository\com\googlecode\json-simple\json-simple\1.1.1\json-simple-1.1.1.jar;C:\Users\ASUS\.m2\repository\edu\ucar\netcdf4\4.5.5\netcdf4-4.5.5.jar;C:\Users\ASUS\.m2\repository\net\jcip\jcip-annotations\1.0\jcip-annotations-1.0.jar;C:\Users\ASUS\.m2\repository\net\java\dev\jna\jna\4.1.0\jna-4.1.0.jar;C:\Users\ASUS\.m2\repository\edu\ucar\grib\4.5.5\grib-4.5.5.jar;C:\Users\ASUS\.m2\repository\com\google\protobuf\protobuf-java\2.5.0\protobuf-java-2.5.0.jar;C:\Users\ASUS\.m2\repository\org\jdom\jdom2\2.0.4\jdom2-2.0.4.jar;C:\Users\ASUS\.m2\repository\edu\ucar\jj2000\5.2\jj2000-5.2.jar;C:\Users\ASUS\.m2\repository\org\itadaki\bzip2\0.9.1\bzip2-0.9.1.jar;C:\Users\ASUS\.m2\repository\edu\ucar\cdm\4.5.5\cdm-4.5.5.jar;C:\Users\ASUS\.m2\repository\edu\ucar\udunits\4.5.5\udunits-4.5.5.jar;C:\Users\ASUS\.m2\repository\joda-time\joda-time\2.2\joda-time-2.2.jar;C:\Users\ASUS\.m2\repository\org\quartz-scheduler\quartz\2.2.0\quartz-2.2.0.jar;C:\Users\ASUS\.m2\repository\c3p0\c3p0\0.9.1.1\c3p0-0.9.1.1.jar;C:\Users\ASUS\.m2\repository\net\sf\ehcache\ehcache-core\2.6.2\ehcache-core-2.6.2.jar;C:\Users\ASUS\.m2\repository\edu\ucar\httpservices\4.5.5\httpservices-4.5.5.jar;C:\Users\ASUS\.m2\repository\org\apache\commons\commons-csv\1.0\commons-csv-1.0.jar;C:\Users\ASUS\.m2\repository\org\apache\sis\core\sis-utility\0.6\sis-utility-0.6.jar;C:\Users\ASUS\.m2\repository\org\apache\sis\storage\sis-netcdf\0.6\sis-netcdf-0.6.jar;C:\Users\ASUS\.m2\repository\org\apache\sis\storage\sis-storage\0.6\sis-storage-0.6.jar;C:\Users\ASUS\.m2\repository\org\apache\sis\core\sis-referencing\0.6\sis-referencing-0.6.jar;C:\Users\ASUS\.m2\repository\org\apache\sis\core\sis-metadata\0.6\sis-metadata-0.6.jar;C:\Users\ASUS\.m2\repository\org\opengis\geoapi\3.0.0\geoapi-3.0.0.jar;C:\Users\ASUS\.m2\repository\javax\measure\jsr-275\0.9.3\jsr-275-0.9.3.jar;C:\Users\ASUS\.m2\repository\com\fasterxml\jackson\core\jackson-core\2.8.1\jackson-core-2.8.1.jar;C:\Users\ASUS\.m2\repository\com\thoughtworks\xstream\xstream\1.4.9\xstream-1.4.9.jar;C:\Users\ASUS\.m2\repository\xmlpull\xmlpull\1.1.3.1\xmlpull-1.1.3.1.jar;C:\Users\ASUS\.m2\repository\xpp3\xpp3_min\1.1.4c\xpp3_min-1.1.4c.jar;C:\Users\ASUS\.m2\repository\xalan\xalan\2.7.2\xalan-2.7.2.jar;C:\Users\ASUS\.m2\repository\xalan\serializer\2.7.2\serializer-2.7.2.jar;C:\Users\ASUS\.m2\repository\xerces\xercesImpl\2.11.0\xercesImpl-2.11.0.jar;C:\Users\ASUS\.m2\repository\xml-apis\xml-apis\1.4.01\xml-apis-1.4.01.jar;C:\Users\ASUS\.m2\repository\org\apache\xmlgraphics\xmlgraphics-commons\2.1\xmlgraphics-commons-2.1.jar;C:\Users\ASUS\.m2\repository\javax\mail\mail\1.5.0-b01\mail-1.5.0-b01.jar;C:\Users\ASUS\.m2\repository\javax\activation\activation\1.1\activation-1.1.jar;C:\Users\ASUS\.m2\repository\org\apache\geronimo\specs\geronimo-jms_1.1_spec\1.1.1\geronimo-jms_1.1_spec-1.1.1.jar;C:\Users\ASUS\.m2\repository\com\jayway\jsonpath\json-path\2.2.0\json-path-2.2.0.jar;C:\Users\ASUS\.m2\repository\net\minidev\json-smart\2.3\json-smart-2.3.jar;C:\Users\ASUS\.m2\repository\org\jsoup\jsoup\1.10.2\jsoup-1.10.2.jar;C:\Users\ASUS\.m2\repository\org\jodd\jodd-core\3.8.1\jodd-core-3.8.1.jar;C:\Users\ASUS\.m2\repository\org\jodd\jodd-lagarto\3.8.1\jodd-lagarto-3.8.1.jar;C:\Users\ASUS\.m2\repository\org\jodd\jodd-log\3.8.1\jodd-log-3.8.1.jar;C:\Users\ASUS\.m2\repository\org\jodd\jodd-props\3.8.1\jodd-props-3.8.1.jar;C:\Users\ASUS\.m2\repository\org\mongodb\mongo-java-driver\2.11.3\mongo-java-driver-2.11.3.jar;C:\Users\ASUS\.m2\repository\com\helger\ph-css\5.0.3\ph-css-5.0.3.jar;C:\Users\ASUS\.m2\repository\com\helger\ph-commons\8.6.0\ph-commons-8.6.0.jar;C:\Users\ASUS\.m2\repository\com\google\code\findbugs\jsr305\3.0.1\jsr305-3.0.1.jar;C:\Users\ASUS\.m2\repository\com\fifesoft\rsyntaxtextarea\2.6.1\rsyntaxtextarea-2.6.1.jar;C:\Users\ASUS\.m2\repository\org\slf4j\slf4j-ext\1.7.25\slf4j-ext-1.7.25.jar;C:\Users\ASUS\.m2\repository\org\slf4j\jcl-over-slf4j\1.7.25\jcl-over-slf4j-1.7.25.jar;C:\Users\ASUS\.m2\repository\org\apache\logging\log4j\log4j-1.2-api\2.8.1\log4j-1.2-api-2.8.1.jar;C:\Users\ASUS\.m2\repository\org\freemarker\freemarker\2.3.23\freemarker-2.3.23.jar;C:\Users\ASUS\.m2\repository\org\hamcrest\hamcrest-core\1.3\hamcrest-core-1.3.jar;C:\Users\ASUS\.m2\repository\com\relevantcodes\extentreports\2.41.1\extentreports-2.41.1.jar;C:\Users\ASUS\.m2\repository\org\xerial\sqlite-jdbc\3.8.11.1\sqlite-jdbc-3.8.11.1.jar;C:\Users\ASUS\.m2\repository\org\mongodb\mongodb-driver\3.0.4\mongodb-driver-3.0.4.jar;C:\Users\ASUS\.m2\repository\org\mongodb\bson\3.0.4\bson-3.0.4.jar;C:\Users\ASUS\.m2\repository\org\mongodb\mongodb-driver-core\3.0.4\mongodb-driver-core-3.0.4.jar;C:\Users\ASUS\.m2\repository\com\vimalselvam\testng-extentsreport\1.3.1\testng-extentsreport-1.3.1.jar;C:\Users\ASUS\.m2\repository\com\google\guava\guava\20.0\guava-20.0.jar;C:\Users\ASUS\.m2\repository\com\aventstack\extentreports\3.0.6\extentreports-3.0.6.jar;C:\Users\ASUS\.m2\repository\commons-logging\commons-logging\1.2\commons-logging-1.2.jar;"/>
    <property name="java.vm.vendor" value="Oracle Corporation"/>
    <property name="sun.arch.data.model" value="64"/>
    <property name="user.variant" value=""/>
    <property name="java.vendor.url" value="http://java.oracle.com/"/>
    <property name="user.timezone" value="Asia/Shanghai"/>
    <property name="java.vm.specification.version" value="1.8"/>
    <property name="os.name" value="Windows 10"/>
    <property name="user.country" value="CN"/>
    <property name="sun.java.launcher" value="SUN_STANDARD"/>
    <property name="sun.boot.library.path" value="C:\Program Files\Java\jdk1.8.0_202\jre\bin"/>
    <property name="sun.java.command" value="C:\Users\ASUS\AppData\Local\Temp\surefire8519776740666211547\surefirebooter9030081907141015098.jar C:\Users\ASUS\AppData\Local\Temp\surefire8519776740666211547 2020-01-02T10-20-21_344-jvmRun1 surefire8177298626120551011tmp surefire_07829322110284599246tmp"/>
    <property name="surefire.test.class.path" value="C:\Users\ASUS\IdeaProjects\daineTest\autotest\target\test-classes;C:\Users\ASUS\IdeaProjects\daineTest\autotest\target\classes;C:\Users\ASUS\.m2\repository\org\apache\httpcomponents\httpclient\4.1.2\httpclient-4.1.2.jar;C:\Users\ASUS\.m2\repository\org\apache\httpcomponents\httpcore\4.1.2\httpcore-4.1.2.jar;C:\Users\ASUS\.m2\repository\commons-codec\commons-codec\1.4\commons-codec-1.4.jar;C:\Users\ASUS\.m2\repository\com\alibaba\fastjson\1.2.46\fastjson-1.2.46.jar;C:\Users\ASUS\.m2\repository\org\testng\testng\6.10\testng-6.10.jar;C:\Users\ASUS\.m2\repository\com\beust\jcommander\1.48\jcommander-1.48.jar;C:\Users\ASUS\.m2\repository\org\json\json\20170516\json-20170516.jar;C:\Users\ASUS\.m2\repository\org\mybatis\mybatis\3.4.4\mybatis-3.4.4.jar;C:\Users\ASUS\.m2\repository\org\apache\logging\log4j\log4j-slf4j-impl\2.11.0\log4j-slf4j-impl-2.11.0.jar;C:\Users\ASUS\.m2\repository\org\slf4j\slf4j-api\1.8.0-alpha2\slf4j-api-1.8.0-alpha2.jar;C:\Users\ASUS\.m2\repository\org\apache\logging\log4j\log4j-api\2.11.0\log4j-api-2.11.0.jar;C:\Users\ASUS\.m2\repository\org\apache\logging\log4j\log4j-core\2.11.0\log4j-core-2.11.0.jar;C:\Users\ASUS\.m2\repository\org\springframework\spring-context\5.2.1.RELEASE\spring-context-5.2.1.RELEASE.jar;C:\Users\ASUS\.m2\repository\org\springframework\spring-aop\5.2.1.RELEASE\spring-aop-5.2.1.RELEASE.jar;C:\Users\ASUS\.m2\repository\org\springframework\spring-beans\5.2.1.RELEASE\spring-beans-5.2.1.RELEASE.jar;C:\Users\ASUS\.m2\repository\org\springframework\spring-core\5.2.1.RELEASE\spring-core-5.2.1.RELEASE.jar;C:\Users\ASUS\.m2\repository\org\springframework\spring-jcl\5.2.1.RELEASE\spring-jcl-5.2.1.RELEASE.jar;C:\Users\ASUS\.m2\repository\org\springframework\spring-expression\5.2.1.RELEASE\spring-expression-5.2.1.RELEASE.jar;C:\Users\ASUS\.m2\repository\mysql\mysql-connector-java\5.1.6\mysql-connector-java-5.1.6.jar;C:\Users\ASUS\.m2\repository\org\projectlombok\lombok\1.16.14\lombok-1.16.14.jar;C:\Users\ASUS\.m2\repository\net\sourceforge\jexcelapi\jxl\2.6.12\jxl-2.6.12.jar;C:\Users\ASUS\.m2\repository\log4j\log4j\1.2.14\log4j-1.2.14.jar;C:\Users\ASUS\.m2\repository\com\squareup\retrofit2\retrofit\2.2.0\retrofit-2.2.0.jar;C:\Users\ASUS\.m2\repository\com\squareup\retrofit2\converter-gson\2.3.0\converter-gson-2.3.0.jar;C:\Users\ASUS\.m2\repository\com\google\code\gson\gson\2.7\gson-2.7.jar;C:\Users\ASUS\.m2\repository\com\squareup\okhttp3\okhttp\3.9.1\okhttp-3.9.1.jar;C:\Users\ASUS\.m2\repository\com\squareup\okio\okio\1.13.0\okio-1.13.0.jar;C:\Users\ASUS\.m2\repository\org\apache\jmeter\ApacheJMeter_core\3.2\ApacheJMeter_core-3.2.jar;C:\Users\ASUS\.m2\repository\org\apache\jmeter\jorphan\3.2\jorphan-3.2.jar;C:\Users\ASUS\.m2\repository\org\ow2\asm\asm\5.2\asm-5.2.jar;C:\Users\ASUS\.m2\repository\net\minidev\accessors-smart\1.2\accessors-smart-1.2.jar;C:\Users\ASUS\.m2\repository\bsf\bsf\2.4.0\bsf-2.4.0.jar;C:\Users\ASUS\.m2\repository\org\beanshell\bsh\2.0b5\bsh-2.0b5.jar;C:\Users\ASUS\.m2\repository\org\bouncycastle\bcmail-jdk15on\1.49\bcmail-jdk15on-1.49.jar;C:\Users\ASUS\.m2\repository\org\bouncycastle\bcprov-jdk15on\1.49\bcprov-jdk15on-1.49.jar;C:\Users\ASUS\.m2\repository\org\bouncycastle\bcpkix-jdk15on\1.49\bcpkix-jdk15on-1.49.jar;C:\Users\ASUS\.m2\repository\com\github\ben-manes\caffeine\caffeine\2.4.0\caffeine-2.4.0.jar;C:\Users\ASUS\.m2\repository\commons-collections\commons-collections\3.2.2\commons-collections-3.2.2.jar;C:\Users\ASUS\.m2\repository\org\apache\commons\commons-dbcp2\2.1.1\commons-dbcp2-2.1.1.jar;C:\Users\ASUS\.m2\repository\commons-io\commons-io\2.5\commons-io-2.5.jar;C:\Users\ASUS\.m2\repository\org\apache\commons\commons-jexl\2.1.1\commons-jexl-2.1.1.jar;C:\Users\ASUS\.m2\repository\org\apache\commons\commons-jexl3\3.0\commons-jexl3-3.0.jar;C:\Users\ASUS\.m2\repository\org\apache\commons\commons-lang3\3.5\commons-lang3-3.5.jar;C:\Users\ASUS\.m2\repository\org\apache\commons\commons-math3\3.6.1\commons-math3-3.6.1.jar;C:\Users\ASUS\.m2\repository\commons-net\commons-net\3.6\commons-net-3.6.jar;C:\Users\ASUS\.m2\repository\org\apache\commons\commons-pool2\2.4.2\commons-pool2-2.4.2.jar;C:\Users\ASUS\.m2\repository\dnsjava\dnsjava\2.1.8\dnsjava-2.1.8.jar;C:\Users\ASUS\.m2\repository\org\codehaus\groovy\groovy-all\2.4.10\groovy-all-2.4.10.jar;C:\Users\ASUS\.m2\repository\org\apache\httpcomponents\httpasyncclient\4.1.3\httpasyncclient-4.1.3.jar;C:\Users\ASUS\.m2\repository\org\apache\httpcomponents\httpmime\4.5.3\httpmime-4.5.3.jar;C:\Users\ASUS\.m2\repository\org\apache\httpcomponents\httpcore-nio\4.4.6\httpcore-nio-4.4.6.jar;C:\Users\ASUS\.m2\repository\oro\oro\2.0.8\oro-2.0.8.jar;C:\Users\ASUS\.m2\repository\jcharts\jcharts\0.7.5\jcharts-0.7.5.jar;C:\Users\ASUS\.m2\repository\org\mozilla\rhino\1.7.7.1\rhino-1.7.7.1.jar;C:\Users\ASUS\.m2\repository\junit\junit\4.12\junit-4.12.jar;C:\Users\ASUS\.m2\repository\net\sf\jtidy\jtidy\r938\jtidy-r938.jar;C:\Users\ASUS\.m2\repository\org\apache\tika\tika-core\1.14\tika-core-1.14.jar;C:\Users\ASUS\.m2\repository\org\apache\tika\tika-parsers\1.14\tika-parsers-1.14.jar;C:\Users\ASUS\.m2\repository\org\gagravarr\vorbis-java-tika\0.8\vorbis-java-tika-0.8.jar;C:\Users\ASUS\.m2\repository\com\healthmarketscience\jackcess\jackcess\2.1.4\jackcess-2.1.4.jar;C:\Users\ASUS\.m2\repository\commons-lang\commons-lang\2.6\commons-lang-2.6.jar;C:\Users\ASUS\.m2\repository\com\healthmarketscience\jackcess\jackcess-encrypt\2.1.1\jackcess-encrypt-2.1.1.jar;C:\Users\ASUS\.m2\repository\org\tallison\jmatio\1.2\jmatio-1.2.jar;C:\Users\ASUS\.m2\repository\org\apache\james\apache-mime4j-core\0.7.2\apache-mime4j-core-0.7.2.jar;C:\Users\ASUS\.m2\repository\org\apache\james\apache-mime4j-dom\0.7.2\apache-mime4j-dom-0.7.2.jar;C:\Users\ASUS\.m2\repository\org\apache\commons\commons-compress\1.12\commons-compress-1.12.jar;C:\Users\ASUS\.m2\repository\org\tukaani\xz\1.5\xz-1.5.jar;C:\Users\ASUS\.m2\repository\org\apache\pdfbox\pdfbox\2.0.3\pdfbox-2.0.3.jar;C:\Users\ASUS\.m2\repository\org\apache\pdfbox\fontbox\2.0.3\fontbox-2.0.3.jar;C:\Users\ASUS\.m2\repository\org\apache\pdfbox\pdfbox-tools\2.0.3\pdfbox-tools-2.0.3.jar;C:\Users\ASUS\.m2\repository\org\apache\pdfbox\pdfbox-debugger\2.0.3\pdfbox-debugger-2.0.3.jar;C:\Users\ASUS\.m2\repository\org\apache\pdfbox\jempbox\1.8.12\jempbox-1.8.12.jar;C:\Users\ASUS\.m2\repository\org\apache\poi\poi\3.15\poi-3.15.jar;C:\Users\ASUS\.m2\repository\org\apache\commons\commons-collections4\4.1\commons-collections4-4.1.jar;C:\Users\ASUS\.m2\repository\org\apache\poi\poi-scratchpad\3.15\poi-scratchpad-3.15.jar;C:\Users\ASUS\.m2\repository\org\apache\poi\poi-ooxml\3.15\poi-ooxml-3.15.jar;C:\Users\ASUS\.m2\repository\org\apache\poi\poi-ooxml-schemas\3.15\poi-ooxml-schemas-3.15.jar;C:\Users\ASUS\.m2\repository\org\apache\xmlbeans\xmlbeans\2.6.0\xmlbeans-2.6.0.jar;C:\Users\ASUS\.m2\repository\com\github\virtuald\curvesapi\1.04\curvesapi-1.04.jar;C:\Users\ASUS\.m2\repository\org\ccil\cowan\tagsoup\tagsoup\1.2.1\tagsoup-1.2.1.jar;C:\Users\ASUS\.m2\repository\com\googlecode\mp4parser\isoparser\1.1.18\isoparser-1.1.18.jar;C:\Users\ASUS\.m2\repository\com\drewnoakes\metadata-extractor\2.9.1\metadata-extractor-2.9.1.jar;C:\Users\ASUS\.m2\repository\com\adobe\xmp\xmpcore\5.1.2\xmpcore-5.1.2.jar;C:\Users\ASUS\.m2\repository\de\l3s\boilerpipe\boilerpipe\1.1.0\boilerpipe-1.1.0.jar;C:\Users\ASUS\.m2\repository\com\rometools\rome\1.5.1\rome-1.5.1.jar;C:\Users\ASUS\.m2\repository\com\rometools\rome-utils\1.5.1\rome-utils-1.5.1.jar;C:\Users\ASUS\.m2\repository\org\gagravarr\vorbis-java-core\0.8\vorbis-java-core-0.8.jar;C:\Users\ASUS\.m2\repository\com\googlecode\juniversalchardet\juniversalchardet\1.0.3\juniversalchardet-1.0.3.jar;C:\Users\ASUS\.m2\repository\org\codelibs\jhighlight\1.0.2\jhighlight-1.0.2.jar;C:\Users\ASUS\.m2\repository\com\pff\java-libpst\0.8.1\java-libpst-0.8.1.jar;C:\Users\ASUS\.m2\repository\com\github\junrar\junrar\0.7\junrar-0.7.jar;C:\Users\ASUS\.m2\repository\commons-logging\commons-logging-api\1.1\commons-logging-api-1.1.jar;C:\Users\ASUS\.m2\repository\org\apache\commons\commons-vfs2\2.0\commons-vfs2-2.0.jar;C:\Users\ASUS\.m2\repository\org\apache\maven\scm\maven-scm-api\1.4\maven-scm-api-1.4.jar;C:\Users\ASUS\.m2\repository\org\codehaus\plexus\plexus-utils\1.5.6\plexus-utils-1.5.6.jar;C:\Users\ASUS\.m2\repository\org\apache\maven\scm\maven-scm-provider-svnexe\1.4\maven-scm-provider-svnexe-1.4.jar;C:\Users\ASUS\.m2\repository\org\apache\maven\scm\maven-scm-provider-svn-commons\1.4\maven-scm-provider-svn-commons-1.4.jar;C:\Users\ASUS\.m2\repository\regexp\regexp\1.3\regexp-1.3.jar;C:\Users\ASUS\.m2\repository\org\apache\cxf\cxf-rt-rs-client\3.0.3\cxf-rt-rs-client-3.0.3.jar;C:\Users\ASUS\.m2\repository\org\apache\cxf\cxf-rt-transports-http\3.0.3\cxf-rt-transports-http-3.0.3.jar;C:\Users\ASUS\.m2\repository\org\apache\cxf\cxf-core\3.0.3\cxf-core-3.0.3.jar;C:\Users\ASUS\.m2\repository\org\codehaus\woodstox\woodstox-core-asl\4.4.1\woodstox-core-asl-4.4.1.jar;C:\Users\ASUS\.m2\repository\org\codehaus\woodstox\stax2-api\3.1.4\stax2-api-3.1.4.jar;C:\Users\ASUS\.m2\repository\org\apache\ws\xmlschema\xmlschema-core\2.1.0\xmlschema-core-2.1.0.jar;C:\Users\ASUS\.m2\repository\org\apache\cxf\cxf-rt-frontend-jaxrs\3.0.3\cxf-rt-frontend-jaxrs-3.0.3.jar;C:\Users\ASUS\.m2\repository\javax\ws\rs\javax.ws.rs-api\2.0.1\javax.ws.rs-api-2.0.1.jar;C:\Users\ASUS\.m2\repository\javax\annotation\javax.annotation-api\1.2\javax.annotation-api-1.2.jar;C:\Users\ASUS\.m2\repository\org\apache\commons\commons-exec\1.3\commons-exec-1.3.jar;C:\Users\ASUS\.m2\repository\org\apache\opennlp\opennlp-tools\1.5.3\opennlp-tools-1.5.3.jar;C:\Users\ASUS\.m2\repository\org\apache\opennlp\opennlp-maxent\3.0.3\opennlp-maxent-3.0.3.jar;C:\Users\ASUS\.m2\repository\net\sf\jwordnet\jwnl\1.3.3\jwnl-1.3.3.jar;C:\Users\ASUS\.m2\repository\com\googlecode\json-simple\json-simple\1.1.1\json-simple-1.1.1.jar;C:\Users\ASUS\.m2\repository\edu\ucar\netcdf4\4.5.5\netcdf4-4.5.5.jar;C:\Users\ASUS\.m2\repository\net\jcip\jcip-annotations\1.0\jcip-annotations-1.0.jar;C:\Users\ASUS\.m2\repository\net\java\dev\jna\jna\4.1.0\jna-4.1.0.jar;C:\Users\ASUS\.m2\repository\edu\ucar\grib\4.5.5\grib-4.5.5.jar;C:\Users\ASUS\.m2\repository\com\google\protobuf\protobuf-java\2.5.0\protobuf-java-2.5.0.jar;C:\Users\ASUS\.m2\repository\org\jdom\jdom2\2.0.4\jdom2-2.0.4.jar;C:\Users\ASUS\.m2\repository\edu\ucar\jj2000\5.2\jj2000-5.2.jar;C:\Users\ASUS\.m2\repository\org\itadaki\bzip2\0.9.1\bzip2-0.9.1.jar;C:\Users\ASUS\.m2\repository\edu\ucar\cdm\4.5.5\cdm-4.5.5.jar;C:\Users\ASUS\.m2\repository\edu\ucar\udunits\4.5.5\udunits-4.5.5.jar;C:\Users\ASUS\.m2\repository\joda-time\joda-time\2.2\joda-time-2.2.jar;C:\Users\ASUS\.m2\repository\org\quartz-scheduler\quartz\2.2.0\quartz-2.2.0.jar;C:\Users\ASUS\.m2\repository\c3p0\c3p0\0.9.1.1\c3p0-0.9.1.1.jar;C:\Users\ASUS\.m2\repository\net\sf\ehcache\ehcache-core\2.6.2\ehcache-core-2.6.2.jar;C:\Users\ASUS\.m2\repository\edu\ucar\httpservices\4.5.5\httpservices-4.5.5.jar;C:\Users\ASUS\.m2\repository\org\apache\commons\commons-csv\1.0\commons-csv-1.0.jar;C:\Users\ASUS\.m2\repository\org\apache\sis\core\sis-utility\0.6\sis-utility-0.6.jar;C:\Users\ASUS\.m2\repository\org\apache\sis\storage\sis-netcdf\0.6\sis-netcdf-0.6.jar;C:\Users\ASUS\.m2\repository\org\apache\sis\storage\sis-storage\0.6\sis-storage-0.6.jar;C:\Users\ASUS\.m2\repository\org\apache\sis\core\sis-referencing\0.6\sis-referencing-0.6.jar;C:\Users\ASUS\.m2\repository\org\apache\sis\core\sis-metadata\0.6\sis-metadata-0.6.jar;C:\Users\ASUS\.m2\repository\org\opengis\geoapi\3.0.0\geoapi-3.0.0.jar;C:\Users\ASUS\.m2\repository\javax\measure\jsr-275\0.9.3\jsr-275-0.9.3.jar;C:\Users\ASUS\.m2\repository\com\fasterxml\jackson\core\jackson-core\2.8.1\jackson-core-2.8.1.jar;C:\Users\ASUS\.m2\repository\com\thoughtworks\xstream\xstream\1.4.9\xstream-1.4.9.jar;C:\Users\ASUS\.m2\repository\xmlpull\xmlpull\1.1.3.1\xmlpull-1.1.3.1.jar;C:\Users\ASUS\.m2\repository\xpp3\xpp3_min\1.1.4c\xpp3_min-1.1.4c.jar;C:\Users\ASUS\.m2\repository\xalan\xalan\2.7.2\xalan-2.7.2.jar;C:\Users\ASUS\.m2\repository\xalan\serializer\2.7.2\serializer-2.7.2.jar;C:\Users\ASUS\.m2\repository\xerces\xercesImpl\2.11.0\xercesImpl-2.11.0.jar;C:\Users\ASUS\.m2\repository\xml-apis\xml-apis\1.4.01\xml-apis-1.4.01.jar;C:\Users\ASUS\.m2\repository\org\apache\xmlgraphics\xmlgraphics-commons\2.1\xmlgraphics-commons-2.1.jar;C:\Users\ASUS\.m2\repository\javax\mail\mail\1.5.0-b01\mail-1.5.0-b01.jar;C:\Users\ASUS\.m2\repository\javax\activation\activation\1.1\activation-1.1.jar;C:\Users\ASUS\.m2\repository\org\apache\geronimo\specs\geronimo-jms_1.1_spec\1.1.1\geronimo-jms_1.1_spec-1.1.1.jar;C:\Users\ASUS\.m2\repository\com\jayway\jsonpath\json-path\2.2.0\json-path-2.2.0.jar;C:\Users\ASUS\.m2\repository\net\minidev\json-smart\2.3\json-smart-2.3.jar;C:\Users\ASUS\.m2\repository\org\jsoup\jsoup\1.10.2\jsoup-1.10.2.jar;C:\Users\ASUS\.m2\repository\org\jodd\jodd-core\3.8.1\jodd-core-3.8.1.jar;C:\Users\ASUS\.m2\repository\org\jodd\jodd-lagarto\3.8.1\jodd-lagarto-3.8.1.jar;C:\Users\ASUS\.m2\repository\org\jodd\jodd-log\3.8.1\jodd-log-3.8.1.jar;C:\Users\ASUS\.m2\repository\org\jodd\jodd-props\3.8.1\jodd-props-3.8.1.jar;C:\Users\ASUS\.m2\repository\org\mongodb\mongo-java-driver\2.11.3\mongo-java-driver-2.11.3.jar;C:\Users\ASUS\.m2\repository\com\helger\ph-css\5.0.3\ph-css-5.0.3.jar;C:\Users\ASUS\.m2\repository\com\helger\ph-commons\8.6.0\ph-commons-8.6.0.jar;C:\Users\ASUS\.m2\repository\com\google\code\findbugs\jsr305\3.0.1\jsr305-3.0.1.jar;C:\Users\ASUS\.m2\repository\com\fifesoft\rsyntaxtextarea\2.6.1\rsyntaxtextarea-2.6.1.jar;C:\Users\ASUS\.m2\repository\org\slf4j\slf4j-ext\1.7.25\slf4j-ext-1.7.25.jar;C:\Users\ASUS\.m2\repository\org\slf4j\jcl-over-slf4j\1.7.25\jcl-over-slf4j-1.7.25.jar;C:\Users\ASUS\.m2\repository\org\apache\logging\log4j\log4j-1.2-api\2.8.1\log4j-1.2-api-2.8.1.jar;C:\Users\ASUS\.m2\repository\org\freemarker\freemarker\2.3.23\freemarker-2.3.23.jar;C:\Users\ASUS\.m2\repository\org\hamcrest\hamcrest-core\1.3\hamcrest-core-1.3.jar;C:\Users\ASUS\.m2\repository\com\relevantcodes\extentreports\2.41.1\extentreports-2.41.1.jar;C:\Users\ASUS\.m2\repository\org\xerial\sqlite-jdbc\3.8.11.1\sqlite-jdbc-3.8.11.1.jar;C:\Users\ASUS\.m2\repository\org\mongodb\mongodb-driver\3.0.4\mongodb-driver-3.0.4.jar;C:\Users\ASUS\.m2\repository\org\mongodb\bson\3.0.4\bson-3.0.4.jar;C:\Users\ASUS\.m2\repository\org\mongodb\mongodb-driver-core\3.0.4\mongodb-driver-core-3.0.4.jar;C:\Users\ASUS\.m2\repository\com\vimalselvam\testng-extentsreport\1.3.1\testng-extentsreport-1.3.1.jar;C:\Users\ASUS\.m2\repository\com\google\guava\guava\20.0\guava-20.0.jar;C:\Users\ASUS\.m2\repository\com\aventstack\extentreports\3.0.6\extentreports-3.0.6.jar;C:\Users\ASUS\.m2\repository\commons-logging\commons-logging\1.2\commons-logging-1.2.jar;"/>
    <property name="sun.cpu.endian" value="little"/>
    <property name="user.home" value="C:\Users\ASUS"/>
    <property name="user.language" value="zh"/>
    <property name="java.specification.vendor" value="Oracle Corporation"/>
    <property name="java.home" value="C:\Program Files\Java\jdk1.8.0_202\jre"/>
    <property name="basedir" value="C:\Users\ASUS\IdeaProjects\daineTest\autotest"/>
    <property name="file.separator" value="\"/>
    <property name="line.separator" value="&#10;"/>
    <property name="java.vm.specification.vendor" value="Oracle Corporation"/>
    <property name="java.specification.name" value="Java Platform API Specification"/>
    <property name="java.awt.graphicsenv" value="sun.awt.Win32GraphicsEnvironment"/>
    <property name="surefire.real.class.path" value="C:\Users\ASUS\AppData\Local\Temp\surefire8519776740666211547\surefirebooter9030081907141015098.jar"/>
    <property name="sun.boot.class.path" value="C:\Program Files\Java\jdk1.8.0_202\jre\lib\resources.jar;C:\Program Files\Java\jdk1.8.0_202\jre\lib\rt.jar;C:\Program Files\Java\jdk1.8.0_202\jre\lib\sunrsasign.jar;C:\Program Files\Java\jdk1.8.0_202\jre\lib\jsse.jar;C:\Program Files\Java\jdk1.8.0_202\jre\lib\jce.jar;C:\Program Files\Java\jdk1.8.0_202\jre\lib\charsets.jar;C:\Program Files\Java\jdk1.8.0_202\jre\lib\jfr.jar;C:\Program Files\Java\jdk1.8.0_202\jre\classes"/>
    <property name="user.script" value=""/>
    <property name="sun.management.compiler" value="HotSpot 64-Bit Tiered Compilers"/>
    <property name="java.runtime.version" value="1.8.0_202-b08"/>
    <property name="user.name" value="ASUS"/>
    <property name="path.separator" value=";"/>
    <property name="os.version" value="10.0"/>
    <property name="java.endorsed.dirs" value="C:\Program Files\Java\jdk1.8.0_202\jre\lib\endorsed"/>
    <property name="java.runtime.name" value="Java(TM) SE Runtime Environment"/>
    <property name="file.encoding" value="utf-8"/>
    <property name="java.vm.name" value="Java HotSpot(TM) 64-Bit Server VM"/>
    <property name="localRepository" value="C:\Users\ASUS\.m2\repository"/>
    <property name="java.vendor.url.bug" value="http://bugreport.sun.com/bugreport/"/>
    <property name="java.io.tmpdir" value="C:\Users\ASUS\AppData\Local\Temp\"/>
    <property name="java.version" value="1.8.0_202"/>
    <property name="user.dir" value="C:\Users\ASUS\IdeaProjects\daineTest\autotest"/>
    <property name="os.arch" value="amd64"/>
    <property name="java.vm.specification.name" value="Java Virtual Machine Specification"/>
    <property name="java.awt.printerjob" value="sun.awt.windows.WPrinterJob"/>
    <property name="sun.os.patch.level" value=""/>
    <property name="java.library.path" value="C:\Program Files\Java\jdk1.8.0_202\jre\bin;C:\WINDOWS\Sun\Java\bin;C:\WINDOWS\system32;C:\WINDOWS;C:\Program Files\Git\mingw64\bin;C:\Program Files\Git\usr\bin;C:\Users\ASUS\bin;C:\Program Files (x86)\Common Files\Oracle\Java\javapath;C:\Program Files (x86)\NetSarang\Xshell 6;C:\Program Files (x86)\Intel\Intel(R) Management Engine Components\iCLS;C:\Program Files\Intel\Intel(R) Management Engine Components\iCLS;C:\Windows\system32;C:\Windows;C:\Windows\System32\Wbem;C:\Windows\System32\WindowsPowerShell\v1.0;C:\Windows\System32\OpenSSH;C:\Program Files (x86)\NVIDIA Corporation\PhysX\Common;C:\Program Files (x86)\Intel\Intel(R) Management Engine Components\DAL;C:\Program Files\Intel\Intel(R) Management Engine Components\DAL;C:\Program Files (x86)\Intel\Intel(R) Management Engine Components\IPT;C:\Program Files\Intel\Intel(R) Management Engine Components\IPT;C:\Program Files\Intel\WiFi\bin;C:\Program Files\Common Files\Intel\WirelessCommon;C:\Program Files\Java\jdk1.8.0_202\bi;C:\Program Files\Java\jdk1.8.0_202\jre\bin;.;C:\Users\ASUS\Downloads\apache-maven-3.6.2\bin;C:\Program Files\Git\cmd;C:\Program Files\MySQL\MySQL Server 5.7\bin;C:\Users\ASUS\Downloads\apache-jmeter-5.2\bin;C:\WINDOWS\system32;C:\WINDOWS;C:\WINDOWS\System32\Wbem;C:\WINDOWS\System32\WindowsPowerShell\v1.0;C:\WINDOWS\System32\OpenSSH;C:\Users\ASUS\Downloads\android-sdk-windows\tools;C:\Users\ASUS\Downloads\android-sdk-windows\platform-tools;C:\Program Files\nodejs;C:\Users\ASUS\Downloads\android-sdk-windows\build-tools\29.0.2;C:\Users\ASUS\AppData\Local\Programs\Python\Python38\Scripts;C:\Users\ASUS\AppData\Local\Programs\Python\Python38;C:\Users\ASUS\AppData\Local\Microsoft\WindowsApps;C:\Program Files\JetBrains\IntelliJ IDEA 2019.2.4\bin;C:\Users\ASUS\AppData\Local\Programs\Fiddler;C:\Program Files\JetBrains\IntelliJ IDEA 2019.2.4\plugins\maven\lib\maven3\bin;C:\Users\ASUS\AppData\Local\Microsoft\WindowsApps;C:\Program Files\JetBrains\DataGrip 2019.2.6\bin;C:\Program Files\JetBrains\PyCharm 2019.3.1\bin;C:\Program Files\JetBrains\PyCharm Community Edition 2019.3.1\bin;C:\Users\ASUS\AppData\Roaming\npm;."/>
    <property name="java.vm.info" value="mixed mode"/>
    <property name="java.vendor" value="Oracle Corporation"/>
    <property name="java.vm.version" value="25.202-b08"/>
    <property name="java.ext.dirs" value="C:\Program Files\Java\jdk1.8.0_202\jre\lib\ext;C:\WINDOWS\Sun\Java\lib\ext"/>
    <property name="sun.io.unicode.encoding" value="UnicodeLittle"/>
    <property name="java.class.version" value="52.0"/>
  </properties>
  <testcase name="loginTrue" classname="com.toutiao.cases.toutiaocase.LoginTest" time="1.31"/>
  <testcase name="loginFalse" classname="com.toutiao.cases.toutiaocase.LoginTest" time="0.527"/>
  <testcase name="gcList" classname="com.toutiao.cases.luntancase.GcListTest" time="0.858"/>
  <testcase name="expList" classname="com.toutiao.cases.luntancase.ExpListTest" time="0.773"/>
  <testcase name="bbsLook" classname="com.toutiao.cases.luntancase.BbsLookTest" time="1.401"/>
  <testcase name="replyTest" classname="com.toutiao.cases.luntancase.ReplyTest" time="1.418"/>
  <testcase name="getSearch" classname="com.toutiao.cases.luntancase.SearchTest" time="0.529"/>
  <testcase name="getLike" classname="com.toutiao.cases.luntancase.LikeTest" time="0.491">
    <failure message="expected [true] but found [false]" type="java.lang.AssertionError">java.lang.AssertionError: expected [true] but found [false]
	at com.toutiao.cases.luntancase.LikeTest.getLike(LikeTest.java:33)
</failure>
    <system-out><![CDATA[10:20:28.169 [main] DEBUG org.apache.ibatis.io.DefaultVFS - Find JAR URL: file:/C:/Users/ASUS/IdeaProjects/daineTest/autotest/target/classes/com/toutiao/model
10:20:28.169 [main] DEBUG org.apache.ibatis.io.DefaultVFS - Not a JAR: file:/C:/Users/ASUS/IdeaProjects/daineTest/autotest/target/classes/com/toutiao/model
10:20:28.170 [main] DEBUG org.apache.ibatis.io.DefaultVFS - Reader entry: InterfaneName.class
10:20:28.170 [main] DEBUG org.apache.ibatis.io.DefaultVFS - Reader entry: luntanmd
10:20:28.170 [main] DEBUG org.apache.ibatis.io.DefaultVFS - Reader entry: toutiaomd
10:20:28.170 [main] DEBUG org.apache.ibatis.io.DefaultVFS - Listing file:/C:/Users/ASUS/IdeaProjects/daineTest/autotest/target/classes/com/toutiao/model
10:20:28.170 [main] DEBUG org.apache.ibatis.io.DefaultVFS - Find JAR URL: file:/C:/Users/ASUS/IdeaProjects/daineTest/autotest/target/classes/com/toutiao/model/InterfaneName.class
10:20:28.171 [main] DEBUG org.apache.ibatis.io.DefaultVFS - Not a JAR: file:/C:/Users/ASUS/IdeaProjects/daineTest/autotest/target/classes/com/toutiao/model/InterfaneName.class
10:20:28.171 [main] DEBUG org.apache.ibatis.io.DefaultVFS - Reader entry: ????&amp#0;&amp#0;&amp#0;4&amp#0;?	&amp#0;&amp#4;&amp#0;o
10:20:28.171 [main] DEBUG org.apache.ibatis.io.DefaultVFS - Find JAR URL: file:/C:/Users/ASUS/IdeaProjects/daineTest/autotest/target/classes/com/toutiao/model/luntanmd
10:20:28.171 [main] DEBUG org.apache.ibatis.io.DefaultVFS - Not a JAR: file:/C:/Users/ASUS/IdeaProjects/daineTest/autotest/target/classes/com/toutiao/model/luntanmd
10:20:28.172 [main] DEBUG org.apache.ibatis.io.DefaultVFS - Reader entry: BbsLookCase.class
10:20:28.172 [main] DEBUG org.apache.ibatis.io.DefaultVFS - Reader entry: ExpertHomeCase.class
10:20:28.172 [main] DEBUG org.apache.ibatis.io.DefaultVFS - Reader entry: ExpListCase.class
10:20:28.173 [main] DEBUG org.apache.ibatis.io.DefaultVFS - Reader entry: FavoriCase.class
10:20:28.173 [main] DEBUG org.apache.ibatis.io.DefaultVFS - Reader entry: GcListCase.class
10:20:28.173 [main] DEBUG org.apache.ibatis.io.DefaultVFS - Reader entry: GetPreCase.class
10:20:28.173 [main] DEBUG org.apache.ibatis.io.DefaultVFS - Reader entry: GetPubCase.class
10:20:28.174 [main] DEBUG org.apache.ibatis.io.DefaultVFS - Reader entry: LikeCase.class
10:20:28.174 [main] DEBUG org.apache.ibatis.io.DefaultVFS - Reader entry: MyFavorCase.class
10:20:28.174 [main] DEBUG org.apache.ibatis.io.DefaultVFS - Reader entry: MyItemCase.class
10:20:28.174 [main] DEBUG org.apache.ibatis.io.DefaultVFS - Reader entry: ReplyCase.class
10:20:28.175 [main] DEBUG org.apache.ibatis.io.DefaultVFS - Reader entry: SearchCase.class
10:20:28.175 [main] DEBUG org.apache.ibatis.io.DefaultVFS - Reader entry: UserCenterCase.class
10:20:28.175 [main] DEBUG org.apache.ibatis.io.DefaultVFS - Listing file:/C:/Users/ASUS/IdeaProjects/daineTest/autotest/target/classes/com/toutiao/model/luntanmd
10:20:28.175 [main] DEBUG org.apache.ibatis.io.DefaultVFS - Find JAR URL: file:/C:/Users/ASUS/IdeaProjects/daineTest/autotest/target/classes/com/toutiao/model/luntanmd/BbsLookCase.class
10:20:28.175 [main] DEBUG org.apache.ibatis.io.DefaultVFS - Not a JAR: file:/C:/Users/ASUS/IdeaProjects/daineTest/autotest/target/classes/com/toutiao/model/luntanmd/BbsLookCase.class
10:20:28.177 [main] DEBUG org.apache.ibatis.io.DefaultVFS - Reader entry: ????&amp#0;&amp#0;&amp#0;4&amp#0;L
10:20:28.177 [main] DEBUG org.apache.ibatis.io.DefaultVFS - Find JAR URL: file:/C:/Users/ASUS/IdeaProjects/daineTest/autotest/target/classes/com/toutiao/model/luntanmd/ExpertHomeCase.class
10:20:28.178 [main] DEBUG org.apache.ibatis.io.DefaultVFS - Not a JAR: file:/C:/Users/ASUS/IdeaProjects/daineTest/autotest/target/classes/com/toutiao/model/luntanmd/ExpertHomeCase.class
10:20:28.178 [main] DEBUG org.apache.ibatis.io.DefaultVFS - Reader entry: ????&amp#0;&amp#0;&amp#0;4&amp#0;X
10:20:28.178 [main] DEBUG org.apache.ibatis.io.DefaultVFS - Find JAR URL: file:/C:/Users/ASUS/IdeaProjects/daineTest/autotest/target/classes/com/toutiao/model/luntanmd/ExpListCase.class
10:20:28.178 [main] DEBUG org.apache.ibatis.io.DefaultVFS - Not a JAR: file:/C:/Users/ASUS/IdeaProjects/daineTest/autotest/target/classes/com/toutiao/model/luntanmd/ExpListCase.class
10:20:28.179 [main] DEBUG org.apache.ibatis.io.DefaultVFS - Reader entry: ????&amp#0;&amp#0;&amp#0;4&amp#0;d
10:20:28.179 [main] DEBUG org.apache.ibatis.io.DefaultVFS - Find JAR URL: file:/C:/Users/ASUS/IdeaProjects/daineTest/autotest/target/classes/com/toutiao/model/luntanmd/FavoriCase.class
10:20:28.179 [main] DEBUG org.apache.ibatis.io.DefaultVFS - Not a JAR: file:/C:/Users/ASUS/IdeaProjects/daineTest/autotest/target/classes/com/toutiao/model/luntanmd/FavoriCase.class
10:20:28.180 [main] DEBUG org.apache.ibatis.io.DefaultVFS - Reader entry: ????&amp#0;&amp#0;&amp#0;4&amp#0;X
10:20:28.180 [main] DEBUG org.apache.ibatis.io.DefaultVFS - Find JAR URL: file:/C:/Users/ASUS/IdeaProjects/daineTest/autotest/target/classes/com/toutiao/model/luntanmd/GcListCase.class
10:20:28.180 [main] DEBUG org.apache.ibatis.io.DefaultVFS - Not a JAR: file:/C:/Users/ASUS/IdeaProjects/daineTest/autotest/target/classes/com/toutiao/model/luntanmd/GcListCase.class
10:20:28.181 [main] DEBUG org.apache.ibatis.io.DefaultVFS - Reader entry: ????&amp#0;&amp#0;&amp#0;4&amp#0;L
10:20:28.181 [main] DEBUG org.apache.ibatis.io.DefaultVFS - Find JAR URL: file:/C:/Users/ASUS/IdeaProjects/daineTest/autotest/target/classes/com/toutiao/model/luntanmd/GetPreCase.class
10:20:28.181 [main] DEBUG org.apache.ibatis.io.DefaultVFS - Not a JAR: file:/C:/Users/ASUS/IdeaProjects/daineTest/autotest/target/classes/com/toutiao/model/luntanmd/GetPreCase.class
10:20:28.181 [main] DEBUG org.apache.ibatis.io.DefaultVFS - Reader entry: ????&amp#0;&amp#0;&amp#0;4&amp#0;%
10:20:28.182 [main] DEBUG org.apache.ibatis.io.DefaultVFS - Find JAR URL: file:/C:/Users/ASUS/IdeaProjects/daineTest/autotest/target/classes/com/toutiao/model/luntanmd/GetPubCase.class
10:20:28.182 [main] DEBUG org.apache.ibatis.io.DefaultVFS - Not a JAR: file:/C:/Users/ASUS/IdeaProjects/daineTest/autotest/target/classes/com/toutiao/model/luntanmd/GetPubCase.class
10:20:28.182 [main] DEBUG org.apache.ibatis.io.DefaultVFS - Reader entry: ????&amp#0;&amp#0;&amp#0;4&amp#0;%
10:20:28.182 [main] DEBUG org.apache.ibatis.io.DefaultVFS - Find JAR URL: file:/C:/Users/ASUS/IdeaProjects/daineTest/autotest/target/classes/com/toutiao/model/luntanmd/LikeCase.class
10:20:28.182 [main] DEBUG org.apache.ibatis.io.DefaultVFS - Not a JAR: file:/C:/Users/ASUS/IdeaProjects/daineTest/autotest/target/classes/com/toutiao/model/luntanmd/LikeCase.class
10:20:28.183 [main] DEBUG org.apache.ibatis.io.DefaultVFS - Reader entry: ????&amp#0;&amp#0;&amp#0;4&amp#0;X
10:20:28.183 [main] DEBUG org.apache.ibatis.io.DefaultVFS - Find JAR URL: file:/C:/Users/ASUS/IdeaProjects/daineTest/autotest/target/classes/com/toutiao/model/luntanmd/MyFavorCase.class
10:20:28.183 [main] DEBUG org.apache.ibatis.io.DefaultVFS - Not a JAR: file:/C:/Users/ASUS/IdeaProjects/daineTest/autotest/target/classes/com/toutiao/model/luntanmd/MyFavorCase.class
10:20:28.183 [main] DEBUG org.apache.ibatis.io.DefaultVFS - Reader entry: ????&amp#0;&amp#0;&amp#0;4&amp#0;*
10:20:28.184 [main] DEBUG org.apache.ibatis.io.DefaultVFS - Find JAR URL: file:/C:/Users/ASUS/IdeaProjects/daineTest/autotest/target/classes/com/toutiao/model/luntanmd/MyItemCase.class
10:20:28.184 [main] DEBUG org.apache.ibatis.io.DefaultVFS - Not a JAR: file:/C:/Users/ASUS/IdeaProjects/daineTest/autotest/target/classes/com/toutiao/model/luntanmd/MyItemCase.class
10:20:28.184 [main] DEBUG org.apache.ibatis.io.DefaultVFS - Reader entry: ????&amp#0;&amp#0;&amp#0;4&amp#0;,
10:20:28.184 [main] DEBUG org.apache.ibatis.io.DefaultVFS - Find JAR URL: file:/C:/Users/ASUS/IdeaProjects/daineTest/autotest/target/classes/com/toutiao/model/luntanmd/ReplyCase.class
10:20:28.184 [main] DEBUG org.apache.ibatis.io.DefaultVFS - Not a JAR: file:/C:/Users/ASUS/IdeaProjects/daineTest/autotest/target/classes/com/toutiao/model/luntanmd/ReplyCase.class
10:20:28.185 [main] DEBUG org.apache.ibatis.io.DefaultVFS - Reader entry: ????&amp#0;&amp#0;&amp#0;4&amp#0;d
10:20:28.185 [main] DEBUG org.apache.ibatis.io.DefaultVFS - Find JAR URL: file:/C:/Users/ASUS/IdeaProjects/daineTest/autotest/target/classes/com/toutiao/model/luntanmd/SearchCase.class
10:20:28.185 [main] DEBUG org.apache.ibatis.io.DefaultVFS - Not a JAR: file:/C:/Users/ASUS/IdeaProjects/daineTest/autotest/target/classes/com/toutiao/model/luntanmd/SearchCase.class
10:20:28.185 [main] DEBUG org.apache.ibatis.io.DefaultVFS - Reader entry: ????&amp#0;&amp#0;&amp#0;4&amp#0;L
10:20:28.185 [main] DEBUG org.apache.ibatis.io.DefaultVFS - Find JAR URL: file:/C:/Users/ASUS/IdeaProjects/daineTest/autotest/target/classes/com/toutiao/model/luntanmd/UserCenterCase.class
10:20:28.185 [main] DEBUG org.apache.ibatis.io.DefaultVFS - Not a JAR: file:/C:/Users/ASUS/IdeaProjects/daineTest/autotest/target/classes/com/toutiao/model/luntanmd/UserCenterCase.class
10:20:28.185 [main] DEBUG org.apache.ibatis.io.DefaultVFS - Reader entry: ????&amp#0;&amp#0;&amp#0;4&amp#0;%
10:20:28.185 [main] DEBUG org.apache.ibatis.io.DefaultVFS - Find JAR URL: file:/C:/Users/ASUS/IdeaProjects/daineTest/autotest/target/classes/com/toutiao/model/toutiaomd
10:20:28.185 [main] DEBUG org.apache.ibatis.io.DefaultVFS - Not a JAR: file:/C:/Users/ASUS/IdeaProjects/daineTest/autotest/target/classes/com/toutiao/model/toutiaomd
10:20:28.186 [main] DEBUG org.apache.ibatis.io.DefaultVFS - Reader entry: GsListCase.class
10:20:28.186 [main] DEBUG org.apache.ibatis.io.DefaultVFS - Reader entry: LoginCase.class
10:20:28.186 [main] DEBUG org.apache.ibatis.io.DefaultVFS - Reader entry: ShareCase.class
10:20:28.187 [main] DEBUG org.apache.ibatis.io.DefaultVFS - Reader entry: TjCase.class
10:20:28.187 [main] DEBUG org.apache.ibatis.io.DefaultVFS - Listing file:/C:/Users/ASUS/IdeaProjects/daineTest/autotest/target/classes/com/toutiao/model/toutiaomd
10:20:28.187 [main] DEBUG org.apache.ibatis.io.DefaultVFS - Find JAR URL: file:/C:/Users/ASUS/IdeaProjects/daineTest/autotest/target/classes/com/toutiao/model/toutiaomd/GsListCase.class
10:20:28.187 [main] DEBUG org.apache.ibatis.io.DefaultVFS - Not a JAR: file:/C:/Users/ASUS/IdeaProjects/daineTest/autotest/target/classes/com/toutiao/model/toutiaomd/GsListCase.class
10:20:28.188 [main] DEBUG org.apache.ibatis.io.DefaultVFS - Reader entry: ????&amp#0;&amp#0;&amp#0;4&amp#0;|
10:20:28.188 [main] DEBUG org.apache.ibatis.io.DefaultVFS - Find JAR URL: file:/C:/Users/ASUS/IdeaProjects/daineTest/autotest/target/classes/com/toutiao/model/toutiaomd/LoginCase.class
10:20:28.188 [main] DEBUG org.apache.ibatis.io.DefaultVFS - Not a JAR: file:/C:/Users/ASUS/IdeaProjects/daineTest/autotest/target/classes/com/toutiao/model/toutiaomd/LoginCase.class
10:20:28.188 [main] DEBUG org.apache.ibatis.io.DefaultVFS - Reader entry: ????&amp#0;&amp#0;&amp#0;4&amp#0;|
10:20:28.189 [main] DEBUG org.apache.ibatis.io.DefaultVFS - Find JAR URL: file:/C:/Users/ASUS/IdeaProjects/daineTest/autotest/target/classes/com/toutiao/model/toutiaomd/ShareCase.class
10:20:28.189 [main] DEBUG org.apache.ibatis.io.DefaultVFS - Not a JAR: file:/C:/Users/ASUS/IdeaProjects/daineTest/autotest/target/classes/com/toutiao/model/toutiaomd/ShareCase.class
10:20:28.189 [main] DEBUG org.apache.ibatis.io.DefaultVFS - Reader entry: ????&amp#0;&amp#0;&amp#0;4&amp#0;/
10:20:28.189 [main] DEBUG org.apache.ibatis.io.DefaultVFS - Find JAR URL: file:/C:/Users/ASUS/IdeaProjects/daineTest/autotest/target/classes/com/toutiao/model/toutiaomd/TjCase.class
10:20:28.189 [main] DEBUG org.apache.ibatis.io.DefaultVFS - Not a JAR: file:/C:/Users/ASUS/IdeaProjects/daineTest/autotest/target/classes/com/toutiao/model/toutiaomd/TjCase.class
10:20:28.190 [main] DEBUG org.apache.ibatis.io.DefaultVFS - Reader entry: ????&amp#0;&amp#0;&amp#0;4&amp#0;d
10:20:28.190 [main] DEBUG org.apache.ibatis.io.ResolverUtil - Checking to see if class com.toutiao.model.InterfaneName matches criteria [is assignable to Object]
10:20:28.190 [main] DEBUG org.apache.ibatis.io.ResolverUtil - Checking to see if class com.toutiao.model.luntanmd.BbsLookCase matches criteria [is assignable to Object]
10:20:28.190 [main] DEBUG org.apache.ibatis.io.ResolverUtil - Checking to see if class com.toutiao.model.luntanmd.ExpertHomeCase matches criteria [is assignable to Object]
10:20:28.190 [main] DEBUG org.apache.ibatis.io.ResolverUtil - Checking to see if class com.toutiao.model.luntanmd.ExpListCase matches criteria [is assignable to Object]
10:20:28.190 [main] DEBUG org.apache.ibatis.io.ResolverUtil - Checking to see if class com.toutiao.model.luntanmd.FavoriCase matches criteria [is assignable to Object]
10:20:28.191 [main] DEBUG org.apache.ibatis.io.ResolverUtil - Checking to see if class com.toutiao.model.luntanmd.GcListCase matches criteria [is assignable to Object]
10:20:28.191 [main] DEBUG org.apache.ibatis.io.ResolverUtil - Checking to see if class com.toutiao.model.luntanmd.GetPreCase matches criteria [is assignable to Object]
10:20:28.191 [main] DEBUG org.apache.ibatis.io.ResolverUtil - Checking to see if class com.toutiao.model.luntanmd.GetPubCase matches criteria [is assignable to Object]
10:20:28.191 [main] DEBUG org.apache.ibatis.io.ResolverUtil - Checking to see if class com.toutiao.model.luntanmd.LikeCase matches criteria [is assignable to Object]
10:20:28.191 [main] DEBUG org.apache.ibatis.io.ResolverUtil - Checking to see if class com.toutiao.model.luntanmd.MyFavorCase matches criteria [is assignable to Object]
10:20:28.191 [main] DEBUG org.apache.ibatis.io.ResolverUtil - Checking to see if class com.toutiao.model.luntanmd.MyItemCase matches criteria [is assignable to Object]
10:20:28.191 [main] DEBUG org.apache.ibatis.io.ResolverUtil - Checking to see if class com.toutiao.model.luntanmd.ReplyCase matches criteria [is assignable to Object]
10:20:28.191 [main] DEBUG org.apache.ibatis.io.ResolverUtil - Checking to see if class com.toutiao.model.luntanmd.SearchCase matches criteria [is assignable to Object]
10:20:28.192 [main] DEBUG org.apache.ibatis.io.ResolverUtil - Checking to see if class com.toutiao.model.luntanmd.UserCenterCase matches criteria [is assignable to Object]
10:20:28.192 [main] DEBUG org.apache.ibatis.io.ResolverUtil - Checking to see if class com.toutiao.model.toutiaomd.GsListCase matches criteria [is assignable to Object]
10:20:28.192 [main] DEBUG org.apache.ibatis.io.ResolverUtil - Checking to see if class com.toutiao.model.toutiaomd.LoginCase matches criteria [is assignable to Object]
10:20:28.192 [main] DEBUG org.apache.ibatis.io.ResolverUtil - Checking to see if class com.toutiao.model.toutiaomd.ShareCase matches criteria [is assignable to Object]
10:20:28.192 [main] DEBUG org.apache.ibatis.io.ResolverUtil - Checking to see if class com.toutiao.model.toutiaomd.TjCase matches criteria [is assignable to Object]
10:20:28.197 [main] DEBUG org.apache.ibatis.datasource.pooled.PooledDataSource - PooledDataSource forcefully closed/removed all connections.
10:20:28.197 [main] DEBUG org.apache.ibatis.datasource.pooled.PooledDataSource - PooledDataSource forcefully closed/removed all connections.
10:20:28.197 [main] DEBUG org.apache.ibatis.datasource.pooled.PooledDataSource - PooledDataSource forcefully closed/removed all connections.
10:20:28.197 [main] DEBUG org.apache.ibatis.datasource.pooled.PooledDataSource - PooledDataSource forcefully closed/removed all connections.
10:20:28.221 [main] DEBUG org.apache.ibatis.transaction.jdbc.JdbcTransaction - Opening JDBC Connection
10:20:28.225 [main] DEBUG org.apache.ibatis.datasource.pooled.PooledDataSource - Created connection 512238546.
10:20:28.226 [main] DEBUG org.apache.ibatis.transaction.jdbc.JdbcTransaction - Setting autocommit to false on JDBC Connection [com.mysql.jdbc.JDBC4Connection@1e8823d2]
10:20:28.226 [main] DEBUG com.toutiao.model.likeCase - ==>  Preparing: select * from LikeCase where number_id=?; 
10:20:28.227 [main] DEBUG com.toutiao.model.likeCase - ==> Parameters: 1(Integer)
10:20:28.227 [main] DEBUG com.toutiao.model.likeCase - <==      Total: 1
http://api.bbs.353386.com/?C=bbs&A=like&device=ios&device_Id=C9E5FEE0-2E0D-4D33-8522-9BD38A282221&version=2.3.2&key=cacc6befea05bfee7b7d6d981c413c4f&user_id=16266
10:20:28.228 [main] DEBUG org.apache.http.impl.conn.SingleClientConnManager - Get connection for route HttpRoute[{}->http://api.bbs.353386.com]
10:20:28.228 [main] DEBUG org.apache.http.impl.client.DefaultHttpClient - Stale connection check
10:20:28.230 [main] DEBUG org.apache.http.client.protocol.RequestAddCookies - CookieSpec selected: best-match
10:20:28.230 [main] DEBUG org.apache.http.client.protocol.RequestAuthCache - Auth cache not set in the context
10:20:28.230 [main] DEBUG org.apache.http.impl.client.DefaultHttpClient - Attempt 1 to execute request
10:20:28.230 [main] DEBUG org.apache.http.impl.conn.DefaultClientConnection - Sending request: POST /?C=bbs&A=like&device=ios&device_Id=C9E5FEE0-2E0D-4D33-8522-9BD38A282221&version=2.3.2&key=cacc6befea05bfee7b7d6d981c413c4f&user_id=16266 HTTP/1.1
10:20:28.230 [main] DEBUG org.apache.http.wire - >> "POST /?C=bbs&A=like&device=ios&device_Id=C9E5FEE0-2E0D-4D33-8522-9BD38A282221&version=2.3.2&key=cacc6befea05bfee7b7d6d981c413c4f&user_id=16266 HTTP/1.1[\r][\n]"
10:20:28.230 [main] DEBUG org.apache.http.wire - >> "Content-Length: 8[\r][\n]"
10:20:28.231 [main] DEBUG org.apache.http.wire - >> "Content-Type: application/x-www-form-urlencoded; charset=ISO-8859-1[\r][\n]"
10:20:28.231 [main] DEBUG org.apache.http.wire - >> "Host: api.bbs.353386.com[\r][\n]"
10:20:28.231 [main] DEBUG org.apache.http.wire - >> "Connection: Keep-Alive[\r][\n]"
10:20:28.231 [main] DEBUG org.apache.http.wire - >> "User-Agent: Apache-HttpClient/4.1.2 (java 1.5)[\r][\n]"
10:20:28.231 [main] DEBUG org.apache.http.wire - >> "[\r][\n]"
10:20:28.231 [main] DEBUG org.apache.http.headers - >> POST /?C=bbs&A=like&device=ios&device_Id=C9E5FEE0-2E0D-4D33-8522-9BD38A282221&version=2.3.2&key=cacc6befea05bfee7b7d6d981c413c4f&user_id=16266 HTTP/1.1
10:20:28.231 [main] DEBUG org.apache.http.headers - >> Content-Length: 8
10:20:28.232 [main] DEBUG org.apache.http.headers - >> Content-Type: application/x-www-form-urlencoded; charset=ISO-8859-1
10:20:28.232 [main] DEBUG org.apache.http.headers - >> Host: api.bbs.353386.com
10:20:28.232 [main] DEBUG org.apache.http.headers - >> Connection: Keep-Alive
10:20:28.232 [main] DEBUG org.apache.http.headers - >> User-Agent: Apache-HttpClient/4.1.2 (java 1.5)
10:20:28.232 [main] DEBUG org.apache.http.wire - >> "id=43203"
10:20:28.264 [main] DEBUG org.apache.http.wire - << "HTTP/1.1 200 OK[\r][\n]"
10:20:28.265 [main] DEBUG org.apache.http.wire - << "Server: nginx[\r][\n]"
10:20:28.265 [main] DEBUG org.apache.http.wire - << "Date: Thu, 02 Jan 2020 02:20:29 GMT[\r][\n]"
10:20:28.265 [main] DEBUG org.apache.http.wire - << "Content-Type: text/html; charset=UTF-8[\r][\n]"
10:20:28.265 [main] DEBUG org.apache.http.wire - << "Transfer-Encoding: chunked[\r][\n]"
10:20:28.266 [main] DEBUG org.apache.http.wire - << "Connection: keep-alive[\r][\n]"
10:20:28.266 [main] DEBUG org.apache.http.wire - << "Vary: Accept-Encoding[\r][\n]"
10:20:28.266 [main] DEBUG org.apache.http.wire - << "X-Powered-By: PHP/7.0.33[\r][\n]"
10:20:28.266 [main] DEBUG org.apache.http.wire - << "Access-Control-Allow-Origin: *[\r][\n]"
10:20:28.266 [main] DEBUG org.apache.http.wire - << "[\r][\n]"
10:20:28.266 [main] DEBUG org.apache.http.impl.conn.DefaultClientConnection - Receiving response: HTTP/1.1 200 OK
10:20:28.266 [main] DEBUG org.apache.http.headers - << HTTP/1.1 200 OK
10:20:28.266 [main] DEBUG org.apache.http.headers - << Server: nginx
10:20:28.267 [main] DEBUG org.apache.http.headers - << Date: Thu, 02 Jan 2020 02:20:29 GMT
10:20:28.267 [main] DEBUG org.apache.http.headers - << Content-Type: text/html; charset=UTF-8
10:20:28.267 [main] DEBUG org.apache.http.headers - << Transfer-Encoding: chunked
10:20:28.267 [main] DEBUG org.apache.http.headers - << Connection: keep-alive
10:20:28.267 [main] DEBUG org.apache.http.headers - << Vary: Accept-Encoding
10:20:28.267 [main] DEBUG org.apache.http.headers - << X-Powered-By: PHP/7.0.33
10:20:28.267 [main] DEBUG org.apache.http.headers - << Access-Control-Allow-Origin: *
10:20:28.268 [main] DEBUG org.apache.http.impl.client.DefaultHttpClient - Connection can be kept alive indefinitely
10:20:28.268 [main] DEBUG org.apache.http.wire - << "2d[\r][\n]"
10:20:28.268 [main] DEBUG org.apache.http.wire - << "{"status":0,"msg":"\u975e\u6cd5\u64cd\u4f5c"}"
10:20:28.268 [main] DEBUG org.apache.http.wire - << "[\r][\n]"
10:20:28.268 [main] DEBUG org.apache.http.wire - << "0[\r][\n]"
10:20:28.268 [main] DEBUG org.apache.http.wire - << "[\r][\n]"
10:20:28.269 [main] DEBUG org.apache.http.impl.conn.SingleClientConnManager - Releasing connection org.apache.http.impl.conn.SingleClientConnManager$ConnAdapter@12365c88
10:20:28.269 [main] INFO  com.toutiao.cases.luntancase.LikeTest - 实际结果：{"status":0,"msg":"\u975e\u6cd5\u64cd\u4f5c"}
]]></system-out>
  </testcase>
  <testcase name="getLike2" classname="com.toutiao.cases.luntancase.LikeTest" time="0.505"/>
  <testcase name="getFavori" classname="com.toutiao.cases.luntancase.FavoriTest" time="0.117"/>
  <testcase name="getFavori2" classname="com.toutiao.cases.luntancase.FavoriTest" time="0.119"/>
  <testcase name="getExpertHome1" classname="com.toutiao.cases.luntancase.ExpertHomeTest" time="0.115"/>
  <testcase name="getExpertHome2" classname="com.toutiao.cases.luntancase.ExpertHomeTest" time="0.107"/>
  <testcase name="getExpertHome3" classname="com.toutiao.cases.luntancase.ExpertHomeTest" time="0.116"/>
  <testcase name="getTj" classname="com.toutiao.cases.toutiaocase.TjTest" time="0.513"/>
  <testcase name="getTj2" classname="com.toutiao.cases.toutiaocase.TjTest" time="0.485"/>
  <testcase name="getTj3" classname="com.toutiao.cases.toutiaocase.TjTest" time="0.476"/>
  <testcase name="getTj4" classname="com.toutiao.cases.toutiaocase.TjTest" time="0.105"/>
  <testcase name="getGsList" classname="com.toutiao.cases.toutiaocase.GsListTest" time="0.121"/>
  <testcase name="getGsList2" classname="com.toutiao.cases.toutiaocase.GsListTest" time="0.115"/>
  <testcase name="getShare" classname="com.toutiao.cases.toutiaocase.ShareTest" time="0.105"/>
  <testcase name="getShare2" classname="com.toutiao.cases.toutiaocase.ShareTest" time="0.105"/>
  <testcase name="getShare3" classname="com.toutiao.cases.toutiaocase.ShareTest" time="0.106"/>
  <testcase name="getPub" classname="com.toutiao.cases.luntancase.GetPubTest" time="0.002"/>
  <testcase name="getPre" classname="com.toutiao.cases.luntancase.GetPreTest" time="0.542"/>
  <testcase name="getUserCenter" classname="com.toutiao.cases.luntancase.UserCenterTest" time="0.111"/>
  <testcase name="getMyItem" classname="com.toutiao.cases.luntancase.MyItemTest" time="0.501"/>
  <testcase name="getMyFavor" classname="com.toutiao.cases.luntancase.MyFavorTest" time="0.205"/>
</testsuite>