<?xml version="1.0" encoding="UTF-8" ?>
<testsuite tests="28" failures="1" name="TestSuite" time="7.754" errors="0" skipped="0">
  <properties>
    <property name="java.runtime.name" value="Java(TM) SE Runtime Environment"/>
    <property name="sun.boot.library.path" value="C:\Program Files\Java\jdk1.8.0_202\jre\bin"/>
    <property name="java.vm.version" value="25.202-b08"/>
    <property name="java.vm.vendor" value="Oracle Corporation"/>
    <property name="java.vendor.url" value="http://java.oracle.com/"/>
    <property name="path.separator" value=";"/>
    <property name="java.vm.name" value="Java HotSpot(TM) 64-Bit Server VM"/>
    <property name="file.encoding.pkg" value="sun.io"/>
    <property name="user.script" value=""/>
    <property name="user.country" value="CN"/>
    <property name="sun.java.launcher" value="SUN_STANDARD"/>
    <property name="sun.os.patch.level" value=""/>
    <property name="java.vm.specification.name" value="Java Virtual Machine Specification"/>
    <property name="user.dir" value="C:\Users\ASUS\IdeaProjects\daineTest\autotest"/>
    <property name="java.runtime.version" value="1.8.0_202-b08"/>
    <property name="java.awt.graphicsenv" value="sun.awt.Win32GraphicsEnvironment"/>
    <property name="basedir" value="C:\Users\ASUS\IdeaProjects\daineTest\autotest"/>
    <property name="java.endorsed.dirs" value="C:\Program Files\Java\jdk1.8.0_202\jre\lib\endorsed"/>
    <property name="os.arch" value="amd64"/>
    <property name="surefire.real.class.path" value="C:\Users\ASUS\IdeaProjects\daineTest\autotest\target\surefire\surefirebooter194001026733787669.jar"/>
    <property name="java.io.tmpdir" value="C:\Users\ASUS\AppData\Local\Temp\"/>
    <property name="line.separator" value="
"/>
    <property name="java.vm.specification.vendor" value="Oracle Corporation"/>
    <property name="user.variant" value=""/>
    <property name="os.name" value="Windows 10"/>
    <property name="sun.jnu.encoding" value="GBK"/>
    <property name="java.library.path" value="C:\Program Files\Java\jdk1.8.0_202\jre\bin;C:\WINDOWS\Sun\Java\bin;C:\WINDOWS\system32;C:\WINDOWS;C:\Program Files\Git\mingw64\bin;C:\Program Files\Git\usr\bin;C:\Users\ASUS\bin;C:\Program Files (x86)\Common Files\Oracle\Java\javapath;C:\Program Files (x86)\NetSarang\Xshell 6;C:\Program Files (x86)\Intel\Intel(R) Management Engine Components\iCLS;C:\Program Files\Intel\Intel(R) Management Engine Components\iCLS;C:\Windows\system32;C:\Windows;C:\Windows\System32\Wbem;C:\Windows\System32\WindowsPowerShell\v1.0;C:\Windows\System32\OpenSSH;C:\Program Files (x86)\NVIDIA Corporation\PhysX\Common;C:\Program Files (x86)\Intel\Intel(R) Management Engine Components\DAL;C:\Program Files\Intel\Intel(R) Management Engine Components\DAL;C:\Program Files (x86)\Intel\Intel(R) Management Engine Components\IPT;C:\Program Files\Intel\Intel(R) Management Engine Components\IPT;C:\Program Files\Intel\WiFi\bin;C:\Program Files\Common Files\Intel\WirelessCommon;C:\Program Files\Java\jdk1.8.0_202\bi;C:\Program Files\Java\jdk1.8.0_202\jre\bin;.;C:\Users\ASUS\Downloads\apache-maven-3.6.2\bin;C:\Program Files\Git\cmd;C:\Program Files\MySQL\MySQL Server 5.7\bin;C:\Users\ASUS\Downloads\apache-jmeter-5.2\bin;C:\WINDOWS\system32;C:\WINDOWS;C:\WINDOWS\System32\Wbem;C:\WINDOWS\System32\WindowsPowerShell\v1.0;C:\WINDOWS\System32\OpenSSH;C:\Users\ASUS\AppData\Local\Programs\Python\Python38\Scripts;C:\Users\ASUS\AppData\Local\Programs\Python\Python38;C:\Users\ASUS\AppData\Local\Microsoft\WindowsApps;C:\Program Files\JetBrains\IntelliJ IDEA 2019.2.4\bin;C:\Users\ASUS\AppData\Local\Programs\Fiddler;C:\Program Files\JetBrains\IntelliJ IDEA 2019.2.4\plugins\maven\lib\maven3\bin;C:\Users\ASUS\AppData\Local\Microsoft\WindowsApps;C:\Program Files\JetBrains\DataGrip 2019.2.6\bin;."/>
    <property name="surefire.test.class.path" value="C:\Users\ASUS\IdeaProjects\daineTest\autotest\target\test-classes;C:\Users\ASUS\IdeaProjects\daineTest\autotest\target\classes;C:\Users\ASUS\.m2\repository\org\apache\httpcomponents\httpclient\4.1.2\httpclient-4.1.2.jar;C:\Users\ASUS\.m2\repository\org\apache\httpcomponents\httpcore\4.1.2\httpcore-4.1.2.jar;C:\Users\ASUS\.m2\repository\commons-codec\commons-codec\1.4\commons-codec-1.4.jar;C:\Users\ASUS\.m2\repository\com\alibaba\fastjson\1.2.46\fastjson-1.2.46.jar;C:\Users\ASUS\.m2\repository\org\testng\testng\6.10\testng-6.10.jar;C:\Users\ASUS\.m2\repository\com\beust\jcommander\1.48\jcommander-1.48.jar;C:\Users\ASUS\.m2\repository\org\json\json\20170516\json-20170516.jar;C:\Users\ASUS\.m2\repository\org\mybatis\mybatis\3.4.4\mybatis-3.4.4.jar;C:\Users\ASUS\.m2\repository\org\apache\logging\log4j\log4j-slf4j-impl\2.11.0\log4j-slf4j-impl-2.11.0.jar;C:\Users\ASUS\.m2\repository\org\slf4j\slf4j-api\1.8.0-alpha2\slf4j-api-1.8.0-alpha2.jar;C:\Users\ASUS\.m2\repository\org\apache\logging\log4j\log4j-api\2.11.0\log4j-api-2.11.0.jar;C:\Users\ASUS\.m2\repository\org\apache\logging\log4j\log4j-core\2.11.0\log4j-core-2.11.0.jar;C:\Users\ASUS\.m2\repository\org\springframework\spring-context\5.2.1.RELEASE\spring-context-5.2.1.RELEASE.jar;C:\Users\ASUS\.m2\repository\org\springframework\spring-aop\5.2.1.RELEASE\spring-aop-5.2.1.RELEASE.jar;C:\Users\ASUS\.m2\repository\org\springframework\spring-beans\5.2.1.RELEASE\spring-beans-5.2.1.RELEASE.jar;C:\Users\ASUS\.m2\repository\org\springframework\spring-core\5.2.1.RELEASE\spring-core-5.2.1.RELEASE.jar;C:\Users\ASUS\.m2\repository\org\springframework\spring-jcl\5.2.1.RELEASE\spring-jcl-5.2.1.RELEASE.jar;C:\Users\ASUS\.m2\repository\org\springframework\spring-expression\5.2.1.RELEASE\spring-expression-5.2.1.RELEASE.jar;C:\Users\ASUS\.m2\repository\mysql\mysql-connector-java\5.1.6\mysql-connector-java-5.1.6.jar;C:\Users\ASUS\.m2\repository\org\projectlombok\lombok\1.16.14\lombok-1.16.14.jar;C:\Users\ASUS\.m2\repository\net\sourceforge\jexcelapi\jxl\2.6.12\jxl-2.6.12.jar;C:\Users\ASUS\.m2\repository\log4j\log4j\1.2.14\log4j-1.2.14.jar;C:\Users\ASUS\.m2\repository\org\mybatis\spring\boot\mybatis-spring-boot-starter\1.3.0\mybatis-spring-boot-starter-1.3.0.jar;C:\Users\ASUS\.m2\repository\org\springframework\boot\spring-boot-starter\1.5.2.RELEASE\spring-boot-starter-1.5.2.RELEASE.jar;C:\Users\ASUS\.m2\repository\org\springframework\boot\spring-boot\1.5.2.RELEASE\spring-boot-1.5.2.RELEASE.jar;C:\Users\ASUS\.m2\repository\org\springframework\boot\spring-boot-autoconfigure\1.5.2.RELEASE\spring-boot-autoconfigure-1.5.2.RELEASE.jar;C:\Users\ASUS\.m2\repository\org\springframework\boot\spring-boot-starter-logging\1.5.2.RELEASE\spring-boot-starter-logging-1.5.2.RELEASE.jar;C:\Users\ASUS\.m2\repository\ch\qos\logback\logback-classic\1.1.11\logback-classic-1.1.11.jar;C:\Users\ASUS\.m2\repository\ch\qos\logback\logback-core\1.1.11\logback-core-1.1.11.jar;C:\Users\ASUS\.m2\repository\org\slf4j\jul-to-slf4j\1.7.24\jul-to-slf4j-1.7.24.jar;C:\Users\ASUS\.m2\repository\org\slf4j\log4j-over-slf4j\1.7.24\log4j-over-slf4j-1.7.24.jar;C:\Users\ASUS\.m2\repository\org\yaml\snakeyaml\1.17\snakeyaml-1.17.jar;C:\Users\ASUS\.m2\repository\org\springframework\boot\spring-boot-starter-jdbc\1.5.2.RELEASE\spring-boot-starter-jdbc-1.5.2.RELEASE.jar;C:\Users\ASUS\.m2\repository\org\apache\tomcat\tomcat-jdbc\8.5.11\tomcat-jdbc-8.5.11.jar;C:\Users\ASUS\.m2\repository\org\apache\tomcat\tomcat-juli\8.5.11\tomcat-juli-8.5.11.jar;C:\Users\ASUS\.m2\repository\org\springframework\spring-jdbc\4.3.7.RELEASE\spring-jdbc-4.3.7.RELEASE.jar;C:\Users\ASUS\.m2\repository\org\springframework\spring-tx\4.3.7.RELEASE\spring-tx-4.3.7.RELEASE.jar;C:\Users\ASUS\.m2\repository\org\mybatis\spring\boot\mybatis-spring-boot-autoconfigure\1.3.0\mybatis-spring-boot-autoconfigure-1.3.0.jar;C:\Users\ASUS\.m2\repository\org\mybatis\mybatis-spring\1.3.1\mybatis-spring-1.3.1.jar;C:\Users\ASUS\.m2\repository\com\squareup\retrofit2\retrofit\2.2.0\retrofit-2.2.0.jar;C:\Users\ASUS\.m2\repository\com\squareup\retrofit2\converter-gson\2.3.0\converter-gson-2.3.0.jar;C:\Users\ASUS\.m2\repository\com\google\code\gson\gson\2.7\gson-2.7.jar;C:\Users\ASUS\.m2\repository\com\squareup\okhttp3\okhttp\3.9.1\okhttp-3.9.1.jar;C:\Users\ASUS\.m2\repository\com\squareup\okio\okio\1.13.0\okio-1.13.0.jar;C:\Users\ASUS\.m2\repository\org\apache\jmeter\ApacheJMeter_core\3.2\ApacheJMeter_core-3.2.jar;C:\Users\ASUS\.m2\repository\org\apache\jmeter\jorphan\3.2\jorphan-3.2.jar;C:\Users\ASUS\.m2\repository\org\ow2\asm\asm\5.2\asm-5.2.jar;C:\Users\ASUS\.m2\repository\net\minidev\accessors-smart\1.2\accessors-smart-1.2.jar;C:\Users\ASUS\.m2\repository\bsf\bsf\2.4.0\bsf-2.4.0.jar;C:\Users\ASUS\.m2\repository\org\beanshell\bsh\2.0b5\bsh-2.0b5.jar;C:\Users\ASUS\.m2\repository\org\bouncycastle\bcmail-jdk15on\1.49\bcmail-jdk15on-1.49.jar;C:\Users\ASUS\.m2\repository\org\bouncycastle\bcprov-jdk15on\1.49\bcprov-jdk15on-1.49.jar;C:\Users\ASUS\.m2\repository\org\bouncycastle\bcpkix-jdk15on\1.49\bcpkix-jdk15on-1.49.jar;C:\Users\ASUS\.m2\repository\com\github\ben-manes\caffeine\caffeine\2.4.0\caffeine-2.4.0.jar;C:\Users\ASUS\.m2\repository\commons-collections\commons-collections\3.2.2\commons-collections-3.2.2.jar;C:\Users\ASUS\.m2\repository\org\apache\commons\commons-dbcp2\2.1.1\commons-dbcp2-2.1.1.jar;C:\Users\ASUS\.m2\repository\commons-io\commons-io\2.5\commons-io-2.5.jar;C:\Users\ASUS\.m2\repository\org\apache\commons\commons-jexl\2.1.1\commons-jexl-2.1.1.jar;C:\Users\ASUS\.m2\repository\org\apache\commons\commons-jexl3\3.0\commons-jexl3-3.0.jar;C:\Users\ASUS\.m2\repository\org\apache\commons\commons-lang3\3.5\commons-lang3-3.5.jar;C:\Users\ASUS\.m2\repository\org\apache\commons\commons-math3\3.6.1\commons-math3-3.6.1.jar;C:\Users\ASUS\.m2\repository\commons-net\commons-net\3.6\commons-net-3.6.jar;C:\Users\ASUS\.m2\repository\org\apache\commons\commons-pool2\2.4.2\commons-pool2-2.4.2.jar;C:\Users\ASUS\.m2\repository\dnsjava\dnsjava\2.1.8\dnsjava-2.1.8.jar;C:\Users\ASUS\.m2\repository\org\codehaus\groovy\groovy-all\2.4.10\groovy-all-2.4.10.jar;C:\Users\ASUS\.m2\repository\org\apache\httpcomponents\httpasyncclient\4.1.3\httpasyncclient-4.1.3.jar;C:\Users\ASUS\.m2\repository\org\apache\httpcomponents\httpmime\4.5.3\httpmime-4.5.3.jar;C:\Users\ASUS\.m2\repository\org\apache\httpcomponents\httpcore-nio\4.4.6\httpcore-nio-4.4.6.jar;C:\Users\ASUS\.m2\repository\oro\oro\2.0.8\oro-2.0.8.jar;C:\Users\ASUS\.m2\repository\jcharts\jcharts\0.7.5\jcharts-0.7.5.jar;C:\Users\ASUS\.m2\repository\org\mozilla\rhino\1.7.7.1\rhino-1.7.7.1.jar;C:\Users\ASUS\.m2\repository\junit\junit\4.12\junit-4.12.jar;C:\Users\ASUS\.m2\repository\net\sf\jtidy\jtidy\r938\jtidy-r938.jar;C:\Users\ASUS\.m2\repository\org\apache\tika\tika-core\1.14\tika-core-1.14.jar;C:\Users\ASUS\.m2\repository\org\apache\tika\tika-parsers\1.14\tika-parsers-1.14.jar;C:\Users\ASUS\.m2\repository\org\gagravarr\vorbis-java-tika\0.8\vorbis-java-tika-0.8.jar;C:\Users\ASUS\.m2\repository\com\healthmarketscience\jackcess\jackcess\2.1.4\jackcess-2.1.4.jar;C:\Users\ASUS\.m2\repository\commons-lang\commons-lang\2.6\commons-lang-2.6.jar;C:\Users\ASUS\.m2\repository\com\healthmarketscience\jackcess\jackcess-encrypt\2.1.1\jackcess-encrypt-2.1.1.jar;C:\Users\ASUS\.m2\repository\org\tallison\jmatio\1.2\jmatio-1.2.jar;C:\Users\ASUS\.m2\repository\org\apache\james\apache-mime4j-core\0.7.2\apache-mime4j-core-0.7.2.jar;C:\Users\ASUS\.m2\repository\org\apache\james\apache-mime4j-dom\0.7.2\apache-mime4j-dom-0.7.2.jar;C:\Users\ASUS\.m2\repository\org\apache\commons\commons-compress\1.12\commons-compress-1.12.jar;C:\Users\ASUS\.m2\repository\org\tukaani\xz\1.5\xz-1.5.jar;C:\Users\ASUS\.m2\repository\org\apache\pdfbox\pdfbox\2.0.3\pdfbox-2.0.3.jar;C:\Users\ASUS\.m2\repository\org\apache\pdfbox\fontbox\2.0.3\fontbox-2.0.3.jar;C:\Users\ASUS\.m2\repository\org\apache\pdfbox\pdfbox-tools\2.0.3\pdfbox-tools-2.0.3.jar;C:\Users\ASUS\.m2\repository\org\apache\pdfbox\pdfbox-debugger\2.0.3\pdfbox-debugger-2.0.3.jar;C:\Users\ASUS\.m2\repository\org\apache\pdfbox\jempbox\1.8.12\jempbox-1.8.12.jar;C:\Users\ASUS\.m2\repository\org\apache\poi\poi\3.15\poi-3.15.jar;C:\Users\ASUS\.m2\repository\org\apache\commons\commons-collections4\4.1\commons-collections4-4.1.jar;C:\Users\ASUS\.m2\repository\org\apache\poi\poi-scratchpad\3.15\poi-scratchpad-3.15.jar;C:\Users\ASUS\.m2\repository\org\apache\poi\poi-ooxml\3.15\poi-ooxml-3.15.jar;C:\Users\ASUS\.m2\repository\org\apache\poi\poi-ooxml-schemas\3.15\poi-ooxml-schemas-3.15.jar;C:\Users\ASUS\.m2\repository\org\apache\xmlbeans\xmlbeans\2.6.0\xmlbeans-2.6.0.jar;C:\Users\ASUS\.m2\repository\com\github\virtuald\curvesapi\1.04\curvesapi-1.04.jar;C:\Users\ASUS\.m2\repository\org\ccil\cowan\tagsoup\tagsoup\1.2.1\tagsoup-1.2.1.jar;C:\Users\ASUS\.m2\repository\com\googlecode\mp4parser\isoparser\1.1.18\isoparser-1.1.18.jar;C:\Users\ASUS\.m2\repository\com\drewnoakes\metadata-extractor\2.9.1\metadata-extractor-2.9.1.jar;C:\Users\ASUS\.m2\repository\com\adobe\xmp\xmpcore\5.1.2\xmpcore-5.1.2.jar;C:\Users\ASUS\.m2\repository\de\l3s\boilerpipe\boilerpipe\1.1.0\boilerpipe-1.1.0.jar;C:\Users\ASUS\.m2\repository\com\rometools\rome\1.5.1\rome-1.5.1.jar;C:\Users\ASUS\.m2\repository\com\rometools\rome-utils\1.5.1\rome-utils-1.5.1.jar;C:\Users\ASUS\.m2\repository\org\gagravarr\vorbis-java-core\0.8\vorbis-java-core-0.8.jar;C:\Users\ASUS\.m2\repository\com\googlecode\juniversalchardet\juniversalchardet\1.0.3\juniversalchardet-1.0.3.jar;C:\Users\ASUS\.m2\repository\org\codelibs\jhighlight\1.0.2\jhighlight-1.0.2.jar;C:\Users\ASUS\.m2\repository\com\pff\java-libpst\0.8.1\java-libpst-0.8.1.jar;C:\Users\ASUS\.m2\repository\com\github\junrar\junrar\0.7\junrar-0.7.jar;C:\Users\ASUS\.m2\repository\commons-logging\commons-logging-api\1.1\commons-logging-api-1.1.jar;C:\Users\ASUS\.m2\repository\org\apache\commons\commons-vfs2\2.0\commons-vfs2-2.0.jar;C:\Users\ASUS\.m2\repository\org\apache\maven\scm\maven-scm-api\1.4\maven-scm-api-1.4.jar;C:\Users\ASUS\.m2\repository\org\codehaus\plexus\plexus-utils\1.5.6\plexus-utils-1.5.6.jar;C:\Users\ASUS\.m2\repository\org\apache\maven\scm\maven-scm-provider-svnexe\1.4\maven-scm-provider-svnexe-1.4.jar;C:\Users\ASUS\.m2\repository\org\apache\maven\scm\maven-scm-provider-svn-commons\1.4\maven-scm-provider-svn-commons-1.4.jar;C:\Users\ASUS\.m2\repository\regexp\regexp\1.3\regexp-1.3.jar;C:\Users\ASUS\.m2\repository\org\apache\cxf\cxf-rt-rs-client\3.0.3\cxf-rt-rs-client-3.0.3.jar;C:\Users\ASUS\.m2\repository\org\apache\cxf\cxf-rt-transports-http\3.0.3\cxf-rt-transports-http-3.0.3.jar;C:\Users\ASUS\.m2\repository\org\apache\cxf\cxf-core\3.0.3\cxf-core-3.0.3.jar;C:\Users\ASUS\.m2\repository\org\codehaus\woodstox\woodstox-core-asl\4.4.1\woodstox-core-asl-4.4.1.jar;C:\Users\ASUS\.m2\repository\org\codehaus\woodstox\stax2-api\3.1.4\stax2-api-3.1.4.jar;C:\Users\ASUS\.m2\repository\org\apache\ws\xmlschema\xmlschema-core\2.1.0\xmlschema-core-2.1.0.jar;C:\Users\ASUS\.m2\repository\org\apache\cxf\cxf-rt-frontend-jaxrs\3.0.3\cxf-rt-frontend-jaxrs-3.0.3.jar;C:\Users\ASUS\.m2\repository\javax\ws\rs\javax.ws.rs-api\2.0.1\javax.ws.rs-api-2.0.1.jar;C:\Users\ASUS\.m2\repository\javax\annotation\javax.annotation-api\1.2\javax.annotation-api-1.2.jar;C:\Users\ASUS\.m2\repository\org\apache\commons\commons-exec\1.3\commons-exec-1.3.jar;C:\Users\ASUS\.m2\repository\org\apache\opennlp\opennlp-tools\1.5.3\opennlp-tools-1.5.3.jar;C:\Users\ASUS\.m2\repository\org\apache\opennlp\opennlp-maxent\3.0.3\opennlp-maxent-3.0.3.jar;C:\Users\ASUS\.m2\repository\net\sf\jwordnet\jwnl\1.3.3\jwnl-1.3.3.jar;C:\Users\ASUS\.m2\repository\com\googlecode\json-simple\json-simple\1.1.1\json-simple-1.1.1.jar;C:\Users\ASUS\.m2\repository\edu\ucar\netcdf4\4.5.5\netcdf4-4.5.5.jar;C:\Users\ASUS\.m2\repository\net\jcip\jcip-annotations\1.0\jcip-annotations-1.0.jar;C:\Users\ASUS\.m2\repository\net\java\dev\jna\jna\4.1.0\jna-4.1.0.jar;C:\Users\ASUS\.m2\repository\edu\ucar\grib\4.5.5\grib-4.5.5.jar;C:\Users\ASUS\.m2\repository\com\google\protobuf\protobuf-java\2.5.0\protobuf-java-2.5.0.jar;C:\Users\ASUS\.m2\repository\org\jdom\jdom2\2.0.4\jdom2-2.0.4.jar;C:\Users\ASUS\.m2\repository\edu\ucar\jj2000\5.2\jj2000-5.2.jar;C:\Users\ASUS\.m2\repository\org\itadaki\bzip2\0.9.1\bzip2-0.9.1.jar;C:\Users\ASUS\.m2\repository\edu\ucar\cdm\4.5.5\cdm-4.5.5.jar;C:\Users\ASUS\.m2\repository\edu\ucar\udunits\4.5.5\udunits-4.5.5.jar;C:\Users\ASUS\.m2\repository\joda-time\joda-time\2.2\joda-time-2.2.jar;C:\Users\ASUS\.m2\repository\org\quartz-scheduler\quartz\2.2.0\quartz-2.2.0.jar;C:\Users\ASUS\.m2\repository\c3p0\c3p0\0.9.1.1\c3p0-0.9.1.1.jar;C:\Users\ASUS\.m2\repository\net\sf\ehcache\ehcache-core\2.6.2\ehcache-core-2.6.2.jar;C:\Users\ASUS\.m2\repository\edu\ucar\httpservices\4.5.5\httpservices-4.5.5.jar;C:\Users\ASUS\.m2\repository\org\apache\commons\commons-csv\1.0\commons-csv-1.0.jar;C:\Users\ASUS\.m2\repository\org\apache\sis\core\sis-utility\0.6\sis-utility-0.6.jar;C:\Users\ASUS\.m2\repository\org\apache\sis\storage\sis-netcdf\0.6\sis-netcdf-0.6.jar;C:\Users\ASUS\.m2\repository\org\apache\sis\storage\sis-storage\0.6\sis-storage-0.6.jar;C:\Users\ASUS\.m2\repository\org\apache\sis\core\sis-referencing\0.6\sis-referencing-0.6.jar;C:\Users\ASUS\.m2\repository\org\apache\sis\core\sis-metadata\0.6\sis-metadata-0.6.jar;C:\Users\ASUS\.m2\repository\org\opengis\geoapi\3.0.0\geoapi-3.0.0.jar;C:\Users\ASUS\.m2\repository\javax\measure\jsr-275\0.9.3\jsr-275-0.9.3.jar;C:\Users\ASUS\.m2\repository\com\fasterxml\jackson\core\jackson-core\2.8.1\jackson-core-2.8.1.jar;C:\Users\ASUS\.m2\repository\com\thoughtworks\xstream\xstream\1.4.9\xstream-1.4.9.jar;C:\Users\ASUS\.m2\repository\xmlpull\xmlpull\1.1.3.1\xmlpull-1.1.3.1.jar;C:\Users\ASUS\.m2\repository\xpp3\xpp3_min\1.1.4c\xpp3_min-1.1.4c.jar;C:\Users\ASUS\.m2\repository\xalan\xalan\2.7.2\xalan-2.7.2.jar;C:\Users\ASUS\.m2\repository\xalan\serializer\2.7.2\serializer-2.7.2.jar;C:\Users\ASUS\.m2\repository\xerces\xercesImpl\2.11.0\xercesImpl-2.11.0.jar;C:\Users\ASUS\.m2\repository\xml-apis\xml-apis\1.4.01\xml-apis-1.4.01.jar;C:\Users\ASUS\.m2\repository\org\apache\xmlgraphics\xmlgraphics-commons\2.1\xmlgraphics-commons-2.1.jar;C:\Users\ASUS\.m2\repository\javax\mail\mail\1.5.0-b01\mail-1.5.0-b01.jar;C:\Users\ASUS\.m2\repository\javax\activation\activation\1.1\activation-1.1.jar;C:\Users\ASUS\.m2\repository\org\apache\geronimo\specs\geronimo-jms_1.1_spec\1.1.1\geronimo-jms_1.1_spec-1.1.1.jar;C:\Users\ASUS\.m2\repository\com\jayway\jsonpath\json-path\2.2.0\json-path-2.2.0.jar;C:\Users\ASUS\.m2\repository\net\minidev\json-smart\2.3\json-smart-2.3.jar;C:\Users\ASUS\.m2\repository\org\jsoup\jsoup\1.10.2\jsoup-1.10.2.jar;C:\Users\ASUS\.m2\repository\org\jodd\jodd-core\3.8.1\jodd-core-3.8.1.jar;C:\Users\ASUS\.m2\repository\org\jodd\jodd-lagarto\3.8.1\jodd-lagarto-3.8.1.jar;C:\Users\ASUS\.m2\repository\org\jodd\jodd-log\3.8.1\jodd-log-3.8.1.jar;C:\Users\ASUS\.m2\repository\org\jodd\jodd-props\3.8.1\jodd-props-3.8.1.jar;C:\Users\ASUS\.m2\repository\org\mongodb\mongo-java-driver\2.11.3\mongo-java-driver-2.11.3.jar;C:\Users\ASUS\.m2\repository\com\helger\ph-css\5.0.3\ph-css-5.0.3.jar;C:\Users\ASUS\.m2\repository\com\helger\ph-commons\8.6.0\ph-commons-8.6.0.jar;C:\Users\ASUS\.m2\repository\com\google\code\findbugs\jsr305\3.0.1\jsr305-3.0.1.jar;C:\Users\ASUS\.m2\repository\com\fifesoft\rsyntaxtextarea\2.6.1\rsyntaxtextarea-2.6.1.jar;C:\Users\ASUS\.m2\repository\org\slf4j\slf4j-ext\1.7.25\slf4j-ext-1.7.25.jar;C:\Users\ASUS\.m2\repository\org\slf4j\jcl-over-slf4j\1.7.25\jcl-over-slf4j-1.7.25.jar;C:\Users\ASUS\.m2\repository\org\apache\logging\log4j\log4j-1.2-api\2.8.1\log4j-1.2-api-2.8.1.jar;C:\Users\ASUS\.m2\repository\org\freemarker\freemarker\2.3.23\freemarker-2.3.23.jar;C:\Users\ASUS\.m2\repository\org\hamcrest\hamcrest-core\1.3\hamcrest-core-1.3.jar;C:\Users\ASUS\.m2\repository\com\relevantcodes\extentreports\2.41.1\extentreports-2.41.1.jar;C:\Users\ASUS\.m2\repository\org\xerial\sqlite-jdbc\3.8.11.1\sqlite-jdbc-3.8.11.1.jar;C:\Users\ASUS\.m2\repository\org\mongodb\mongodb-driver\3.0.4\mongodb-driver-3.0.4.jar;C:\Users\ASUS\.m2\repository\org\mongodb\bson\3.0.4\bson-3.0.4.jar;C:\Users\ASUS\.m2\repository\org\mongodb\mongodb-driver-core\3.0.4\mongodb-driver-core-3.0.4.jar;C:\Users\ASUS\.m2\repository\com\vimalselvam\testng-extentsreport\1.3.1\testng-extentsreport-1.3.1.jar;C:\Users\ASUS\.m2\repository\com\google\guava\guava\20.0\guava-20.0.jar;C:\Users\ASUS\.m2\repository\com\aventstack\extentreports\3.0.6\extentreports-3.0.6.jar;C:\Users\ASUS\.m2\repository\commons-logging\commons-logging\1.2\commons-logging-1.2.jar;"/>
    <property name="java.specification.name" value="Java Platform API Specification"/>
    <property name="java.class.version" value="52.0"/>
    <property name="sun.management.compiler" value="HotSpot 64-Bit Tiered Compilers"/>
    <property name="os.version" value="10.0"/>
    <property name="user.home" value="C:\Users\ASUS"/>
    <property name="user.timezone" value="Asia/Shanghai"/>
    <property name="java.awt.printerjob" value="sun.awt.windows.WPrinterJob"/>
    <property name="java.specification.version" value="1.8"/>
    <property name="file.encoding" value="GBK"/>
    <property name="user.name" value="ASUS"/>
    <property name="java.class.path" value="C:\Users\ASUS\IdeaProjects\daineTest\autotest\target\test-classes;C:\Users\ASUS\IdeaProjects\daineTest\autotest\target\classes;C:\Users\ASUS\.m2\repository\org\apache\httpcomponents\httpclient\4.1.2\httpclient-4.1.2.jar;C:\Users\ASUS\.m2\repository\org\apache\httpcomponents\httpcore\4.1.2\httpcore-4.1.2.jar;C:\Users\ASUS\.m2\repository\commons-codec\commons-codec\1.4\commons-codec-1.4.jar;C:\Users\ASUS\.m2\repository\com\alibaba\fastjson\1.2.46\fastjson-1.2.46.jar;C:\Users\ASUS\.m2\repository\org\testng\testng\6.10\testng-6.10.jar;C:\Users\ASUS\.m2\repository\com\beust\jcommander\1.48\jcommander-1.48.jar;C:\Users\ASUS\.m2\repository\org\json\json\20170516\json-20170516.jar;C:\Users\ASUS\.m2\repository\org\mybatis\mybatis\3.4.4\mybatis-3.4.4.jar;C:\Users\ASUS\.m2\repository\org\apache\logging\log4j\log4j-slf4j-impl\2.11.0\log4j-slf4j-impl-2.11.0.jar;C:\Users\ASUS\.m2\repository\org\slf4j\slf4j-api\1.8.0-alpha2\slf4j-api-1.8.0-alpha2.jar;C:\Users\ASUS\.m2\repository\org\apache\logging\log4j\log4j-api\2.11.0\log4j-api-2.11.0.jar;C:\Users\ASUS\.m2\repository\org\apache\logging\log4j\log4j-core\2.11.0\log4j-core-2.11.0.jar;C:\Users\ASUS\.m2\repository\org\springframework\spring-context\5.2.1.RELEASE\spring-context-5.2.1.RELEASE.jar;C:\Users\ASUS\.m2\repository\org\springframework\spring-aop\5.2.1.RELEASE\spring-aop-5.2.1.RELEASE.jar;C:\Users\ASUS\.m2\repository\org\springframework\spring-beans\5.2.1.RELEASE\spring-beans-5.2.1.RELEASE.jar;C:\Users\ASUS\.m2\repository\org\springframework\spring-core\5.2.1.RELEASE\spring-core-5.2.1.RELEASE.jar;C:\Users\ASUS\.m2\repository\org\springframework\spring-jcl\5.2.1.RELEASE\spring-jcl-5.2.1.RELEASE.jar;C:\Users\ASUS\.m2\repository\org\springframework\spring-expression\5.2.1.RELEASE\spring-expression-5.2.1.RELEASE.jar;C:\Users\ASUS\.m2\repository\mysql\mysql-connector-java\5.1.6\mysql-connector-java-5.1.6.jar;C:\Users\ASUS\.m2\repository\org\projectlombok\lombok\1.16.14\lombok-1.16.14.jar;C:\Users\ASUS\.m2\repository\net\sourceforge\jexcelapi\jxl\2.6.12\jxl-2.6.12.jar;C:\Users\ASUS\.m2\repository\log4j\log4j\1.2.14\log4j-1.2.14.jar;C:\Users\ASUS\.m2\repository\org\mybatis\spring\boot\mybatis-spring-boot-starter\1.3.0\mybatis-spring-boot-starter-1.3.0.jar;C:\Users\ASUS\.m2\repository\org\springframework\boot\spring-boot-starter\1.5.2.RELEASE\spring-boot-starter-1.5.2.RELEASE.jar;C:\Users\ASUS\.m2\repository\org\springframework\boot\spring-boot\1.5.2.RELEASE\spring-boot-1.5.2.RELEASE.jar;C:\Users\ASUS\.m2\repository\org\springframework\boot\spring-boot-autoconfigure\1.5.2.RELEASE\spring-boot-autoconfigure-1.5.2.RELEASE.jar;C:\Users\ASUS\.m2\repository\org\springframework\boot\spring-boot-starter-logging\1.5.2.RELEASE\spring-boot-starter-logging-1.5.2.RELEASE.jar;C:\Users\ASUS\.m2\repository\ch\qos\logback\logback-classic\1.1.11\logback-classic-1.1.11.jar;C:\Users\ASUS\.m2\repository\ch\qos\logback\logback-core\1.1.11\logback-core-1.1.11.jar;C:\Users\ASUS\.m2\repository\org\slf4j\jul-to-slf4j\1.7.24\jul-to-slf4j-1.7.24.jar;C:\Users\ASUS\.m2\repository\org\slf4j\log4j-over-slf4j\1.7.24\log4j-over-slf4j-1.7.24.jar;C:\Users\ASUS\.m2\repository\org\yaml\snakeyaml\1.17\snakeyaml-1.17.jar;C:\Users\ASUS\.m2\repository\org\springframework\boot\spring-boot-starter-jdbc\1.5.2.RELEASE\spring-boot-starter-jdbc-1.5.2.RELEASE.jar;C:\Users\ASUS\.m2\repository\org\apache\tomcat\tomcat-jdbc\8.5.11\tomcat-jdbc-8.5.11.jar;C:\Users\ASUS\.m2\repository\org\apache\tomcat\tomcat-juli\8.5.11\tomcat-juli-8.5.11.jar;C:\Users\ASUS\.m2\repository\org\springframework\spring-jdbc\4.3.7.RELEASE\spring-jdbc-4.3.7.RELEASE.jar;C:\Users\ASUS\.m2\repository\org\springframework\spring-tx\4.3.7.RELEASE\spring-tx-4.3.7.RELEASE.jar;C:\Users\ASUS\.m2\repository\org\mybatis\spring\boot\mybatis-spring-boot-autoconfigure\1.3.0\mybatis-spring-boot-autoconfigure-1.3.0.jar;C:\Users\ASUS\.m2\repository\org\mybatis\mybatis-spring\1.3.1\mybatis-spring-1.3.1.jar;C:\Users\ASUS\.m2\repository\com\squareup\retrofit2\retrofit\2.2.0\retrofit-2.2.0.jar;C:\Users\ASUS\.m2\repository\com\squareup\retrofit2\converter-gson\2.3.0\converter-gson-2.3.0.jar;C:\Users\ASUS\.m2\repository\com\google\code\gson\gson\2.7\gson-2.7.jar;C:\Users\ASUS\.m2\repository\com\squareup\okhttp3\okhttp\3.9.1\okhttp-3.9.1.jar;C:\Users\ASUS\.m2\repository\com\squareup\okio\okio\1.13.0\okio-1.13.0.jar;C:\Users\ASUS\.m2\repository\org\apache\jmeter\ApacheJMeter_core\3.2\ApacheJMeter_core-3.2.jar;C:\Users\ASUS\.m2\repository\org\apache\jmeter\jorphan\3.2\jorphan-3.2.jar;C:\Users\ASUS\.m2\repository\org\ow2\asm\asm\5.2\asm-5.2.jar;C:\Users\ASUS\.m2\repository\net\minidev\accessors-smart\1.2\accessors-smart-1.2.jar;C:\Users\ASUS\.m2\repository\bsf\bsf\2.4.0\bsf-2.4.0.jar;C:\Users\ASUS\.m2\repository\org\beanshell\bsh\2.0b5\bsh-2.0b5.jar;C:\Users\ASUS\.m2\repository\org\bouncycastle\bcmail-jdk15on\1.49\bcmail-jdk15on-1.49.jar;C:\Users\ASUS\.m2\repository\org\bouncycastle\bcprov-jdk15on\1.49\bcprov-jdk15on-1.49.jar;C:\Users\ASUS\.m2\repository\org\bouncycastle\bcpkix-jdk15on\1.49\bcpkix-jdk15on-1.49.jar;C:\Users\ASUS\.m2\repository\com\github\ben-manes\caffeine\caffeine\2.4.0\caffeine-2.4.0.jar;C:\Users\ASUS\.m2\repository\commons-collections\commons-collections\3.2.2\commons-collections-3.2.2.jar;C:\Users\ASUS\.m2\repository\org\apache\commons\commons-dbcp2\2.1.1\commons-dbcp2-2.1.1.jar;C:\Users\ASUS\.m2\repository\commons-io\commons-io\2.5\commons-io-2.5.jar;C:\Users\ASUS\.m2\repository\org\apache\commons\commons-jexl\2.1.1\commons-jexl-2.1.1.jar;C:\Users\ASUS\.m2\repository\org\apache\commons\commons-jexl3\3.0\commons-jexl3-3.0.jar;C:\Users\ASUS\.m2\repository\org\apache\commons\commons-lang3\3.5\commons-lang3-3.5.jar;C:\Users\ASUS\.m2\repository\org\apache\commons\commons-math3\3.6.1\commons-math3-3.6.1.jar;C:\Users\ASUS\.m2\repository\commons-net\commons-net\3.6\commons-net-3.6.jar;C:\Users\ASUS\.m2\repository\org\apache\commons\commons-pool2\2.4.2\commons-pool2-2.4.2.jar;C:\Users\ASUS\.m2\repository\dnsjava\dnsjava\2.1.8\dnsjava-2.1.8.jar;C:\Users\ASUS\.m2\repository\org\codehaus\groovy\groovy-all\2.4.10\groovy-all-2.4.10.jar;C:\Users\ASUS\.m2\repository\org\apache\httpcomponents\httpasyncclient\4.1.3\httpasyncclient-4.1.3.jar;C:\Users\ASUS\.m2\repository\org\apache\httpcomponents\httpmime\4.5.3\httpmime-4.5.3.jar;C:\Users\ASUS\.m2\repository\org\apache\httpcomponents\httpcore-nio\4.4.6\httpcore-nio-4.4.6.jar;C:\Users\ASUS\.m2\repository\oro\oro\2.0.8\oro-2.0.8.jar;C:\Users\ASUS\.m2\repository\jcharts\jcharts\0.7.5\jcharts-0.7.5.jar;C:\Users\ASUS\.m2\repository\org\mozilla\rhino\1.7.7.1\rhino-1.7.7.1.jar;C:\Users\ASUS\.m2\repository\junit\junit\4.12\junit-4.12.jar;C:\Users\ASUS\.m2\repository\net\sf\jtidy\jtidy\r938\jtidy-r938.jar;C:\Users\ASUS\.m2\repository\org\apache\tika\tika-core\1.14\tika-core-1.14.jar;C:\Users\ASUS\.m2\repository\org\apache\tika\tika-parsers\1.14\tika-parsers-1.14.jar;C:\Users\ASUS\.m2\repository\org\gagravarr\vorbis-java-tika\0.8\vorbis-java-tika-0.8.jar;C:\Users\ASUS\.m2\repository\com\healthmarketscience\jackcess\jackcess\2.1.4\jackcess-2.1.4.jar;C:\Users\ASUS\.m2\repository\commons-lang\commons-lang\2.6\commons-lang-2.6.jar;C:\Users\ASUS\.m2\repository\com\healthmarketscience\jackcess\jackcess-encrypt\2.1.1\jackcess-encrypt-2.1.1.jar;C:\Users\ASUS\.m2\repository\org\tallison\jmatio\1.2\jmatio-1.2.jar;C:\Users\ASUS\.m2\repository\org\apache\james\apache-mime4j-core\0.7.2\apache-mime4j-core-0.7.2.jar;C:\Users\ASUS\.m2\repository\org\apache\james\apache-mime4j-dom\0.7.2\apache-mime4j-dom-0.7.2.jar;C:\Users\ASUS\.m2\repository\org\apache\commons\commons-compress\1.12\commons-compress-1.12.jar;C:\Users\ASUS\.m2\repository\org\tukaani\xz\1.5\xz-1.5.jar;C:\Users\ASUS\.m2\repository\org\apache\pdfbox\pdfbox\2.0.3\pdfbox-2.0.3.jar;C:\Users\ASUS\.m2\repository\org\apache\pdfbox\fontbox\2.0.3\fontbox-2.0.3.jar;C:\Users\ASUS\.m2\repository\org\apache\pdfbox\pdfbox-tools\2.0.3\pdfbox-tools-2.0.3.jar;C:\Users\ASUS\.m2\repository\org\apache\pdfbox\pdfbox-debugger\2.0.3\pdfbox-debugger-2.0.3.jar;C:\Users\ASUS\.m2\repository\org\apache\pdfbox\jempbox\1.8.12\jempbox-1.8.12.jar;C:\Users\ASUS\.m2\repository\org\apache\poi\poi\3.15\poi-3.15.jar;C:\Users\ASUS\.m2\repository\org\apache\commons\commons-collections4\4.1\commons-collections4-4.1.jar;C:\Users\ASUS\.m2\repository\org\apache\poi\poi-scratchpad\3.15\poi-scratchpad-3.15.jar;C:\Users\ASUS\.m2\repository\org\apache\poi\poi-ooxml\3.15\poi-ooxml-3.15.jar;C:\Users\ASUS\.m2\repository\org\apache\poi\poi-ooxml-schemas\3.15\poi-ooxml-schemas-3.15.jar;C:\Users\ASUS\.m2\repository\org\apache\xmlbeans\xmlbeans\2.6.0\xmlbeans-2.6.0.jar;C:\Users\ASUS\.m2\repository\com\github\virtuald\curvesapi\1.04\curvesapi-1.04.jar;C:\Users\ASUS\.m2\repository\org\ccil\cowan\tagsoup\tagsoup\1.2.1\tagsoup-1.2.1.jar;C:\Users\ASUS\.m2\repository\com\googlecode\mp4parser\isoparser\1.1.18\isoparser-1.1.18.jar;C:\Users\ASUS\.m2\repository\com\drewnoakes\metadata-extractor\2.9.1\metadata-extractor-2.9.1.jar;C:\Users\ASUS\.m2\repository\com\adobe\xmp\xmpcore\5.1.2\xmpcore-5.1.2.jar;C:\Users\ASUS\.m2\repository\de\l3s\boilerpipe\boilerpipe\1.1.0\boilerpipe-1.1.0.jar;C:\Users\ASUS\.m2\repository\com\rometools\rome\1.5.1\rome-1.5.1.jar;C:\Users\ASUS\.m2\repository\com\rometools\rome-utils\1.5.1\rome-utils-1.5.1.jar;C:\Users\ASUS\.m2\repository\org\gagravarr\vorbis-java-core\0.8\vorbis-java-core-0.8.jar;C:\Users\ASUS\.m2\repository\com\googlecode\juniversalchardet\juniversalchardet\1.0.3\juniversalchardet-1.0.3.jar;C:\Users\ASUS\.m2\repository\org\codelibs\jhighlight\1.0.2\jhighlight-1.0.2.jar;C:\Users\ASUS\.m2\repository\com\pff\java-libpst\0.8.1\java-libpst-0.8.1.jar;C:\Users\ASUS\.m2\repository\com\github\junrar\junrar\0.7\junrar-0.7.jar;C:\Users\ASUS\.m2\repository\commons-logging\commons-logging-api\1.1\commons-logging-api-1.1.jar;C:\Users\ASUS\.m2\repository\org\apache\commons\commons-vfs2\2.0\commons-vfs2-2.0.jar;C:\Users\ASUS\.m2\repository\org\apache\maven\scm\maven-scm-api\1.4\maven-scm-api-1.4.jar;C:\Users\ASUS\.m2\repository\org\codehaus\plexus\plexus-utils\1.5.6\plexus-utils-1.5.6.jar;C:\Users\ASUS\.m2\repository\org\apache\maven\scm\maven-scm-provider-svnexe\1.4\maven-scm-provider-svnexe-1.4.jar;C:\Users\ASUS\.m2\repository\org\apache\maven\scm\maven-scm-provider-svn-commons\1.4\maven-scm-provider-svn-commons-1.4.jar;C:\Users\ASUS\.m2\repository\regexp\regexp\1.3\regexp-1.3.jar;C:\Users\ASUS\.m2\repository\org\apache\cxf\cxf-rt-rs-client\3.0.3\cxf-rt-rs-client-3.0.3.jar;C:\Users\ASUS\.m2\repository\org\apache\cxf\cxf-rt-transports-http\3.0.3\cxf-rt-transports-http-3.0.3.jar;C:\Users\ASUS\.m2\repository\org\apache\cxf\cxf-core\3.0.3\cxf-core-3.0.3.jar;C:\Users\ASUS\.m2\repository\org\codehaus\woodstox\woodstox-core-asl\4.4.1\woodstox-core-asl-4.4.1.jar;C:\Users\ASUS\.m2\repository\org\codehaus\woodstox\stax2-api\3.1.4\stax2-api-3.1.4.jar;C:\Users\ASUS\.m2\repository\org\apache\ws\xmlschema\xmlschema-core\2.1.0\xmlschema-core-2.1.0.jar;C:\Users\ASUS\.m2\repository\org\apache\cxf\cxf-rt-frontend-jaxrs\3.0.3\cxf-rt-frontend-jaxrs-3.0.3.jar;C:\Users\ASUS\.m2\repository\javax\ws\rs\javax.ws.rs-api\2.0.1\javax.ws.rs-api-2.0.1.jar;C:\Users\ASUS\.m2\repository\javax\annotation\javax.annotation-api\1.2\javax.annotation-api-1.2.jar;C:\Users\ASUS\.m2\repository\org\apache\commons\commons-exec\1.3\commons-exec-1.3.jar;C:\Users\ASUS\.m2\repository\org\apache\opennlp\opennlp-tools\1.5.3\opennlp-tools-1.5.3.jar;C:\Users\ASUS\.m2\repository\org\apache\opennlp\opennlp-maxent\3.0.3\opennlp-maxent-3.0.3.jar;C:\Users\ASUS\.m2\repository\net\sf\jwordnet\jwnl\1.3.3\jwnl-1.3.3.jar;C:\Users\ASUS\.m2\repository\com\googlecode\json-simple\json-simple\1.1.1\json-simple-1.1.1.jar;C:\Users\ASUS\.m2\repository\edu\ucar\netcdf4\4.5.5\netcdf4-4.5.5.jar;C:\Users\ASUS\.m2\repository\net\jcip\jcip-annotations\1.0\jcip-annotations-1.0.jar;C:\Users\ASUS\.m2\repository\net\java\dev\jna\jna\4.1.0\jna-4.1.0.jar;C:\Users\ASUS\.m2\repository\edu\ucar\grib\4.5.5\grib-4.5.5.jar;C:\Users\ASUS\.m2\repository\com\google\protobuf\protobuf-java\2.5.0\protobuf-java-2.5.0.jar;C:\Users\ASUS\.m2\repository\org\jdom\jdom2\2.0.4\jdom2-2.0.4.jar;C:\Users\ASUS\.m2\repository\edu\ucar\jj2000\5.2\jj2000-5.2.jar;C:\Users\ASUS\.m2\repository\org\itadaki\bzip2\0.9.1\bzip2-0.9.1.jar;C:\Users\ASUS\.m2\repository\edu\ucar\cdm\4.5.5\cdm-4.5.5.jar;C:\Users\ASUS\.m2\repository\edu\ucar\udunits\4.5.5\udunits-4.5.5.jar;C:\Users\ASUS\.m2\repository\joda-time\joda-time\2.2\joda-time-2.2.jar;C:\Users\ASUS\.m2\repository\org\quartz-scheduler\quartz\2.2.0\quartz-2.2.0.jar;C:\Users\ASUS\.m2\repository\c3p0\c3p0\0.9.1.1\c3p0-0.9.1.1.jar;C:\Users\ASUS\.m2\repository\net\sf\ehcache\ehcache-core\2.6.2\ehcache-core-2.6.2.jar;C:\Users\ASUS\.m2\repository\edu\ucar\httpservices\4.5.5\httpservices-4.5.5.jar;C:\Users\ASUS\.m2\repository\org\apache\commons\commons-csv\1.0\commons-csv-1.0.jar;C:\Users\ASUS\.m2\repository\org\apache\sis\core\sis-utility\0.6\sis-utility-0.6.jar;C:\Users\ASUS\.m2\repository\org\apache\sis\storage\sis-netcdf\0.6\sis-netcdf-0.6.jar;C:\Users\ASUS\.m2\repository\org\apache\sis\storage\sis-storage\0.6\sis-storage-0.6.jar;C:\Users\ASUS\.m2\repository\org\apache\sis\core\sis-referencing\0.6\sis-referencing-0.6.jar;C:\Users\ASUS\.m2\repository\org\apache\sis\core\sis-metadata\0.6\sis-metadata-0.6.jar;C:\Users\ASUS\.m2\repository\org\opengis\geoapi\3.0.0\geoapi-3.0.0.jar;C:\Users\ASUS\.m2\repository\javax\measure\jsr-275\0.9.3\jsr-275-0.9.3.jar;C:\Users\ASUS\.m2\repository\com\fasterxml\jackson\core\jackson-core\2.8.1\jackson-core-2.8.1.jar;C:\Users\ASUS\.m2\repository\com\thoughtworks\xstream\xstream\1.4.9\xstream-1.4.9.jar;C:\Users\ASUS\.m2\repository\xmlpull\xmlpull\1.1.3.1\xmlpull-1.1.3.1.jar;C:\Users\ASUS\.m2\repository\xpp3\xpp3_min\1.1.4c\xpp3_min-1.1.4c.jar;C:\Users\ASUS\.m2\repository\xalan\xalan\2.7.2\xalan-2.7.2.jar;C:\Users\ASUS\.m2\repository\xalan\serializer\2.7.2\serializer-2.7.2.jar;C:\Users\ASUS\.m2\repository\xerces\xercesImpl\2.11.0\xercesImpl-2.11.0.jar;C:\Users\ASUS\.m2\repository\xml-apis\xml-apis\1.4.01\xml-apis-1.4.01.jar;C:\Users\ASUS\.m2\repository\org\apache\xmlgraphics\xmlgraphics-commons\2.1\xmlgraphics-commons-2.1.jar;C:\Users\ASUS\.m2\repository\javax\mail\mail\1.5.0-b01\mail-1.5.0-b01.jar;C:\Users\ASUS\.m2\repository\javax\activation\activation\1.1\activation-1.1.jar;C:\Users\ASUS\.m2\repository\org\apache\geronimo\specs\geronimo-jms_1.1_spec\1.1.1\geronimo-jms_1.1_spec-1.1.1.jar;C:\Users\ASUS\.m2\repository\com\jayway\jsonpath\json-path\2.2.0\json-path-2.2.0.jar;C:\Users\ASUS\.m2\repository\net\minidev\json-smart\2.3\json-smart-2.3.jar;C:\Users\ASUS\.m2\repository\org\jsoup\jsoup\1.10.2\jsoup-1.10.2.jar;C:\Users\ASUS\.m2\repository\org\jodd\jodd-core\3.8.1\jodd-core-3.8.1.jar;C:\Users\ASUS\.m2\repository\org\jodd\jodd-lagarto\3.8.1\jodd-lagarto-3.8.1.jar;C:\Users\ASUS\.m2\repository\org\jodd\jodd-log\3.8.1\jodd-log-3.8.1.jar;C:\Users\ASUS\.m2\repository\org\jodd\jodd-props\3.8.1\jodd-props-3.8.1.jar;C:\Users\ASUS\.m2\repository\org\mongodb\mongo-java-driver\2.11.3\mongo-java-driver-2.11.3.jar;C:\Users\ASUS\.m2\repository\com\helger\ph-css\5.0.3\ph-css-5.0.3.jar;C:\Users\ASUS\.m2\repository\com\helger\ph-commons\8.6.0\ph-commons-8.6.0.jar;C:\Users\ASUS\.m2\repository\com\google\code\findbugs\jsr305\3.0.1\jsr305-3.0.1.jar;C:\Users\ASUS\.m2\repository\com\fifesoft\rsyntaxtextarea\2.6.1\rsyntaxtextarea-2.6.1.jar;C:\Users\ASUS\.m2\repository\org\slf4j\slf4j-ext\1.7.25\slf4j-ext-1.7.25.jar;C:\Users\ASUS\.m2\repository\org\slf4j\jcl-over-slf4j\1.7.25\jcl-over-slf4j-1.7.25.jar;C:\Users\ASUS\.m2\repository\org\apache\logging\log4j\log4j-1.2-api\2.8.1\log4j-1.2-api-2.8.1.jar;C:\Users\ASUS\.m2\repository\org\freemarker\freemarker\2.3.23\freemarker-2.3.23.jar;C:\Users\ASUS\.m2\repository\org\hamcrest\hamcrest-core\1.3\hamcrest-core-1.3.jar;C:\Users\ASUS\.m2\repository\com\relevantcodes\extentreports\2.41.1\extentreports-2.41.1.jar;C:\Users\ASUS\.m2\repository\org\xerial\sqlite-jdbc\3.8.11.1\sqlite-jdbc-3.8.11.1.jar;C:\Users\ASUS\.m2\repository\org\mongodb\mongodb-driver\3.0.4\mongodb-driver-3.0.4.jar;C:\Users\ASUS\.m2\repository\org\mongodb\bson\3.0.4\bson-3.0.4.jar;C:\Users\ASUS\.m2\repository\org\mongodb\mongodb-driver-core\3.0.4\mongodb-driver-core-3.0.4.jar;C:\Users\ASUS\.m2\repository\com\vimalselvam\testng-extentsreport\1.3.1\testng-extentsreport-1.3.1.jar;C:\Users\ASUS\.m2\repository\com\google\guava\guava\20.0\guava-20.0.jar;C:\Users\ASUS\.m2\repository\com\aventstack\extentreports\3.0.6\extentreports-3.0.6.jar;C:\Users\ASUS\.m2\repository\commons-logging\commons-logging\1.2\commons-logging-1.2.jar;"/>
    <property name="java.vm.specification.version" value="1.8"/>
    <property name="sun.arch.data.model" value="64"/>
    <property name="java.home" value="C:\Program Files\Java\jdk1.8.0_202\jre"/>
    <property name="sun.java.command" value="C:\Users\ASUS\IdeaProjects\daineTest\autotest\target\surefire\surefirebooter194001026733787669.jar C:\Users\ASUS\IdeaProjects\daineTest\autotest\target\surefire\surefire3821807076509463212tmp C:\Users\ASUS\IdeaProjects\daineTest\autotest\target\surefire\surefire6373755612694054462tmp"/>
    <property name="java.specification.vendor" value="Oracle Corporation"/>
    <property name="user.language" value="zh"/>
    <property name="awt.toolkit" value="sun.awt.windows.WToolkit"/>
    <property name="java.vm.info" value="mixed mode"/>
    <property name="java.version" value="1.8.0_202"/>
    <property name="java.ext.dirs" value="C:\Program Files\Java\jdk1.8.0_202\jre\lib\ext;C:\WINDOWS\Sun\Java\lib\ext"/>
    <property name="sun.boot.class.path" value="C:\Program Files\Java\jdk1.8.0_202\jre\lib\resources.jar;C:\Program Files\Java\jdk1.8.0_202\jre\lib\rt.jar;C:\Program Files\Java\jdk1.8.0_202\jre\lib\sunrsasign.jar;C:\Program Files\Java\jdk1.8.0_202\jre\lib\jsse.jar;C:\Program Files\Java\jdk1.8.0_202\jre\lib\jce.jar;C:\Program Files\Java\jdk1.8.0_202\jre\lib\charsets.jar;C:\Program Files\Java\jdk1.8.0_202\jre\lib\jfr.jar;C:\Program Files\Java\jdk1.8.0_202\jre\classes"/>
    <property name="java.vendor" value="Oracle Corporation"/>
    <property name="localRepository" value="C:\Users\ASUS\.m2\repository"/>
    <property name="file.separator" value="\"/>
    <property name="java.vendor.url.bug" value="http://bugreport.sun.com/bugreport/"/>
    <property name="sun.cpu.endian" value="little"/>
    <property name="sun.io.unicode.encoding" value="UnicodeLittle"/>
    <property name="sun.desktop" value="windows"/>
    <property name="sun.cpu.isalist" value="amd64"/>
  </properties>
  <testcase classname="com.toutiao.cases.toutiaocase.LoginTest" name="loginTrue" time="1.026"/>
  <testcase classname="com.toutiao.cases.toutiaocase.LoginTest" name="loginFalse" time="0.13"/>
  <testcase classname="com.toutiao.cases.luntancase.GcListTest" name="gcList" time="0.468"/>
  <testcase classname="com.toutiao.cases.luntancase.ExpListTest" name="expList" time="0.269"/>
  <testcase classname="com.toutiao.cases.luntancase.BbsLookTest" name="bbsLook" time="0.864"/>
  <testcase classname="com.toutiao.cases.luntancase.ReplyTest" name="replyTest" time="0.872"/>
  <testcase classname="com.toutiao.cases.luntancase.SearchTest" name="getSearch" time="0.117"/>
  <testcase classname="com.toutiao.cases.luntancase.LikeTest" name="getLike" time="0.109">
    <failure message="expected [true] but found [false]" type="java.lang.AssertionError">java.lang.AssertionError: expected [true] but found [false]
	at org.testng.Assert.fail(Assert.java:94)
	at org.testng.Assert.failNotEquals(Assert.java:513)
	at org.testng.Assert.assertTrue(Assert.java:42)
	at org.testng.Assert.assertTrue(Assert.java:52)
	at com.toutiao.cases.luntancase.LikeTest.getLike(LikeTest.java:33)
</failure>
    <system-out>14:09:22.517 [main] DEBUG org.apache.ibatis.io.DefaultVFS - Find JAR URL: file:/C:/Users/ASUS/IdeaProjects/daineTest/autotest/target/classes/com/toutiao/model
14:09:22.517 [main] DEBUG org.apache.ibatis.io.DefaultVFS - Not a JAR: file:/C:/Users/ASUS/IdeaProjects/daineTest/autotest/target/classes/com/toutiao/model
14:09:22.518 [main] DEBUG org.apache.ibatis.io.DefaultVFS - Reader entry: InterfaneName.class
14:09:22.518 [main] DEBUG org.apache.ibatis.io.DefaultVFS - Reader entry: luntanmd
14:09:22.518 [main] DEBUG org.apache.ibatis.io.DefaultVFS - Reader entry: toutiaomd
14:09:22.518 [main] DEBUG org.apache.ibatis.io.DefaultVFS - Listing file:/C:/Users/ASUS/IdeaProjects/daineTest/autotest/target/classes/com/toutiao/model
14:09:22.519 [main] DEBUG org.apache.ibatis.io.DefaultVFS - Find JAR URL: file:/C:/Users/ASUS/IdeaProjects/daineTest/autotest/target/classes/com/toutiao/model/InterfaneName.class
14:09:22.519 [main] DEBUG org.apache.ibatis.io.DefaultVFS - Not a JAR: file:/C:/Users/ASUS/IdeaProjects/daineTest/autotest/target/classes/com/toutiao/model/InterfaneName.class
14:09:22.519 [main] DEBUG org.apache.ibatis.io.DefaultVFS - Reader entry: 漱壕&amp;#0;&amp;#0;&amp;#0;1&amp;#0;?	&amp;#0;&amp;#4;&amp;#0;l
14:09:22.519 [main] DEBUG org.apache.ibatis.io.DefaultVFS - Find JAR URL: file:/C:/Users/ASUS/IdeaProjects/daineTest/autotest/target/classes/com/toutiao/model/luntanmd
14:09:22.519 [main] DEBUG org.apache.ibatis.io.DefaultVFS - Not a JAR: file:/C:/Users/ASUS/IdeaProjects/daineTest/autotest/target/classes/com/toutiao/model/luntanmd
14:09:22.520 [main] DEBUG org.apache.ibatis.io.DefaultVFS - Reader entry: BbsLookCase.class
14:09:22.520 [main] DEBUG org.apache.ibatis.io.DefaultVFS - Reader entry: ExpertHomeCase.class
14:09:22.520 [main] DEBUG org.apache.ibatis.io.DefaultVFS - Reader entry: ExpListCase.class
14:09:22.520 [main] DEBUG org.apache.ibatis.io.DefaultVFS - Reader entry: FavoriCase.class
14:09:22.521 [main] DEBUG org.apache.ibatis.io.DefaultVFS - Reader entry: GcListCase.class
14:09:22.521 [main] DEBUG org.apache.ibatis.io.DefaultVFS - Reader entry: GetPreCase.class
14:09:22.521 [main] DEBUG org.apache.ibatis.io.DefaultVFS - Reader entry: GetPubCase.class
14:09:22.521 [main] DEBUG org.apache.ibatis.io.DefaultVFS - Reader entry: LikeCase.class
14:09:22.521 [main] DEBUG org.apache.ibatis.io.DefaultVFS - Reader entry: MyFavorCase.class
14:09:22.522 [main] DEBUG org.apache.ibatis.io.DefaultVFS - Reader entry: MyItemCase.class
14:09:22.522 [main] DEBUG org.apache.ibatis.io.DefaultVFS - Reader entry: ReplyCase.class
14:09:22.522 [main] DEBUG org.apache.ibatis.io.DefaultVFS - Reader entry: SearchCase.class
14:09:22.522 [main] DEBUG org.apache.ibatis.io.DefaultVFS - Reader entry: UserCenterCase.class
14:09:22.522 [main] DEBUG org.apache.ibatis.io.DefaultVFS - Listing file:/C:/Users/ASUS/IdeaProjects/daineTest/autotest/target/classes/com/toutiao/model/luntanmd
14:09:22.523 [main] DEBUG org.apache.ibatis.io.DefaultVFS - Find JAR URL: file:/C:/Users/ASUS/IdeaProjects/daineTest/autotest/target/classes/com/toutiao/model/luntanmd/BbsLookCase.class
14:09:22.523 [main] DEBUG org.apache.ibatis.io.DefaultVFS - Not a JAR: file:/C:/Users/ASUS/IdeaProjects/daineTest/autotest/target/classes/com/toutiao/model/luntanmd/BbsLookCase.class
14:09:22.523 [main] DEBUG org.apache.ibatis.io.DefaultVFS - Reader entry: 漱壕&amp;#0;&amp;#0;&amp;#0;1&amp;#0;I
14:09:22.523 [main] DEBUG org.apache.ibatis.io.DefaultVFS - Find JAR URL: file:/C:/Users/ASUS/IdeaProjects/daineTest/autotest/target/classes/com/toutiao/model/luntanmd/ExpertHomeCase.class
14:09:22.523 [main] DEBUG org.apache.ibatis.io.DefaultVFS - Not a JAR: file:/C:/Users/ASUS/IdeaProjects/daineTest/autotest/target/classes/com/toutiao/model/luntanmd/ExpertHomeCase.class
14:09:22.524 [main] DEBUG org.apache.ibatis.io.DefaultVFS - Reader entry: 漱壕&amp;#0;&amp;#0;&amp;#0;1&amp;#0;U
14:09:22.524 [main] DEBUG org.apache.ibatis.io.DefaultVFS - Find JAR URL: file:/C:/Users/ASUS/IdeaProjects/daineTest/autotest/target/classes/com/toutiao/model/luntanmd/ExpListCase.class
14:09:22.524 [main] DEBUG org.apache.ibatis.io.DefaultVFS - Not a JAR: file:/C:/Users/ASUS/IdeaProjects/daineTest/autotest/target/classes/com/toutiao/model/luntanmd/ExpListCase.class
14:09:22.524 [main] DEBUG org.apache.ibatis.io.DefaultVFS - Reader entry: 漱壕&amp;#0;&amp;#0;&amp;#0;1&amp;#0;a
14:09:22.525 [main] DEBUG org.apache.ibatis.io.DefaultVFS - Find JAR URL: file:/C:/Users/ASUS/IdeaProjects/daineTest/autotest/target/classes/com/toutiao/model/luntanmd/FavoriCase.class
14:09:22.525 [main] DEBUG org.apache.ibatis.io.DefaultVFS - Not a JAR: file:/C:/Users/ASUS/IdeaProjects/daineTest/autotest/target/classes/com/toutiao/model/luntanmd/FavoriCase.class
14:09:22.525 [main] DEBUG org.apache.ibatis.io.DefaultVFS - Reader entry: 漱壕&amp;#0;&amp;#0;&amp;#0;1&amp;#0;U
14:09:22.525 [main] DEBUG org.apache.ibatis.io.DefaultVFS - Find JAR URL: file:/C:/Users/ASUS/IdeaProjects/daineTest/autotest/target/classes/com/toutiao/model/luntanmd/GcListCase.class
14:09:22.526 [main] DEBUG org.apache.ibatis.io.DefaultVFS - Not a JAR: file:/C:/Users/ASUS/IdeaProjects/daineTest/autotest/target/classes/com/toutiao/model/luntanmd/GcListCase.class
14:09:22.526 [main] DEBUG org.apache.ibatis.io.DefaultVFS - Reader entry: 漱壕&amp;#0;&amp;#0;&amp;#0;1&amp;#0;I
14:09:22.526 [main] DEBUG org.apache.ibatis.io.DefaultVFS - Find JAR URL: file:/C:/Users/ASUS/IdeaProjects/daineTest/autotest/target/classes/com/toutiao/model/luntanmd/GetPreCase.class
14:09:22.526 [main] DEBUG org.apache.ibatis.io.DefaultVFS - Not a JAR: file:/C:/Users/ASUS/IdeaProjects/daineTest/autotest/target/classes/com/toutiao/model/luntanmd/GetPreCase.class
14:09:22.527 [main] DEBUG org.apache.ibatis.io.DefaultVFS - Reader entry: 漱壕&amp;#0;&amp;#0;&amp;#0;1&amp;#0;%
14:09:22.527 [main] DEBUG org.apache.ibatis.io.DefaultVFS - Find JAR URL: file:/C:/Users/ASUS/IdeaProjects/daineTest/autotest/target/classes/com/toutiao/model/luntanmd/GetPubCase.class
14:09:22.527 [main] DEBUG org.apache.ibatis.io.DefaultVFS - Not a JAR: file:/C:/Users/ASUS/IdeaProjects/daineTest/autotest/target/classes/com/toutiao/model/luntanmd/GetPubCase.class
14:09:22.527 [main] DEBUG org.apache.ibatis.io.DefaultVFS - Reader entry: 漱壕&amp;#0;&amp;#0;&amp;#0;1&amp;#0;%
14:09:22.528 [main] DEBUG org.apache.ibatis.io.DefaultVFS - Find JAR URL: file:/C:/Users/ASUS/IdeaProjects/daineTest/autotest/target/classes/com/toutiao/model/luntanmd/LikeCase.class
14:09:22.528 [main] DEBUG org.apache.ibatis.io.DefaultVFS - Not a JAR: file:/C:/Users/ASUS/IdeaProjects/daineTest/autotest/target/classes/com/toutiao/model/luntanmd/LikeCase.class
14:09:22.528 [main] DEBUG org.apache.ibatis.io.DefaultVFS - Reader entry: 漱壕&amp;#0;&amp;#0;&amp;#0;1&amp;#0;U
14:09:22.528 [main] DEBUG org.apache.ibatis.io.DefaultVFS - Find JAR URL: file:/C:/Users/ASUS/IdeaProjects/daineTest/autotest/target/classes/com/toutiao/model/luntanmd/MyFavorCase.class
14:09:22.528 [main] DEBUG org.apache.ibatis.io.DefaultVFS - Not a JAR: file:/C:/Users/ASUS/IdeaProjects/daineTest/autotest/target/classes/com/toutiao/model/luntanmd/MyFavorCase.class
14:09:22.529 [main] DEBUG org.apache.ibatis.io.DefaultVFS - Reader entry: 漱壕&amp;#0;&amp;#0;&amp;#0;1&amp;#0;*
14:09:22.529 [main] DEBUG org.apache.ibatis.io.DefaultVFS - Find JAR URL: file:/C:/Users/ASUS/IdeaProjects/daineTest/autotest/target/classes/com/toutiao/model/luntanmd/MyItemCase.class
14:09:22.529 [main] DEBUG org.apache.ibatis.io.DefaultVFS - Not a JAR: file:/C:/Users/ASUS/IdeaProjects/daineTest/autotest/target/classes/com/toutiao/model/luntanmd/MyItemCase.class
14:09:22.529 [main] DEBUG org.apache.ibatis.io.DefaultVFS - Reader entry: 漱壕&amp;#0;&amp;#0;&amp;#0;1&amp;#0;,
14:09:22.529 [main] DEBUG org.apache.ibatis.io.DefaultVFS - Find JAR URL: file:/C:/Users/ASUS/IdeaProjects/daineTest/autotest/target/classes/com/toutiao/model/luntanmd/ReplyCase.class
14:09:22.530 [main] DEBUG org.apache.ibatis.io.DefaultVFS - Not a JAR: file:/C:/Users/ASUS/IdeaProjects/daineTest/autotest/target/classes/com/toutiao/model/luntanmd/ReplyCase.class
14:09:22.530 [main] DEBUG org.apache.ibatis.io.DefaultVFS - Reader entry: 漱壕&amp;#0;&amp;#0;&amp;#0;1&amp;#0;a
14:09:22.530 [main] DEBUG org.apache.ibatis.io.DefaultVFS - Find JAR URL: file:/C:/Users/ASUS/IdeaProjects/daineTest/autotest/target/classes/com/toutiao/model/luntanmd/SearchCase.class
14:09:22.530 [main] DEBUG org.apache.ibatis.io.DefaultVFS - Not a JAR: file:/C:/Users/ASUS/IdeaProjects/daineTest/autotest/target/classes/com/toutiao/model/luntanmd/SearchCase.class
14:09:22.531 [main] DEBUG org.apache.ibatis.io.DefaultVFS - Reader entry: 漱壕&amp;#0;&amp;#0;&amp;#0;1&amp;#0;I
14:09:22.531 [main] DEBUG org.apache.ibatis.io.DefaultVFS - Find JAR URL: file:/C:/Users/ASUS/IdeaProjects/daineTest/autotest/target/classes/com/toutiao/model/luntanmd/UserCenterCase.class
14:09:22.531 [main] DEBUG org.apache.ibatis.io.DefaultVFS - Not a JAR: file:/C:/Users/ASUS/IdeaProjects/daineTest/autotest/target/classes/com/toutiao/model/luntanmd/UserCenterCase.class
14:09:22.531 [main] DEBUG org.apache.ibatis.io.DefaultVFS - Reader entry: 漱壕&amp;#0;&amp;#0;&amp;#0;1&amp;#0;%
14:09:22.532 [main] DEBUG org.apache.ibatis.io.DefaultVFS - Find JAR URL: file:/C:/Users/ASUS/IdeaProjects/daineTest/autotest/target/classes/com/toutiao/model/toutiaomd
14:09:22.532 [main] DEBUG org.apache.ibatis.io.DefaultVFS - Not a JAR: file:/C:/Users/ASUS/IdeaProjects/daineTest/autotest/target/classes/com/toutiao/model/toutiaomd
14:09:22.532 [main] DEBUG org.apache.ibatis.io.DefaultVFS - Reader entry: GsListCase.class
14:09:22.532 [main] DEBUG org.apache.ibatis.io.DefaultVFS - Reader entry: LoginCase.class
14:09:22.532 [main] DEBUG org.apache.ibatis.io.DefaultVFS - Reader entry: ShareCase.class
14:09:22.533 [main] DEBUG org.apache.ibatis.io.DefaultVFS - Reader entry: TjCase.class
14:09:22.533 [main] DEBUG org.apache.ibatis.io.DefaultVFS - Listing file:/C:/Users/ASUS/IdeaProjects/daineTest/autotest/target/classes/com/toutiao/model/toutiaomd
14:09:22.533 [main] DEBUG org.apache.ibatis.io.DefaultVFS - Find JAR URL: file:/C:/Users/ASUS/IdeaProjects/daineTest/autotest/target/classes/com/toutiao/model/toutiaomd/GsListCase.class
14:09:22.533 [main] DEBUG org.apache.ibatis.io.DefaultVFS - Not a JAR: file:/C:/Users/ASUS/IdeaProjects/daineTest/autotest/target/classes/com/toutiao/model/toutiaomd/GsListCase.class
14:09:22.533 [main] DEBUG org.apache.ibatis.io.DefaultVFS - Reader entry: 漱壕&amp;#0;&amp;#0;&amp;#0;1&amp;#0;y
14:09:22.534 [main] DEBUG org.apache.ibatis.io.DefaultVFS - Find JAR URL: file:/C:/Users/ASUS/IdeaProjects/daineTest/autotest/target/classes/com/toutiao/model/toutiaomd/LoginCase.class
14:09:22.534 [main] DEBUG org.apache.ibatis.io.DefaultVFS - Not a JAR: file:/C:/Users/ASUS/IdeaProjects/daineTest/autotest/target/classes/com/toutiao/model/toutiaomd/LoginCase.class
14:09:22.534 [main] DEBUG org.apache.ibatis.io.DefaultVFS - Reader entry: 漱壕&amp;#0;&amp;#0;&amp;#0;1&amp;#0;y
14:09:22.534 [main] DEBUG org.apache.ibatis.io.DefaultVFS - Find JAR URL: file:/C:/Users/ASUS/IdeaProjects/daineTest/autotest/target/classes/com/toutiao/model/toutiaomd/ShareCase.class
14:09:22.534 [main] DEBUG org.apache.ibatis.io.DefaultVFS - Not a JAR: file:/C:/Users/ASUS/IdeaProjects/daineTest/autotest/target/classes/com/toutiao/model/toutiaomd/ShareCase.class
14:09:22.535 [main] DEBUG org.apache.ibatis.io.DefaultVFS - Reader entry: 漱壕&amp;#0;&amp;#0;&amp;#0;1&amp;#0;/
14:09:22.535 [main] DEBUG org.apache.ibatis.io.DefaultVFS - Find JAR URL: file:/C:/Users/ASUS/IdeaProjects/daineTest/autotest/target/classes/com/toutiao/model/toutiaomd/TjCase.class
14:09:22.535 [main] DEBUG org.apache.ibatis.io.DefaultVFS - Not a JAR: file:/C:/Users/ASUS/IdeaProjects/daineTest/autotest/target/classes/com/toutiao/model/toutiaomd/TjCase.class
14:09:22.535 [main] DEBUG org.apache.ibatis.io.DefaultVFS - Reader entry: 漱壕&amp;#0;&amp;#0;&amp;#0;1&amp;#0;a
14:09:22.535 [main] DEBUG org.apache.ibatis.io.ResolverUtil - Checking to see if class com.toutiao.model.InterfaneName matches criteria [is assignable to Object]
14:09:22.535 [main] DEBUG org.apache.ibatis.io.ResolverUtil - Checking to see if class com.toutiao.model.luntanmd.BbsLookCase matches criteria [is assignable to Object]
14:09:22.536 [main] DEBUG org.apache.ibatis.io.ResolverUtil - Checking to see if class com.toutiao.model.luntanmd.ExpertHomeCase matches criteria [is assignable to Object]
14:09:22.536 [main] DEBUG org.apache.ibatis.io.ResolverUtil - Checking to see if class com.toutiao.model.luntanmd.ExpListCase matches criteria [is assignable to Object]
14:09:22.536 [main] DEBUG org.apache.ibatis.io.ResolverUtil - Checking to see if class com.toutiao.model.luntanmd.FavoriCase matches criteria [is assignable to Object]
14:09:22.536 [main] DEBUG org.apache.ibatis.io.ResolverUtil - Checking to see if class com.toutiao.model.luntanmd.GcListCase matches criteria [is assignable to Object]
14:09:22.536 [main] DEBUG org.apache.ibatis.io.ResolverUtil - Checking to see if class com.toutiao.model.luntanmd.GetPreCase matches criteria [is assignable to Object]
14:09:22.536 [main] DEBUG org.apache.ibatis.io.ResolverUtil - Checking to see if class com.toutiao.model.luntanmd.GetPubCase matches criteria [is assignable to Object]
14:09:22.536 [main] DEBUG org.apache.ibatis.io.ResolverUtil - Checking to see if class com.toutiao.model.luntanmd.LikeCase matches criteria [is assignable to Object]
14:09:22.536 [main] DEBUG org.apache.ibatis.io.ResolverUtil - Checking to see if class com.toutiao.model.luntanmd.MyFavorCase matches criteria [is assignable to Object]
14:09:22.536 [main] DEBUG org.apache.ibatis.io.ResolverUtil - Checking to see if class com.toutiao.model.luntanmd.MyItemCase matches criteria [is assignable to Object]
14:09:22.536 [main] DEBUG org.apache.ibatis.io.ResolverUtil - Checking to see if class com.toutiao.model.luntanmd.ReplyCase matches criteria [is assignable to Object]
14:09:22.536 [main] DEBUG org.apache.ibatis.io.ResolverUtil - Checking to see if class com.toutiao.model.luntanmd.SearchCase matches criteria [is assignable to Object]
14:09:22.536 [main] DEBUG org.apache.ibatis.io.ResolverUtil - Checking to see if class com.toutiao.model.luntanmd.UserCenterCase matches criteria [is assignable to Object]
14:09:22.537 [main] DEBUG org.apache.ibatis.io.ResolverUtil - Checking to see if class com.toutiao.model.toutiaomd.GsListCase matches criteria [is assignable to Object]
14:09:22.537 [main] DEBUG org.apache.ibatis.io.ResolverUtil - Checking to see if class com.toutiao.model.toutiaomd.LoginCase matches criteria [is assignable to Object]
14:09:22.537 [main] DEBUG org.apache.ibatis.io.ResolverUtil - Checking to see if class com.toutiao.model.toutiaomd.ShareCase matches criteria [is assignable to Object]
14:09:22.537 [main] DEBUG org.apache.ibatis.io.ResolverUtil - Checking to see if class com.toutiao.model.toutiaomd.TjCase matches criteria [is assignable to Object]
14:09:22.542 [main] DEBUG org.apache.ibatis.datasource.pooled.PooledDataSource - PooledDataSource forcefully closed/removed all connections.
14:09:22.542 [main] DEBUG org.apache.ibatis.datasource.pooled.PooledDataSource - PooledDataSource forcefully closed/removed all connections.
14:09:22.542 [main] DEBUG org.apache.ibatis.datasource.pooled.PooledDataSource - PooledDataSource forcefully closed/removed all connections.
14:09:22.542 [main] DEBUG org.apache.ibatis.datasource.pooled.PooledDataSource - PooledDataSource forcefully closed/removed all connections.
14:09:22.565 [main] DEBUG org.apache.ibatis.transaction.jdbc.JdbcTransaction - Opening JDBC Connection
14:09:22.570 [main] DEBUG org.apache.ibatis.datasource.pooled.PooledDataSource - Created connection 1279469670.
14:09:22.570 [main] DEBUG org.apache.ibatis.transaction.jdbc.JdbcTransaction - Setting autocommit to false on JDBC Connection [com.mysql.jdbc.JDBC4Connection@4c432866]
14:09:22.571 [main] DEBUG com.toutiao.model.likeCase - ==&gt;  Preparing: select * from LikeCase where number_id=?; 
14:09:22.571 [main] DEBUG com.toutiao.model.likeCase - ==&gt; Parameters: 1(Integer)
14:09:22.573 [main] DEBUG com.toutiao.model.likeCase - &lt;==      Total: 1
http://api.bbs.353386.com/?C=bbs&amp;A=like&amp;device=ios&amp;device_Id=C9E5FEE0-2E0D-4D33-8522-9BD38A282221&amp;version=2.3.2&amp;key=20d94c1eddc25c86860a5a3ec9f8b07d&amp;user_id=16266
14:09:22.573 [main] DEBUG org.apache.http.impl.conn.SingleClientConnManager - Get connection for route HttpRoute[{}-&gt;http://api.bbs.353386.com]
14:09:22.573 [main] DEBUG org.apache.http.impl.client.DefaultHttpClient - Stale connection check
14:09:22.574 [main] DEBUG org.apache.http.client.protocol.RequestAddCookies - CookieSpec selected: best-match
14:09:22.574 [main] DEBUG org.apache.http.client.protocol.RequestAuthCache - Auth cache not set in the context
14:09:22.574 [main] DEBUG org.apache.http.impl.client.DefaultHttpClient - Attempt 1 to execute request
14:09:22.574 [main] DEBUG org.apache.http.impl.conn.DefaultClientConnection - Sending request: POST /?C=bbs&amp;A=like&amp;device=ios&amp;device_Id=C9E5FEE0-2E0D-4D33-8522-9BD38A282221&amp;version=2.3.2&amp;key=20d94c1eddc25c86860a5a3ec9f8b07d&amp;user_id=16266 HTTP/1.1
14:09:22.574 [main] DEBUG org.apache.http.wire - &gt;&gt; &quot;POST /?C=bbs&amp;A=like&amp;device=ios&amp;device_Id=C9E5FEE0-2E0D-4D33-8522-9BD38A282221&amp;version=2.3.2&amp;key=20d94c1eddc25c86860a5a3ec9f8b07d&amp;user_id=16266 HTTP/1.1[\r][\n]&quot;
14:09:22.574 [main] DEBUG org.apache.http.wire - &gt;&gt; &quot;Content-Length: 8[\r][\n]&quot;
14:09:22.574 [main] DEBUG org.apache.http.wire - &gt;&gt; &quot;Content-Type: application/x-www-form-urlencoded; charset=ISO-8859-1[\r][\n]&quot;
14:09:22.575 [main] DEBUG org.apache.http.wire - &gt;&gt; &quot;Host: api.bbs.353386.com[\r][\n]&quot;
14:09:22.575 [main] DEBUG org.apache.http.wire - &gt;&gt; &quot;Connection: Keep-Alive[\r][\n]&quot;
14:09:22.575 [main] DEBUG org.apache.http.wire - &gt;&gt; &quot;User-Agent: Apache-HttpClient/4.1.2 (java 1.5)[\r][\n]&quot;
14:09:22.575 [main] DEBUG org.apache.http.wire - &gt;&gt; &quot;[\r][\n]&quot;
14:09:22.575 [main] DEBUG org.apache.http.headers - &gt;&gt; POST /?C=bbs&amp;A=like&amp;device=ios&amp;device_Id=C9E5FEE0-2E0D-4D33-8522-9BD38A282221&amp;version=2.3.2&amp;key=20d94c1eddc25c86860a5a3ec9f8b07d&amp;user_id=16266 HTTP/1.1
14:09:22.575 [main] DEBUG org.apache.http.headers - &gt;&gt; Content-Length: 8
14:09:22.575 [main] DEBUG org.apache.http.headers - &gt;&gt; Content-Type: application/x-www-form-urlencoded; charset=ISO-8859-1
14:09:22.575 [main] DEBUG org.apache.http.headers - &gt;&gt; Host: api.bbs.353386.com
14:09:22.575 [main] DEBUG org.apache.http.headers - &gt;&gt; Connection: Keep-Alive
14:09:22.575 [main] DEBUG org.apache.http.headers - &gt;&gt; User-Agent: Apache-HttpClient/4.1.2 (java 1.5)
14:09:22.575 [main] DEBUG org.apache.http.wire - &gt;&gt; &quot;id=43203&quot;
14:09:22.608 [main] DEBUG org.apache.http.wire - &lt;&lt; &quot;HTTP/1.1 200 OK[\r][\n]&quot;
14:09:22.608 [main] DEBUG org.apache.http.wire - &lt;&lt; &quot;Server: nginx[\r][\n]&quot;
14:09:22.608 [main] DEBUG org.apache.http.wire - &lt;&lt; &quot;Date: Tue, 17 Dec 2019 06:09:23 GMT[\r][\n]&quot;
14:09:22.608 [main] DEBUG org.apache.http.wire - &lt;&lt; &quot;Content-Type: text/html; charset=UTF-8[\r][\n]&quot;
14:09:22.608 [main] DEBUG org.apache.http.wire - &lt;&lt; &quot;Transfer-Encoding: chunked[\r][\n]&quot;
14:09:22.609 [main] DEBUG org.apache.http.wire - &lt;&lt; &quot;Connection: keep-alive[\r][\n]&quot;
14:09:22.609 [main] DEBUG org.apache.http.wire - &lt;&lt; &quot;Vary: Accept-Encoding[\r][\n]&quot;
14:09:22.609 [main] DEBUG org.apache.http.wire - &lt;&lt; &quot;X-Powered-By: PHP/7.0.33[\r][\n]&quot;
14:09:22.609 [main] DEBUG org.apache.http.wire - &lt;&lt; &quot;Access-Control-Allow-Origin: *[\r][\n]&quot;
14:09:22.609 [main] DEBUG org.apache.http.wire - &lt;&lt; &quot;[\r][\n]&quot;
14:09:22.609 [main] DEBUG org.apache.http.impl.conn.DefaultClientConnection - Receiving response: HTTP/1.1 200 OK
14:09:22.609 [main] DEBUG org.apache.http.headers - &lt;&lt; HTTP/1.1 200 OK
14:09:22.609 [main] DEBUG org.apache.http.headers - &lt;&lt; Server: nginx
14:09:22.609 [main] DEBUG org.apache.http.headers - &lt;&lt; Date: Tue, 17 Dec 2019 06:09:23 GMT
14:09:22.609 [main] DEBUG org.apache.http.headers - &lt;&lt; Content-Type: text/html; charset=UTF-8
14:09:22.610 [main] DEBUG org.apache.http.headers - &lt;&lt; Transfer-Encoding: chunked
14:09:22.610 [main] DEBUG org.apache.http.headers - &lt;&lt; Connection: keep-alive
14:09:22.610 [main] DEBUG org.apache.http.headers - &lt;&lt; Vary: Accept-Encoding
14:09:22.610 [main] DEBUG org.apache.http.headers - &lt;&lt; X-Powered-By: PHP/7.0.33
14:09:22.610 [main] DEBUG org.apache.http.headers - &lt;&lt; Access-Control-Allow-Origin: *
14:09:22.610 [main] DEBUG org.apache.http.impl.client.DefaultHttpClient - Connection can be kept alive indefinitely
14:09:22.610 [main] DEBUG org.apache.http.wire - &lt;&lt; &quot;2d[\r][\n]&quot;
14:09:22.610 [main] DEBUG org.apache.http.wire - &lt;&lt; &quot;{&quot;status&quot;:0,&quot;msg&quot;:&quot;\u975e\u6cd5\u64cd\u4f5c&quot;}&quot;
14:09:22.610 [main] DEBUG org.apache.http.wire - &lt;&lt; &quot;[\r][\n]&quot;
14:09:22.611 [main] DEBUG org.apache.http.wire - &lt;&lt; &quot;0[\r][\n]&quot;
14:09:22.611 [main] DEBUG org.apache.http.wire - &lt;&lt; &quot;[\r][\n]&quot;
14:09:22.611 [main] DEBUG org.apache.http.impl.conn.SingleClientConnManager - Releasing connection org.apache.http.impl.conn.SingleClientConnManager$ConnAdapter@5710768a
14:09:22.611 [main] INFO  com.toutiao.cases.luntancase.LikeTest - 瀹為檯缁撴灉锛?{&quot;status&quot;:0,&quot;msg&quot;:&quot;\u975e\u6cd5\u64cd\u4f5c&quot;}
</system-out>
  </testcase>
  <testcase classname="com.toutiao.cases.luntancase.LikeTest" name="getLike2" time="0.1"/>
  <testcase classname="com.toutiao.cases.luntancase.FavoriTest" name="getFavori" time="0.046"/>
  <testcase classname="com.toutiao.cases.luntancase.FavoriTest" name="getFavori2" time="0.04"/>
  <testcase classname="com.toutiao.cases.luntancase.ExpertHomeTest" name="getExpertHome1" time="0.04"/>
  <testcase classname="com.toutiao.cases.luntancase.ExpertHomeTest" name="getExpertHome2" time="0.035"/>
  <testcase classname="com.toutiao.cases.luntancase.ExpertHomeTest" name="getExpertHome3" time="0.039"/>
  <testcase classname="com.toutiao.cases.toutiaocase.TjTest" name="getTj" time="0.152"/>
  <testcase classname="com.toutiao.cases.toutiaocase.TjTest" name="getTj2" time="0.106"/>
  <testcase classname="com.toutiao.cases.toutiaocase.TjTest" name="getTj3" time="0.122"/>
  <testcase classname="com.toutiao.cases.toutiaocase.TjTest" name="getTj4" time="0.036"/>
  <testcase classname="com.toutiao.cases.toutiaocase.GsListTest" name="getGsList" time="0.046"/>
  <testcase classname="com.toutiao.cases.toutiaocase.GsListTest" name="getGsList2" time="0.044"/>
  <testcase classname="com.toutiao.cases.toutiaocase.ShareTest" name="getShare" time="0.044"/>
  <testcase classname="com.toutiao.cases.toutiaocase.ShareTest" name="getShare2" time="0.036"/>
  <testcase classname="com.toutiao.cases.toutiaocase.ShareTest" name="getShare3" time="0.037"/>
  <testcase classname="com.toutiao.cases.luntancase.GetPubTest" name="getPub" time="0.107"/>
  <testcase classname="com.toutiao.cases.luntancase.GetPreTest" name="getPre" time="0.121"/>
  <testcase classname="com.toutiao.cases.luntancase.UserCenterTest" name="getUserCenter" time="0.046"/>
  <testcase classname="com.toutiao.cases.luntancase.MyItemTest" name="getMyItem" time="0.097"/>
  <testcase classname="com.toutiao.cases.luntancase.MyFavorTest" name="getMyFavor" time="0.046"/>
</testsuite>