<?xml version="1.0" encoding="UTF-8"?>
<!-- Generated by org.testng.reporters.JUnitReportReporter -->
<testsuite name="com.toutiao.cases.ExpertHomeTest" tests="3" time="0.157" ignored="0" failures="0" timestamp="28 十一月 2019 08:11:04 GMT" skipped="0" hostname="LAPTOP-5VPLT75S" errors="0">
  <testcase name="getExpertHome3" time="0.052" classname="com.toutiao.cases.ExpertHomeTest"/>
  <testcase name="getExpertHome2" time="0.047" classname="com.toutiao.cases.ExpertHomeTest"/>
  <testcase name="getExpertHome1" time="0.058" classname="com.toutiao.cases.ExpertHomeTest"/>
</testsuite> <!-- com.toutiao.cases.ExpertHomeTest -->
