<?xml version="1.0" encoding="UTF-8"?>
<!-- Generated by org.testng.reporters.JUnitReportReporter -->
<testsuite name="com.toutiao.cases.FavoriTest" tests="2" time="0.099" ignored="0" failures="0" timestamp="28 十一月 2019 08:47:56 GMT" skipped="0" hostname="LAPTOP-5VPLT75S" errors="0">
  <testcase name="getFavori" time="0.052" classname="com.toutiao.cases.FavoriTest"/>
  <testcase name="getFavori2" time="0.047" classname="com.toutiao.cases.FavoriTest"/>
</testsuite> <!-- com.toutiao.cases.FavoriTest -->
