<?xml version="1.0" encoding="UTF-8"?>
<!-- Generated by org.testng.reporters.JUnitReportReporter -->
<testsuite name="com.toutiao.cases.toutiaocase.TjTest" tests="4" time="0.416" ignored="0" failures="0" timestamp="17 Dec 2019 06:09:25 GMT" skipped="0" hostname="LAPTOP-5VPLT75S" errors="0">
  <testcase name="getTj4" time="0.036" classname="com.toutiao.cases.toutiaocase.TjTest"/>
  <testcase name="getTj3" time="0.122" classname="com.toutiao.cases.toutiaocase.TjTest"/>
  <testcase name="getTj2" time="0.106" classname="com.toutiao.cases.toutiaocase.TjTest"/>
  <testcase name="getTj" time="0.152" classname="com.toutiao.cases.toutiaocase.TjTest"/>
</testsuite> <!-- com.toutiao.cases.toutiaocase.TjTest -->
