<?xml version="1.0" encoding="UTF-8"?>
<!-- Generated by org.testng.reporters.JUnitReportReporter -->
<testsuite name="com.toutiao.cases.toutiaocase.ShareTest" tests="3" time="0.121" ignored="0" failures="0" timestamp="03 Dec 2019 00:54:21 GMT" skipped="0" hostname="LAPTOP-5VPLT75S" errors="0">
  <testcase name="getShare" time="0.054" classname="com.toutiao.cases.toutiaocase.ShareTest"/>
  <testcase name="getShare2" time="0.033" classname="com.toutiao.cases.toutiaocase.ShareTest"/>
  <testcase name="getShare3" time="0.034" classname="com.toutiao.cases.toutiaocase.ShareTest"/>
</testsuite> <!-- com.toutiao.cases.toutiaocase.ShareTest -->
