<?xml version="1.0" encoding="UTF-8"?>
<!-- Generated by org.testng.reporters.JUnitReportReporter -->
<testsuite name="com.toutiao.cases.toutiaocase.TjTest" tests="4" time="0.408" ignored="0" failures="0" timestamp="23 十二月 2019 06:35:54 GMT" skipped="0" hostname="LAPTOP-5VPLT75S" errors="0">
  <testcase name="getTj" time="0.140" classname="com.toutiao.cases.toutiaocase.TjTest"/>
  <testcase name="getTj4" time="0.035" classname="com.toutiao.cases.toutiaocase.TjTest"/>
  <testcase name="getTj3" time="0.129" classname="com.toutiao.cases.toutiaocase.TjTest"/>
  <testcase name="getTj2" time="0.104" classname="com.toutiao.cases.toutiaocase.TjTest"/>
</testsuite> <!-- com.toutiao.cases.toutiaocase.TjTest -->
