<?xml version="1.0" encoding="UTF-8"?>
<!-- Generated by org.testng.reporters.JUnitReportReporter -->
<testsuite name="com.toutiao.cases.luntancase.ExpertHomeTest" tests="3" time="0.119" ignored="0" failures="0" timestamp="04 Jan 2020 08:17:00 GMT" skipped="0" hostname="LAPTOP-5VPLT75S" errors="0">
  <testcase name="getExpertHome3" time="0.041" classname="com.toutiao.cases.luntancase.ExpertHomeTest"/>
  <testcase name="getExpertHome1" time="0.041" classname="com.toutiao.cases.luntancase.ExpertHomeTest"/>
  <testcase name="getExpertHome2" time="0.037" classname="com.toutiao.cases.luntancase.ExpertHomeTest"/>
</testsuite> <!-- com.toutiao.cases.luntancase.ExpertHomeTest -->
