<?xml version="1.0" encoding="UTF-8"?>
<!-- Generated by org.testng.reporters.JUnitReportReporter -->
<testsuite name="com.toutiao.cases.ExpertHomeTest" tests="3" time="0.141" ignored="0" failures="0" timestamp="02 Dec 2019 01:55:34 GMT" skipped="0" hostname="LAPTOP-5VPLT75S" errors="0">
  <testcase name="getExpertHome1" time="0.055" classname="com.toutiao.cases.ExpertHomeTest"/>
  <testcase name="getExpertHome2" time="0.041" classname="com.toutiao.cases.ExpertHomeTest"/>
  <testcase name="getExpertHome3" time="0.045" classname="com.toutiao.cases.ExpertHomeTest"/>
</testsuite> <!-- com.toutiao.cases.ExpertHomeTest -->
