<?xml version="1.0" encoding="UTF-8"?>
<!-- Generated by org.testng.reporters.JUnitReportReporter -->
<testsuite name="com.toutiao.cases.toutiaocase.GsListTest" tests="2" time="0.000" ignored="0" failures="0" timestamp="03 Mar 2020 07:34:16 GMT" skipped="2" hostname="LAPTOP-5VPLT75S" errors="0">
  <testcase name="getGsList" time="0.000" classname="com.toutiao.cases.toutiaocase.GsListTest">
    <skipped/>
  </testcase> <!-- getGsList -->
  <testcase name="getGsList2" time="0.000" classname="com.toutiao.cases.toutiaocase.GsListTest">
    <skipped/>
  </testcase> <!-- getGsList2 -->
</testsuite> <!-- com.toutiao.cases.toutiaocase.GsListTest -->
