<?xml version="1.0" encoding="UTF-8"?>
<!-- Generated by org.testng.reporters.JUnitReportReporter -->
<testsuite name="com.toutiao.cases.luntancase.FavoriTest" tests="2" time="0.089" ignored="0" failures="0" timestamp="04 Jan 2020 08:17:00 GMT" skipped="0" hostname="LAPTOP-5VPLT75S" errors="0">
  <testcase name="getFavori2" time="0.041" classname="com.toutiao.cases.luntancase.FavoriTest"/>
  <testcase name="getFavori" time="0.048" classname="com.toutiao.cases.luntancase.FavoriTest"/>
</testsuite> <!-- com.toutiao.cases.luntancase.FavoriTest -->
