<?xml version="1.0" encoding="UTF-8"?>
<!-- Generated by org.testng.reporters.JUnitReportReporter -->
<testsuite name="com.toutiao.cases.TjTest" tests="4" time="0.414" ignored="0" failures="0" timestamp="02 Dec 2019 01:55:34 GMT" skipped="0" hostname="LAPTOP-5VPLT75S" errors="0">
  <testcase name="getTj" time="0.150" classname="com.toutiao.cases.TjTest"/>
  <testcase name="getTj3" time="0.116" classname="com.toutiao.cases.TjTest"/>
  <testcase name="getTj2" time="0.107" classname="com.toutiao.cases.TjTest"/>
  <testcase name="getTj4" time="0.041" classname="com.toutiao.cases.TjTest"/>
</testsuite> <!-- com.toutiao.cases.TjTest -->
