<?xml version="1.0" encoding="UTF-8"?>
<!-- Generated by org.testng.reporters.JUnitReportReporter -->
<testsuite name="com.toutiao.cases.luntancase.UserCenterTest" tests="1" time="0.047" ignored="0" failures="0" timestamp="04 Jan 2020 08:17:00 GMT" skipped="0" hostname="LAPTOP-5VPLT75S" errors="0">
  <testcase name="getUserCenter" time="0.047" classname="com.toutiao.cases.luntancase.UserCenterTest"/>
</testsuite> <!-- com.toutiao.cases.luntancase.UserCenterTest -->
