<?xml version="1.0" encoding="UTF-8"?>
<!-- Generated by org.testng.reporters.JUnitReportReporter -->
<testsuite name="com.toutiao.cases.luntancase.LikeTest" tests="2" time="0.114" ignored="0" failures="0" timestamp="03 Dec 2019 00:54:21 GMT" skipped="0" hostname="LAPTOP-5VPLT75S" errors="0">
  <testcase name="getLike" time="0.065" classname="com.toutiao.cases.luntancase.LikeTest"/>
  <testcase name="getLike2" time="0.049" classname="com.toutiao.cases.luntancase.LikeTest"/>
</testsuite> <!-- com.toutiao.cases.luntancase.LikeTest -->
