<?xml version="1.0" encoding="UTF-8"?>
<!-- Generated by org.testng.reporters.JUnitReportReporter -->
<testsuite name="com.toutiao.cases.LikeTest" tests="2" time="0.129" ignored="0" failures="0" timestamp="28 十一月 2019 08:47:56 GMT" skipped="0" hostname="LAPTOP-5VPLT75S" errors="0">
  <testcase name="getLike2" time="0.062" classname="com.toutiao.cases.LikeTest"/>
  <testcase name="getLike" time="0.067" classname="com.toutiao.cases.LikeTest"/>
</testsuite> <!-- com.toutiao.cases.LikeTest -->
