<?xml version="1.0" encoding="UTF-8"?>
<!-- Generated by org.testng.reporters.JUnitReportReporter -->
<testsuite name="com.toutiao.cases.toutiaocase.TjTest" tests="4" time="0.380" ignored="0" failures="0" timestamp="03 Dec 2019 00:54:21 GMT" skipped="0" hostname="LAPTOP-5VPLT75S" errors="0">
  <testcase name="getTj4" time="0.031" classname="com.toutiao.cases.toutiaocase.TjTest"/>
  <testcase name="getTj3" time="0.113" classname="com.toutiao.cases.toutiaocase.TjTest"/>
  <testcase name="getTj2" time="0.103" classname="com.toutiao.cases.toutiaocase.TjTest"/>
  <testcase name="getTj" time="0.133" classname="com.toutiao.cases.toutiaocase.TjTest"/>
</testsuite> <!-- com.toutiao.cases.toutiaocase.TjTest -->
