<?xml version="1.0" encoding="UTF-8"?>
<!-- Generated by org.testng.reporters.JUnitReportReporter -->
<testsuite name="com.toutiao.cases.ReplyTest" tests="1" time="1.027" ignored="0" failures="0" timestamp="28 十一月 2019 08:11:04 GMT" skipped="0" hostname="LAPTOP-5VPLT75S" errors="0">
  <testcase name="replyTest" time="1.027" classname="com.toutiao.cases.ReplyTest"/>
</testsuite> <!-- com.toutiao.cases.ReplyTest -->
