<?xml version="1.0" encoding="UTF-8"?>
<!-- Generated by org.testng.reporters.JUnitReportReporter -->
<testsuite name="com.toutiao.cases.GcListTest" tests="1" time="0.445" ignored="0" failures="0" timestamp="28 十一月 2019 08:47:56 GMT" skipped="0" hostname="LAPTOP-5VPLT75S" errors="0">
  <testcase name="gcList" time="0.445" classname="com.toutiao.cases.GcListTest"/>
</testsuite> <!-- com.toutiao.cases.GcListTest -->
