<?xml version="1.0" encoding="UTF-8"?>
<!-- Generated by org.testng.reporters.JUnitReportReporter -->
<testsuite name="com.toutiao.cases.toutiaocase.LoginTest" tests="2" time="1.156" ignored="0" failures="0" timestamp="17 Dec 2019 06:09:25 GMT" skipped="0" hostname="LAPTOP-5VPLT75S" errors="0">
  <testcase name="loginFalse" time="0.129" classname="com.toutiao.cases.toutiaocase.LoginTest"/>
  <testcase name="loginTrue" time="1.027" classname="com.toutiao.cases.toutiaocase.LoginTest"/>
</testsuite> <!-- com.toutiao.cases.toutiaocase.LoginTest -->
