<?xml version="1.0" encoding="UTF-8"?>
<!-- Generated by org.testng.reporters.JUnitReportReporter -->
<testsuite name="com.toutiao.cases.ExpertHomeTest" tests="3" time="0.000" ignored="0" failures="0" timestamp="28 十一月 2019 08:16:18 GMT" skipped="3" hostname="LAPTOP-5VPLT75S" errors="0">
  <testcase name="getExpertHome1" time="0.000" classname="com.toutiao.cases.ExpertHomeTest">
    <skipped/>
  </testcase> <!-- getExpertHome1 -->
  <testcase name="getExpertHome2" time="0.000" classname="com.toutiao.cases.ExpertHomeTest">
    <skipped/>
  </testcase> <!-- getExpertHome2 -->
  <testcase name="getExpertHome3" time="0.000" classname="com.toutiao.cases.ExpertHomeTest">
    <skipped/>
  </testcase> <!-- getExpertHome3 -->
</testsuite> <!-- com.toutiao.cases.ExpertHomeTest -->
