<?xml version="1.0" encoding="UTF-8"?>
<!-- Generated by org.testng.reporters.JUnitReportReporter -->
<testsuite name="com.toutiao.cases.toutiaocase.TjTest" tests="4" time="0.391" ignored="0" failures="0" timestamp="13 Dec 2019 11:36:41 GMT" skipped="0" hostname="LAPTOP-5VPLT75S" errors="0">
  <testcase name="getTj4" time="0.032" classname="com.toutiao.cases.toutiaocase.TjTest"/>
  <testcase name="getTj3" time="0.116" classname="com.toutiao.cases.toutiaocase.TjTest"/>
  <testcase name="getTj2" time="0.106" classname="com.toutiao.cases.toutiaocase.TjTest"/>
  <testcase name="getTj" time="0.137" classname="com.toutiao.cases.toutiaocase.TjTest"/>
</testsuite> <!-- com.toutiao.cases.toutiaocase.TjTest -->
