<?xml version="1.0" encoding="UTF-8"?>
<!-- Generated by org.testng.reporters.JUnitReportReporter -->
<testsuite name="com.toutiao.cases.ExpListTest" tests="1" time="0.211" ignored="0" failures="0" timestamp="02 Dec 2019 01:55:34 GMT" skipped="0" hostname="LAPTOP-5VPLT75S" errors="0">
  <testcase name="expList" time="0.211" classname="com.toutiao.cases.ExpListTest"/>
</testsuite> <!-- com.toutiao.cases.ExpListTest -->
