<?xml version="1.0" encoding="UTF-8"?>
<!-- Generated by org.testng.reporters.JUnitReportReporter -->
<testsuite name="com.toutiao.cases.BbsLookTest" tests="1" time="1.081" ignored="0" failures="0" timestamp="02 Dec 2019 01:55:34 GMT" skipped="0" hostname="LAPTOP-5VPLT75S" errors="0">
  <testcase name="bbsLook" time="1.081" classname="com.toutiao.cases.BbsLookTest"/>
</testsuite> <!-- com.toutiao.cases.BbsLookTest -->
