<?xml version="1.0" encoding="UTF-8"?>
<!-- Generated by org.testng.reporters.JUnitReportReporter -->
<testsuite name="com.toutiao.cases.FavoriTest" tests="2" time="0.000" ignored="0" failures="0" timestamp="28 十一月 2019 08:16:18 GMT" skipped="2" hostname="LAPTOP-5VPLT75S" errors="0">
  <testcase name="getFavori2" time="0.000" classname="com.toutiao.cases.FavoriTest">
    <skipped/>
  </testcase> <!-- getFavori2 -->
  <testcase name="getFavori" time="0.000" classname="com.toutiao.cases.FavoriTest">
    <skipped/>
  </testcase> <!-- getFavori -->
</testsuite> <!-- com.toutiao.cases.FavoriTest -->
