<?xml version="1.0" encoding="UTF-8"?>
<!-- Generated by org.testng.reporters.JUnitReportReporter -->
<testsuite name="com.toutiao.cases.toutiaocase.ShareTest" tests="3" time="0.116" ignored="0" failures="0" timestamp="17 Dec 2019 06:09:25 GMT" skipped="0" hostname="LAPTOP-5VPLT75S" errors="0">
  <testcase name="getShare2" time="0.036" classname="com.toutiao.cases.toutiaocase.ShareTest"/>
  <testcase name="getShare3" time="0.036" classname="com.toutiao.cases.toutiaocase.ShareTest"/>
  <testcase name="getShare" time="0.044" classname="com.toutiao.cases.toutiaocase.ShareTest"/>
</testsuite> <!-- com.toutiao.cases.toutiaocase.ShareTest -->
