<?xml version="1.0" encoding="UTF-8"?>
<!-- Generated by org.testng.reporters.JUnitReportReporter -->
<testsuite name="com.toutiao.cases.LoginTest" tests="1" time="0.808" ignored="0" failures="0" timestamp="26 十一月 2019 01:22:06 GMT" skipped="0" hostname="LAPTOP-5VPLT75S" errors="0">
  <testcase name="loginTrue" time="0.808" classname="com.toutiao.cases.LoginTest"/>
</testsuite> <!-- com.toutiao.cases.LoginTest -->
