<?xml version="1.0" encoding="UTF-8"?>
<!-- Generated by org.testng.reporters.JUnitReportReporter -->
<testsuite name="com.toutiao.cases.LikeTest" tests="2" time="0.133" ignored="0" failures="0" timestamp="02 Dec 2019 01:55:34 GMT" skipped="0" hostname="LAPTOP-5VPLT75S" errors="0">
  <testcase name="getLike2" time="0.061" classname="com.toutiao.cases.LikeTest"/>
  <testcase name="getLike" time="0.072" classname="com.toutiao.cases.LikeTest"/>
</testsuite> <!-- com.toutiao.cases.LikeTest -->
