<?xml version="1.0" encoding="UTF-8"?>
<!-- Generated by org.testng.reporters.JUnitReportReporter -->
<testsuite name="com.toutiao.cases.toutiaocase.LoginTest" tests="2" time="1.173" ignored="0" failures="0" timestamp="13 Dec 2019 11:36:41 GMT" skipped="0" hostname="LAPTOP-5VPLT75S" errors="0">
  <testcase name="loginFalse" time="0.137" classname="com.toutiao.cases.toutiaocase.LoginTest"/>
  <testcase name="loginTrue" time="1.036" classname="com.toutiao.cases.toutiaocase.LoginTest"/>
</testsuite> <!-- com.toutiao.cases.toutiaocase.LoginTest -->
