<?xml version="1.0" encoding="UTF-8"?>
<!-- Generated by org.testng.reporters.JUnitReportReporter -->
<testsuite name="com.toutiao.cases.GcListTest" tests="1" time="0.390" ignored="0" failures="0" timestamp="26 十一月 2019 01:22:06 GMT" skipped="0" hostname="LAPTOP-5VPLT75S" errors="0">
  <testcase name="gcList" time="0.390" classname="com.toutiao.cases.GcListTest"/>
</testsuite> <!-- com.toutiao.cases.GcListTest -->
