<?xml version="1.0" encoding="UTF-8"?>
<!-- Generated by org.testng.reporters.JUnitReportReporter -->
<testsuite name="com.toutiao.cases.luntancase.UserCenterTest" tests="1" time="0.043" ignored="0" failures="0" timestamp="23 十二月 2019 06:35:54 GMT" skipped="0" hostname="LAPTOP-5VPLT75S" errors="0">
  <testcase name="getUserCenter" time="0.043" classname="com.toutiao.cases.luntancase.UserCenterTest"/>
</testsuite> <!-- com.toutiao.cases.luntancase.UserCenterTest -->
