<?xml version="1.0" encoding="UTF-8"?>
<!-- Generated by org.testng.reporters.JUnitReportReporter -->
<testsuite name="com.toutiao.cases.toutiaocase.TjTest" tests="4" time="0.424" ignored="0" failures="0" timestamp="04 Jan 2020 08:17:00 GMT" skipped="0" hostname="LAPTOP-5VPLT75S" errors="0">
  <testcase name="getTj2" time="0.103" classname="com.toutiao.cases.toutiaocase.TjTest"/>
  <testcase name="getTj4" time="0.040" classname="com.toutiao.cases.toutiaocase.TjTest"/>
  <testcase name="getTj" time="0.152" classname="com.toutiao.cases.toutiaocase.TjTest"/>
  <testcase name="getTj3" time="0.129" classname="com.toutiao.cases.toutiaocase.TjTest"/>
</testsuite> <!-- com.toutiao.cases.toutiaocase.TjTest -->
