<?xml version="1.0" encoding="UTF-8"?>
<!-- Generated by org.testng.reporters.JUnitReportReporter -->
<testsuite name="com.toutiao.cases.LikeTest" tests="2" time="0.000" ignored="0" failures="0" timestamp="28 十一月 2019 08:16:18 GMT" skipped="2" hostname="LAPTOP-5VPLT75S" errors="0">
  <testcase name="getLike2" time="0.000" classname="com.toutiao.cases.LikeTest">
    <skipped/>
  </testcase> <!-- getLike2 -->
  <testcase name="getLike" time="0.000" classname="com.toutiao.cases.LikeTest">
    <skipped/>
  </testcase> <!-- getLike -->
</testsuite> <!-- com.toutiao.cases.LikeTest -->
