<?xml version="1.0" encoding="UTF-8"?>
<!-- Generated by org.testng.reporters.JUnitReportReporter -->
<testsuite name="com.toutiao.cases.luntancase.GetPreTest" tests="1" time="0.129" ignored="0" failures="0" timestamp="02 Jan 2020 02:20:31 GMT" skipped="0" hostname="LAPTOP-5VPLT75S" errors="0">
  <testcase name="getPre" time="0.129" classname="com.toutiao.cases.luntancase.GetPreTest"/>
</testsuite> <!-- com.toutiao.cases.luntancase.GetPreTest -->
