<?xml version="1.0" encoding="UTF-8"?>
<!-- Generated by org.testng.reporters.JUnitReportReporter -->
<testsuite name="com.toutiao.cases.TjTest" tests="4" time="0.439" ignored="0" failures="0" timestamp="28 十一月 2019 08:11:04 GMT" skipped="0" hostname="LAPTOP-5VPLT75S" errors="0">
  <testcase name="getTj" time="0.172" classname="com.toutiao.cases.TjTest"/>
  <testcase name="getTj3" time="0.116" classname="com.toutiao.cases.TjTest"/>
  <testcase name="getTj2" time="0.109" classname="com.toutiao.cases.TjTest"/>
  <testcase name="getTj4" time="0.042" classname="com.toutiao.cases.TjTest"/>
</testsuite> <!-- com.toutiao.cases.TjTest -->
