<?xml version="1.0" encoding="UTF-8"?>
<!-- Generated by org.testng.reporters.JUnitReportReporter -->
<testsuite name="com.toutiao.cases.LoginTest" tests="2" time="1.018" ignored="0" failures="0" timestamp="02 Dec 2019 01:55:34 GMT" skipped="0" hostname="LAPTOP-5VPLT75S" errors="0">
  <testcase name="loginTrue" time="0.947" classname="com.toutiao.cases.LoginTest"/>
  <testcase name="loginFalse" time="0.071" classname="com.toutiao.cases.LoginTest"/>
</testsuite> <!-- com.toutiao.cases.LoginTest -->
