<?xml version="1.0" encoding="UTF-8"?>
<!-- Generated by org.testng.reporters.JUnitReportReporter -->
<testsuite name="com.toutiao.cases.LoginTest" tests="2" time="1.079" ignored="0" failures="0" timestamp="28 十一月 2019 08:47:56 GMT" skipped="0" hostname="LAPTOP-5VPLT75S" errors="0">
  <testcase name="loginFalse" time="0.068" classname="com.toutiao.cases.LoginTest"/>
  <testcase name="loginTrue" time="1.011" classname="com.toutiao.cases.LoginTest"/>
</testsuite> <!-- com.toutiao.cases.LoginTest -->
