<?xml version="1.0" encoding="UTF-8"?>
<!-- Generated by org.testng.reporters.JUnitReportReporter -->
<testsuite name="com.toutiao.cases.luntancase.ReplyTest" tests="1" time="0.741" ignored="0" failures="0" timestamp="23 十二月 2019 06:35:54 GMT" skipped="0" hostname="LAPTOP-5VPLT75S" errors="0">
  <testcase name="replyTest" time="0.741" classname="com.toutiao.cases.luntancase.ReplyTest"/>
</testsuite> <!-- com.toutiao.cases.luntancase.ReplyTest -->
