<?xml version="1.0" encoding="UTF-8"?>
<!-- Generated by org.testng.reporters.JUnitReportReporter -->
<testsuite name="com.toutiao.cases.toutiaocase.GsListTest" tests="2" time="0.194" ignored="0" failures="0" timestamp="03 Dec 2019 00:54:21 GMT" skipped="0" hostname="LAPTOP-5VPLT75S" errors="0">
  <testcase name="getGsList2" time="0.093" classname="com.toutiao.cases.toutiaocase.GsListTest"/>
  <testcase name="getGsList" time="0.101" classname="com.toutiao.cases.toutiaocase.GsListTest"/>
</testsuite> <!-- com.toutiao.cases.toutiaocase.GsListTest -->
