<?xml version="1.0" encoding="UTF-8"?>
<!-- Generated by org.testng.reporters.JUnitReportReporter -->
<testsuite name="com.toutiao.cases.toutiaocase.ShareTest" tests="3" time="0.000" ignored="0" failures="0" timestamp="03 Mar 2020 07:34:16 GMT" skipped="3" hostname="LAPTOP-5VPLT75S" errors="0">
  <testcase name="getShare3" time="0.000" classname="com.toutiao.cases.toutiaocase.ShareTest">
    <skipped/>
  </testcase> <!-- getShare3 -->
  <testcase name="getShare2" time="0.000" classname="com.toutiao.cases.toutiaocase.ShareTest">
    <skipped/>
  </testcase> <!-- getShare2 -->
  <testcase name="getShare" time="0.000" classname="com.toutiao.cases.toutiaocase.ShareTest">
    <skipped/>
  </testcase> <!-- getShare -->
</testsuite> <!-- com.toutiao.cases.toutiaocase.ShareTest -->
