<?xml version="1.0" encoding="UTF-8"?>
<!-- Generated by org.testng.reporters.JUnitReportReporter -->
<testsuite name="com.toutiao.cases.toutiaocase.GsListTest" tests="2" time="0.083" ignored="0" failures="0" timestamp="13 Dec 2019 11:36:41 GMT" skipped="0" hostname="LAPTOP-5VPLT75S" errors="0">
  <testcase name="getGsList" time="0.042" classname="com.toutiao.cases.toutiaocase.GsListTest"/>
  <testcase name="getGsList2" time="0.041" classname="com.toutiao.cases.toutiaocase.GsListTest"/>
</testsuite> <!-- com.toutiao.cases.toutiaocase.GsListTest -->
