<?xml version="1.0" encoding="UTF-8"?>
<!-- Generated by org.testng.reporters.JUnitReportReporter -->
<testsuite name="com.toutiao.cases.luntancase.ReplyTest" tests="1" time="0.000" ignored="0" failures="0" timestamp="03 Mar 2020 07:34:16 GMT" skipped="1" hostname="LAPTOP-5VPLT75S" errors="0">
  <testcase name="replyTest" time="0.000" classname="com.toutiao.cases.luntancase.ReplyTest">
    <skipped/>
  </testcase> <!-- replyTest -->
</testsuite> <!-- com.toutiao.cases.luntancase.ReplyTest -->
