<?xml version="1.0" encoding="UTF-8"?>
<!-- Generated by org.testng.reporters.JUnitReportReporter -->
<testsuite name="com.toutiao.cases.luntancase.GcListTest" tests="1" time="0.398" ignored="0" failures="0" timestamp="13 Dec 2019 11:36:41 GMT" skipped="0" hostname="LAPTOP-5VPLT75S" errors="0">
  <testcase name="gcList" time="0.398" classname="com.toutiao.cases.luntancase.GcListTest"/>
</testsuite> <!-- com.toutiao.cases.luntancase.GcListTest -->
