<?xml version="1.0" encoding="UTF-8"?>
<!-- Generated by org.testng.reporters.JUnitReportReporter -->
<testsuite name="com.toutiao.cases.luntancase.MyItemTest" tests="1" time="0.114" ignored="0" failures="0" timestamp="02 Jan 2020 02:20:31 GMT" skipped="0" hostname="LAPTOP-5VPLT75S" errors="0">
  <testcase name="getMyItem" time="0.114" classname="com.toutiao.cases.luntancase.MyItemTest"/>
</testsuite> <!-- com.toutiao.cases.luntancase.MyItemTest -->
