<?xml version="1.0" encoding="UTF-8"?>
<!-- Generated by org.testng.reporters.JUnitReportReporter -->
<testsuite name="com.toutiao.cases.TjTest" tests="4" time="0.441" ignored="0" failures="0" timestamp="28 十一月 2019 08:47:56 GMT" skipped="0" hostname="LAPTOP-5VPLT75S" errors="0">
  <testcase name="getTj" time="0.152" classname="com.toutiao.cases.TjTest"/>
  <testcase name="getTj3" time="0.125" classname="com.toutiao.cases.TjTest"/>
  <testcase name="getTj2" time="0.124" classname="com.toutiao.cases.TjTest"/>
  <testcase name="getTj4" time="0.040" classname="com.toutiao.cases.TjTest"/>
</testsuite> <!-- com.toutiao.cases.TjTest -->
