<?xml version="1.0" encoding="UTF-8"?>
<!-- Generated by org.testng.reporters.JUnitReportReporter -->
<testsuite name="com.toutiao.cases.luntancase.BbsLookTest" tests="1" time="0.864" ignored="0" failures="0" timestamp="17 Dec 2019 06:09:25 GMT" skipped="0" hostname="LAPTOP-5VPLT75S" errors="0">
  <testcase name="bbsLook" time="0.864" classname="com.toutiao.cases.luntancase.BbsLookTest"/>
</testsuite> <!-- com.toutiao.cases.luntancase.BbsLookTest -->
