<?xml version="1.0" encoding="UTF-8"?>
<!-- Generated by org.testng.reporters.JUnitReportReporter -->
<testsuite name="com.toutiao.cases.TjTest" tests="4" time="0.000" ignored="0" failures="0" timestamp="28 十一月 2019 08:16:18 GMT" skipped="4" hostname="LAPTOP-5VPLT75S" errors="0">
  <testcase name="getTj" time="0.000" classname="com.toutiao.cases.TjTest">
    <skipped/>
  </testcase> <!-- getTj -->
  <testcase name="getTj2" time="0.000" classname="com.toutiao.cases.TjTest">
    <skipped/>
  </testcase> <!-- getTj2 -->
  <testcase name="getTj4" time="0.000" classname="com.toutiao.cases.TjTest">
    <skipped/>
  </testcase> <!-- getTj4 -->
  <testcase name="getTj3" time="0.000" classname="com.toutiao.cases.TjTest">
    <skipped/>
  </testcase> <!-- getTj3 -->
</testsuite> <!-- com.toutiao.cases.TjTest -->
