<?xml version="1.0" encoding="UTF-8"?>
<!-- Generated by org.testng.reporters.JUnitReportReporter -->
<testsuite name="com.toutiao.cases.toutiaocase.LoginTest" tests="2" time="1.892" ignored="0" failures="0" timestamp="04 Jan 2020 08:17:00 GMT" skipped="0" hostname="LAPTOP-5VPLT75S" errors="0">
  <testcase name="loginTrue" time="1.706" classname="com.toutiao.cases.toutiaocase.LoginTest"/>
  <testcase name="loginFalse" time="0.186" classname="com.toutiao.cases.toutiaocase.LoginTest"/>
</testsuite> <!-- com.toutiao.cases.toutiaocase.LoginTest -->
