<?xml version="1.0" encoding="UTF-8"?>
<!-- Generated by org.testng.reporters.JUnitReportReporter -->
<testsuite name="com.toutiao.cases.luntancase.BbsLookTest" tests="1" time="1.080" ignored="0" failures="0" timestamp="03 Dec 2019 00:54:21 GMT" skipped="0" hostname="LAPTOP-5VPLT75S" errors="0">
  <testcase name="bbsLook" time="1.080" classname="com.toutiao.cases.luntancase.BbsLookTest"/>
</testsuite> <!-- com.toutiao.cases.luntancase.BbsLookTest -->
