<?xml version="1.0" encoding="UTF-8"?>
<!-- Generated by org.testng.reporters.JUnitReportReporter -->
<testsuite name="com.toutiao.cases.toutiaocase.GsListTest" tests="2" time="0.090" ignored="0" failures="0" timestamp="17 Dec 2019 06:09:25 GMT" skipped="0" hostname="LAPTOP-5VPLT75S" errors="0">
  <testcase name="getGsList" time="0.046" classname="com.toutiao.cases.toutiaocase.GsListTest"/>
  <testcase name="getGsList2" time="0.044" classname="com.toutiao.cases.toutiaocase.GsListTest"/>
</testsuite> <!-- com.toutiao.cases.toutiaocase.GsListTest -->
