<?xml version="1.0" encoding="UTF-8"?>
<!-- Generated by org.testng.reporters.JUnitReportReporter -->
<testsuite name="com.toutiao.cases.GsListTest" tests="2" time="0.158" ignored="0" failures="0" timestamp="02 Dec 2019 01:55:34 GMT" skipped="0" hostname="LAPTOP-5VPLT75S" errors="0">
  <testcase name="getGsList" time="0.108" classname="com.toutiao.cases.GsListTest"/>
  <testcase name="getGsList2" time="0.050" classname="com.toutiao.cases.GsListTest"/>
</testsuite> <!-- com.toutiao.cases.GsListTest -->
