<?xml version="1.0" encoding="UTF-8"?>
<!-- Generated by org.testng.reporters.JUnitReportReporter -->
<testsuite name="com.toutiao.cases.ReplyTest" tests="1" time="0.936" ignored="0" failures="0" timestamp="27 十一月 2019 07:09:37 GMT" skipped="0" hostname="LAPTOP-5VPLT75S" errors="0">
  <testcase name="replyTest" time="0.936" classname="com.toutiao.cases.ReplyTest"/>
</testsuite> <!-- com.toutiao.cases.ReplyTest -->
