<?xml version="1.0" encoding="UTF-8"?>
<!-- Generated by org.testng.reporters.JUnitReportReporter -->
<testsuite name="com.toutiao.cases.toutiaocase.ShareTest" tests="3" time="0.116" ignored="0" failures="0" timestamp="02 Jan 2020 02:20:31 GMT" skipped="0" hostname="LAPTOP-5VPLT75S" errors="0">
  <testcase name="getShare3" time="0.038" classname="com.toutiao.cases.toutiaocase.ShareTest"/>
  <testcase name="getShare2" time="0.038" classname="com.toutiao.cases.toutiaocase.ShareTest"/>
  <testcase name="getShare" time="0.040" classname="com.toutiao.cases.toutiaocase.ShareTest"/>
</testsuite> <!-- com.toutiao.cases.toutiaocase.ShareTest -->
